mode: set
github.com/ChainSafe/chainbridge-core/chains/evm/calls/calls.go:54.106,56.16 2 0
github.com/ChainSafe/chainbridge-core/chains/evm/calls/calls.go:61.2,72.16 4 0
github.com/ChainSafe/chainbridge-core/chains/evm/calls/calls.go:76.2,77.16 2 0
github.com/ChainSafe/chainbridge-core/chains/evm/calls/calls.go:81.2,82.16 2 0
github.com/ChainSafe/chainbridge-core/chains/evm/calls/calls.go:56.16,59.3 2 0
github.com/ChainSafe/chainbridge-core/chains/evm/calls/calls.go:72.16,75.3 2 0
github.com/ChainSafe/chainbridge-core/chains/evm/calls/calls.go:77.16,80.3 2 0
github.com/ChainSafe/chainbridge-core/chains/evm/calls/util.go:15.48,20.2 4 1
github.com/ChainSafe/chainbridge-core/chains/evm/calls/util.go:22.41,26.2 3 0
github.com/ChainSafe/chainbridge-core/chains/evm/calls/util.go:30.61,35.23 2 1
github.com/ChainSafe/chainbridge-core/chains/evm/calls/util.go:38.2,38.22 1 1
github.com/ChainSafe/chainbridge-core/chains/evm/calls/util.go:41.2,41.18 1 1
github.com/ChainSafe/chainbridge-core/chains/evm/calls/util.go:44.2,44.25 1 1
github.com/ChainSafe/chainbridge-core/chains/evm/calls/util.go:47.2,47.12 1 1
github.com/ChainSafe/chainbridge-core/chains/evm/calls/util.go:35.23,37.3 1 1
github.com/ChainSafe/chainbridge-core/chains/evm/calls/util.go:38.22,40.3 1 1
github.com/ChainSafe/chainbridge-core/chains/evm/calls/util.go:41.18,43.3 1 1
github.com/ChainSafe/chainbridge-core/chains/evm/calls/util.go:44.25,46.3 1 1
github.com/ChainSafe/chainbridge-core/chains/evm/calls/util.go:52.73,54.9 2 1
github.com/ChainSafe/chainbridge-core/chains/evm/calls/util.go:57.2,61.9 4 1
github.com/ChainSafe/chainbridge-core/chains/evm/calls/util.go:65.2,65.15 1 1
github.com/ChainSafe/chainbridge-core/chains/evm/calls/util.go:54.9,56.3 1 0
github.com/ChainSafe/chainbridge-core/chains/evm/calls/util.go:61.9,63.3 1 0
github.com/ChainSafe/chainbridge-core/chains/evm/calls/util.go:68.78,70.9 2 0
github.com/ChainSafe/chainbridge-core/chains/evm/calls/util.go:73.2,73.96 1 0
github.com/ChainSafe/chainbridge-core/chains/evm/calls/util.go:70.9,72.3 1 0
github.com/ChainSafe/chainbridge-core/chains/evm/calls/contracts/contract.go:30.12,38.2 1 1
github.com/ChainSafe/chainbridge-core/chains/evm/calls/contracts/contract.go:40.54,42.2 1 0
github.com/ChainSafe/chainbridge-core/chains/evm/calls/contracts/contract.go:44.83,46.16 2 1
github.com/ChainSafe/chainbridge-core/chains/evm/calls/contracts/contract.go:50.2,50.19 1 1
github.com/ChainSafe/chainbridge-core/chains/evm/calls/contracts/contract.go:46.16,49.3 2 1
github.com/ChainSafe/chainbridge-core/chains/evm/calls/contracts/contract.go:53.86,55.16 2 1
github.com/ChainSafe/chainbridge-core/chains/evm/calls/contracts/contract.go:59.2,59.17 1 0
github.com/ChainSafe/chainbridge-core/chains/evm/calls/contracts/contract.go:55.16,58.3 2 1
github.com/ChainSafe/chainbridge-core/chains/evm/calls/contracts/contract.go:62.130,64.16 2 1
github.com/ChainSafe/chainbridge-core/chains/evm/calls/contracts/contract.go:67.2,68.16 2 1
github.com/ChainSafe/chainbridge-core/chains/evm/calls/contracts/contract.go:75.2,79.15 2 1
github.com/ChainSafe/chainbridge-core/chains/evm/calls/contracts/contract.go:64.16,66.3 1 1
github.com/ChainSafe/chainbridge-core/chains/evm/calls/contracts/contract.go:68.16,74.3 2 1
github.com/ChainSafe/chainbridge-core/chains/evm/calls/contracts/contract.go:82.92,84.16 2 1
github.com/ChainSafe/chainbridge-core/chains/evm/calls/contracts/contract.go:87.2,89.16 3 1
github.com/ChainSafe/chainbridge-core/chains/evm/calls/contracts/contract.go:96.2,96.19 1 0
github.com/ChainSafe/chainbridge-core/chains/evm/calls/contracts/contract.go:104.2,107.36 2 0
github.com/ChainSafe/chainbridge-core/chains/evm/calls/contracts/contract.go:84.16,86.3 1 1
github.com/ChainSafe/chainbridge-core/chains/evm/calls/contracts/contract.go:89.16,95.3 2 1
github.com/ChainSafe/chainbridge-core/chains/evm/calls/contracts/contract.go:96.19,98.93 1 0
github.com/ChainSafe/chainbridge-core/chains/evm/calls/contracts/contract.go:98.93,100.4 1 0
github.com/ChainSafe/chainbridge-core/chains/evm/calls/contracts/contract.go:100.9,100.28 1 0
github.com/ChainSafe/chainbridge-core/chains/evm/calls/contracts/contract.go:100.28,102.4 1 0
github.com/ChainSafe/chainbridge-core/chains/evm/calls/contracts/contract.go:110.82,112.16 2 1
github.com/ChainSafe/chainbridge-core/chains/evm/calls/contracts/contract.go:115.2,117.16 3 1
github.com/ChainSafe/chainbridge-core/chains/evm/calls/contracts/contract.go:120.2,121.16 2 1
github.com/ChainSafe/chainbridge-core/chains/evm/calls/contracts/contract.go:124.2,130.21 4 0
github.com/ChainSafe/chainbridge-core/chains/evm/calls/contracts/contract.go:112.16,114.3 1 1
github.com/ChainSafe/chainbridge-core/chains/evm/calls/contracts/contract.go:117.16,119.3 1 1
github.com/ChainSafe/chainbridge-core/chains/evm/calls/contracts/contract.go:121.16,123.3 1 1
github.com/ChainSafe/chainbridge-core/chains/evm/calls/contracts/bridge/bridge.go:32.19,36.2 3 1
github.com/ChainSafe/chainbridge-core/chains/evm/calls/contracts/bridge/bridge.go:41.25,48.2 2 1
github.com/ChainSafe/chainbridge-core/chains/evm/calls/contracts/bridge/bridge.go:58.25,65.2 2 1
github.com/ChainSafe/chainbridge-core/chains/evm/calls/contracts/bridge/bridge.go:72.25,79.2 2 1
github.com/ChainSafe/chainbridge-core/chains/evm/calls/contracts/bridge/bridge.go:85.25,92.2 2 1
github.com/ChainSafe/chainbridge-core/chains/evm/calls/contracts/bridge/bridge.go:97.25,104.2 2 1
github.com/ChainSafe/chainbridge-core/chains/evm/calls/contracts/bridge/bridge.go:110.25,117.2 2 1
github.com/ChainSafe/chainbridge-core/chains/evm/calls/contracts/bridge/bridge.go:125.25,131.2 1 1
github.com/ChainSafe/chainbridge-core/chains/evm/calls/contracts/bridge/bridge.go:144.25,151.24 3 1
github.com/ChainSafe/chainbridge-core/chains/evm/calls/contracts/bridge/bridge.go:157.2,161.16 3 1
github.com/ChainSafe/chainbridge-core/chains/evm/calls/contracts/bridge/bridge.go:165.2,165.20 1 1
github.com/ChainSafe/chainbridge-core/chains/evm/calls/contracts/bridge/bridge.go:151.24,153.3 1 1
github.com/ChainSafe/chainbridge-core/chains/evm/calls/contracts/bridge/bridge.go:153.8,155.3 1 0
github.com/ChainSafe/chainbridge-core/chains/evm/calls/contracts/bridge/bridge.go:161.16,164.3 2 0
github.com/ChainSafe/chainbridge-core/chains/evm/calls/contracts/bridge/bridge.go:180.25,187.24 3 1
github.com/ChainSafe/chainbridge-core/chains/evm/calls/contracts/bridge/bridge.go:193.2,197.16 3 1
github.com/ChainSafe/chainbridge-core/chains/evm/calls/contracts/bridge/bridge.go:201.2,201.20 1 1
github.com/ChainSafe/chainbridge-core/chains/evm/calls/contracts/bridge/bridge.go:187.24,189.3 1 1
github.com/ChainSafe/chainbridge-core/chains/evm/calls/contracts/bridge/bridge.go:189.8,191.3 1 0
github.com/ChainSafe/chainbridge-core/chains/evm/calls/contracts/bridge/bridge.go:197.16,200.3 2 0
github.com/ChainSafe/chainbridge-core/chains/evm/calls/contracts/bridge/bridge.go:214.25,224.16 5 1
github.com/ChainSafe/chainbridge-core/chains/evm/calls/contracts/bridge/bridge.go:228.2,228.20 1 1
github.com/ChainSafe/chainbridge-core/chains/evm/calls/contracts/bridge/bridge.go:224.16,227.3 2 0
github.com/ChainSafe/chainbridge-core/chains/evm/calls/contracts/bridge/bridge.go:234.25,245.2 2 1
github.com/ChainSafe/chainbridge-core/chains/evm/calls/contracts/bridge/bridge.go:250.25,261.2 2 1
github.com/ChainSafe/chainbridge-core/chains/evm/calls/contracts/bridge/bridge.go:263.82,274.2 3 1
github.com/ChainSafe/chainbridge-core/chains/evm/calls/contracts/bridge/bridge.go:276.87,282.2 2 1
github.com/ChainSafe/chainbridge-core/chains/evm/calls/contracts/bridge/bridge.go:284.89,290.2 2 1
github.com/ChainSafe/chainbridge-core/chains/evm/calls/contracts/bridge/bridge.go:298.25,309.2 5 1
github.com/ChainSafe/chainbridge-core/chains/evm/calls/contracts/bridge/bridge.go:311.56,314.16 3 1
github.com/ChainSafe/chainbridge-core/chains/evm/calls/contracts/bridge/bridge.go:317.2,318.17 2 1
github.com/ChainSafe/chainbridge-core/chains/evm/calls/contracts/bridge/bridge.go:314.16,316.3 1 0
github.com/ChainSafe/chainbridge-core/chains/evm/calls/contracts/bridge/bridge.go:321.81,324.16 3 1
github.com/ChainSafe/chainbridge-core/chains/evm/calls/contracts/bridge/bridge.go:327.2,328.18 2 1
github.com/ChainSafe/chainbridge-core/chains/evm/calls/contracts/bridge/bridge.go:324.16,326.3 1 0
github.com/ChainSafe/chainbridge-core/chains/evm/calls/contracts/bridge/bridge.go:331.95,338.16 3 1
github.com/ChainSafe/chainbridge-core/chains/evm/calls/contracts/bridge/bridge.go:341.2,342.17 2 1
github.com/ChainSafe/chainbridge-core/chains/evm/calls/contracts/bridge/bridge.go:338.16,340.3 1 1
github.com/ChainSafe/chainbridge-core/chains/evm/calls/contracts/bridge/bridge.go:345.99,352.16 3 1
github.com/ChainSafe/chainbridge-core/chains/evm/calls/contracts/bridge/bridge.go:355.2,356.17 2 1
github.com/ChainSafe/chainbridge-core/chains/evm/calls/contracts/bridge/bridge.go:352.16,354.3 1 0
github.com/ChainSafe/chainbridge-core/chains/evm/calls/contracts/bridge/bridge.go:361.27,364.16 3 1
github.com/ChainSafe/chainbridge-core/chains/evm/calls/contracts/bridge/bridge.go:367.2,368.17 2 1
github.com/ChainSafe/chainbridge-core/chains/evm/calls/contracts/bridge/bridge.go:364.16,366.3 1 0
github.com/ChainSafe/chainbridge-core/chains/evm/calls/contracts/bridge/bridge.go:374.25,381.2 2 0
github.com/ChainSafe/chainbridge-core/chains/evm/calls/contracts/bridge/bridge.go:383.53,388.2 4 1
github.com/ChainSafe/chainbridge-core/chains/evm/calls/contracts/centrifuge/assetStore.go:24.23,28.2 3 1
github.com/ChainSafe/chainbridge-core/chains/evm/calls/contracts/centrifuge/assetStore.go:30.83,35.16 3 1
github.com/ChainSafe/chainbridge-core/chains/evm/calls/contracts/centrifuge/assetStore.go:39.2,40.27 2 1
github.com/ChainSafe/chainbridge-core/chains/evm/calls/contracts/centrifuge/assetStore.go:35.16,37.3 1 1
github.com/ChainSafe/chainbridge-core/chains/evm/calls/contracts/erc20/erc20.go:24.18,28.2 3 1
github.com/ChainSafe/chainbridge-core/chains/evm/calls/contracts/erc20/erc20.go:30.78,33.16 3 1
github.com/ChainSafe/chainbridge-core/chains/evm/calls/contracts/erc20/erc20.go:36.2,37.15 2 1
github.com/ChainSafe/chainbridge-core/chains/evm/calls/contracts/erc20/erc20.go:33.16,35.3 1 0
github.com/ChainSafe/chainbridge-core/chains/evm/calls/contracts/erc20/erc20.go:44.25,47.2 2 1
github.com/ChainSafe/chainbridge-core/chains/evm/calls/contracts/erc20/erc20.go:53.25,56.2 2 1
github.com/ChainSafe/chainbridge-core/chains/evm/calls/contracts/erc20/erc20.go:58.56,60.16 2 1
github.com/ChainSafe/chainbridge-core/chains/evm/calls/contracts/erc20/erc20.go:63.2,64.17 2 1
github.com/ChainSafe/chainbridge-core/chains/evm/calls/contracts/erc20/erc20.go:60.16,62.3 1 0
github.com/ChainSafe/chainbridge-core/chains/evm/calls/contracts/erc20/erc20.go:70.25,73.16 3 1
github.com/ChainSafe/chainbridge-core/chains/evm/calls/contracts/erc20/erc20.go:76.2,76.62 1 1
github.com/ChainSafe/chainbridge-core/chains/evm/calls/contracts/erc20/erc20.go:73.16,75.3 1 0
github.com/ChainSafe/chainbridge-core/chains/evm/calls/contracts/erc20/erc20Handler.go:21.25,25.2 3 0
github.com/ChainSafe/chainbridge-core/chains/evm/calls/contracts/erc721/erc721.go:24.19,28.2 3 1
github.com/ChainSafe/chainbridge-core/chains/evm/calls/contracts/erc721/erc721.go:32.25,35.16 3 1
github.com/ChainSafe/chainbridge-core/chains/evm/calls/contracts/erc721/erc721.go:38.2,38.62 1 1
github.com/ChainSafe/chainbridge-core/chains/evm/calls/contracts/erc721/erc721.go:35.16,37.3 1 0
github.com/ChainSafe/chainbridge-core/chains/evm/calls/contracts/erc721/erc721.go:43.25,46.2 2 1
github.com/ChainSafe/chainbridge-core/chains/evm/calls/contracts/erc721/erc721.go:50.25,53.2 2 1
github.com/ChainSafe/chainbridge-core/chains/evm/calls/contracts/erc721/erc721.go:55.75,58.16 3 0
github.com/ChainSafe/chainbridge-core/chains/evm/calls/contracts/erc721/erc721.go:62.2,63.23 2 0
github.com/ChainSafe/chainbridge-core/chains/evm/calls/contracts/erc721/erc721.go:58.16,60.3 1 0
github.com/ChainSafe/chainbridge-core/chains/evm/calls/contracts/erc721/erc721.go:66.57,68.16 2 1
github.com/ChainSafe/chainbridge-core/chains/evm/calls/contracts/erc721/erc721.go:71.2,72.17 2 1
github.com/ChainSafe/chainbridge-core/chains/evm/calls/contracts/erc721/erc721.go:68.16,70.3 1 0
github.com/ChainSafe/chainbridge-core/chains/evm/calls/contracts/erc721/erc721Handler.go:21.26,25.2 3 0
github.com/ChainSafe/chainbridge-core/chains/evm/calls/evmclient/evm-client.go:71.91,73.16 2 0
github.com/ChainSafe/chainbridge-core/chains/evm/calls/evmclient/evm-client.go:76.2,81.15 6 0
github.com/ChainSafe/chainbridge-core/chains/evm/calls/evmclient/evm-client.go:73.16,75.3 1 0
github.com/ChainSafe/chainbridge-core/chains/evm/calls/evmclient/evm-client.go:86.61,91.16 4 0
github.com/ChainSafe/chainbridge-core/chains/evm/calls/evmclient/evm-client.go:94.2,98.16 4 0
github.com/ChainSafe/chainbridge-core/chains/evm/calls/evmclient/evm-client.go:101.2,105.15 4 0
github.com/ChainSafe/chainbridge-core/chains/evm/calls/evmclient/evm-client.go:91.16,93.3 1 0
github.com/ChainSafe/chainbridge-core/chains/evm/calls/evmclient/evm-client.go:98.16,100.3 1 0
github.com/ChainSafe/chainbridge-core/chains/evm/calls/evmclient/evm-client.go:108.127,110.2 1 0
github.com/ChainSafe/chainbridge-core/chains/evm/calls/evmclient/evm-client.go:113.53,116.31 3 0
github.com/ChainSafe/chainbridge-core/chains/evm/calls/evmclient/evm-client.go:119.2,119.16 1 0
github.com/ChainSafe/chainbridge-core/chains/evm/calls/evmclient/evm-client.go:122.2,122.25 1 0
github.com/ChainSafe/chainbridge-core/chains/evm/calls/evmclient/evm-client.go:116.31,118.3 1 0
github.com/ChainSafe/chainbridge-core/chains/evm/calls/evmclient/evm-client.go:119.16,121.3 1 0
github.com/ChainSafe/chainbridge-core/chains/evm/calls/evmclient/evm-client.go:129.58,134.52 3 0
github.com/ChainSafe/chainbridge-core/chains/evm/calls/evmclient/evm-client.go:137.2,137.23 1 0
github.com/ChainSafe/chainbridge-core/chains/evm/calls/evmclient/evm-client.go:140.2,141.12 2 0
github.com/ChainSafe/chainbridge-core/chains/evm/calls/evmclient/evm-client.go:134.52,136.3 1 0
github.com/ChainSafe/chainbridge-core/chains/evm/calls/evmclient/evm-client.go:137.23,139.3 1 0
github.com/ChainSafe/chainbridge-core/chains/evm/calls/evmclient/evm-client.go:144.83,146.16 2 0
github.com/ChainSafe/chainbridge-core/chains/evm/calls/evmclient/evm-client.go:158.2,158.45 1 0
github.com/ChainSafe/chainbridge-core/chains/evm/calls/evmclient/evm-client.go:146.16,148.17 2 0
github.com/ChainSafe/chainbridge-core/chains/evm/calls/evmclient/evm-client.go:153.3,153.26 1 0
github.com/ChainSafe/chainbridge-core/chains/evm/calls/evmclient/evm-client.go:156.3,156.22 1 0
github.com/ChainSafe/chainbridge-core/chains/evm/calls/evmclient/evm-client.go:148.17,151.12 3 0
github.com/ChainSafe/chainbridge-core/chains/evm/calls/evmclient/evm-client.go:153.26,155.4 1 0
github.com/ChainSafe/chainbridge-core/chains/evm/calls/evmclient/evm-client.go:161.108,163.2 1 0
github.com/ChainSafe/chainbridge-core/chains/evm/calls/evmclient/evm-client.go:165.155,167.16 2 0
github.com/ChainSafe/chainbridge-core/chains/evm/calls/evmclient/evm-client.go:170.2,173.16 3 0
github.com/ChainSafe/chainbridge-core/chains/evm/calls/evmclient/evm-client.go:177.2,177.25 1 0
github.com/ChainSafe/chainbridge-core/chains/evm/calls/evmclient/evm-client.go:190.2,190.25 1 0
github.com/ChainSafe/chainbridge-core/chains/evm/calls/evmclient/evm-client.go:167.16,169.3 1 0
github.com/ChainSafe/chainbridge-core/chains/evm/calls/evmclient/evm-client.go:173.16,175.3 1 0
github.com/ChainSafe/chainbridge-core/chains/evm/calls/evmclient/evm-client.go:177.25,179.17 2 0
github.com/ChainSafe/chainbridge-core/chains/evm/calls/evmclient/evm-client.go:184.3,187.40 3 0
github.com/ChainSafe/chainbridge-core/chains/evm/calls/evmclient/evm-client.go:179.17,181.12 2 0
github.com/ChainSafe/chainbridge-core/chains/evm/calls/evmclient/evm-client.go:193.91,197.16 3 1
github.com/ChainSafe/chainbridge-core/chains/evm/calls/evmclient/evm-client.go:201.2,201.17 1 1
github.com/ChainSafe/chainbridge-core/chains/evm/calls/evmclient/evm-client.go:197.16,199.3 1 1
github.com/ChainSafe/chainbridge-core/chains/evm/calls/evmclient/evm-client.go:204.164,206.2 1 0
github.com/ChainSafe/chainbridge-core/chains/evm/calls/evmclient/evm-client.go:209.78,211.2 1 0
github.com/ChainSafe/chainbridge-core/chains/evm/calls/evmclient/evm-client.go:213.126,216.16 3 0
github.com/ChainSafe/chainbridge-core/chains/evm/calls/evmclient/evm-client.go:219.2,219.17 1 0
github.com/ChainSafe/chainbridge-core/chains/evm/calls/evmclient/evm-client.go:216.16,218.3 1 0
github.com/ChainSafe/chainbridge-core/chains/evm/calls/evmclient/evm-client.go:222.119,224.16 2 0
github.com/ChainSafe/chainbridge-core/chains/evm/calls/evmclient/evm-client.go:227.2,227.12 1 0
github.com/ChainSafe/chainbridge-core/chains/evm/calls/evmclient/evm-client.go:224.16,226.3 1 0
github.com/ChainSafe/chainbridge-core/chains/evm/calls/evmclient/evm-client.go:230.111,233.16 3 0
github.com/ChainSafe/chainbridge-core/chains/evm/calls/evmclient/evm-client.go:236.2,236.17 1 0
github.com/ChainSafe/chainbridge-core/chains/evm/calls/evmclient/evm-client.go:233.16,235.3 1 0
github.com/ChainSafe/chainbridge-core/chains/evm/calls/evmclient/evm-client.go:239.43,241.2 1 0
github.com/ChainSafe/chainbridge-core/chains/evm/calls/evmclient/evm-client.go:243.108,245.16 2 0
github.com/ChainSafe/chainbridge-core/chains/evm/calls/evmclient/evm-client.go:250.2,251.16 2 0
github.com/ChainSafe/chainbridge-core/chains/evm/calls/evmclient/evm-client.go:254.2,255.16 2 0
github.com/ChainSafe/chainbridge-core/chains/evm/calls/evmclient/evm-client.go:258.2,258.23 1 0
github.com/ChainSafe/chainbridge-core/chains/evm/calls/evmclient/evm-client.go:245.16,249.3 1 0
github.com/ChainSafe/chainbridge-core/chains/evm/calls/evmclient/evm-client.go:251.16,253.3 1 0
github.com/ChainSafe/chainbridge-core/chains/evm/calls/evmclient/evm-client.go:255.16,257.3 1 0
github.com/ChainSafe/chainbridge-core/chains/evm/calls/evmclient/evm-client.go:261.53,263.2 1 0
github.com/ChainSafe/chainbridge-core/chains/evm/calls/evmclient/evm-client.go:265.33,267.2 1 0
github.com/ChainSafe/chainbridge-core/chains/evm/calls/evmclient/evm-client.go:269.35,271.2 1 0
github.com/ChainSafe/chainbridge-core/chains/evm/calls/evmclient/evm-client.go:273.53,275.27 2 0
github.com/ChainSafe/chainbridge-core/chains/evm/calls/evmclient/evm-client.go:287.2,287.17 1 0
github.com/ChainSafe/chainbridge-core/chains/evm/calls/evmclient/evm-client.go:275.27,276.21 1 0
github.com/ChainSafe/chainbridge-core/chains/evm/calls/evmclient/evm-client.go:285.3,285.22 1 0
github.com/ChainSafe/chainbridge-core/chains/evm/calls/evmclient/evm-client.go:276.21,278.18 2 0
github.com/ChainSafe/chainbridge-core/chains/evm/calls/evmclient/evm-client.go:282.4,283.23 2 0
github.com/ChainSafe/chainbridge-core/chains/evm/calls/evmclient/evm-client.go:278.18,280.13 2 0
github.com/ChainSafe/chainbridge-core/chains/evm/calls/evmclient/evm-client.go:290.49,292.16 2 0
github.com/ChainSafe/chainbridge-core/chains/evm/calls/evmclient/evm-client.go:295.2,296.12 2 0
github.com/ChainSafe/chainbridge-core/chains/evm/calls/evmclient/evm-client.go:292.16,294.3 1 0
github.com/ChainSafe/chainbridge-core/chains/evm/calls/evmclient/evm-client.go:299.49,301.16 2 0
github.com/ChainSafe/chainbridge-core/chains/evm/calls/evmclient/evm-client.go:304.2,304.26 1 0
github.com/ChainSafe/chainbridge-core/chains/evm/calls/evmclient/evm-client.go:301.16,303.3 1 0
github.com/ChainSafe/chainbridge-core/chains/evm/calls/evmclient/evm-client.go:307.44,308.19 1 0
github.com/ChainSafe/chainbridge-core/chains/evm/calls/evmclient/evm-client.go:311.2,311.34 1 0
github.com/ChainSafe/chainbridge-core/chains/evm/calls/evmclient/evm-client.go:308.19,310.3 1 0
github.com/ChainSafe/chainbridge-core/chains/evm/calls/evmclient/evm-client.go:315.115,325.2 2 0
github.com/ChainSafe/chainbridge-core/chains/evm/calls/evmgaspricer/gas-pricer.go:25.80,31.2 5 1
github.com/ChainSafe/chainbridge-core/chains/evm/calls/evmgaspricer/london.go:13.102,15.2 1 1
github.com/ChainSafe/chainbridge-core/chains/evm/calls/evmgaspricer/london.go:17.91,19.16 2 1
github.com/ChainSafe/chainbridge-core/chains/evm/calls/evmgaspricer/london.go:22.2,24.20 2 1
github.com/ChainSafe/chainbridge-core/chains/evm/calls/evmgaspricer/london.go:30.2,31.16 2 1
github.com/ChainSafe/chainbridge-core/chains/evm/calls/evmgaspricer/london.go:34.2,36.23 3 1
github.com/ChainSafe/chainbridge-core/chains/evm/calls/evmgaspricer/london.go:19.16,21.3 1 0
github.com/ChainSafe/chainbridge-core/chains/evm/calls/evmgaspricer/london.go:24.20,29.3 2 0
github.com/ChainSafe/chainbridge-core/chains/evm/calls/evmgaspricer/london.go:31.16,33.3 1 0
github.com/ChainSafe/chainbridge-core/chains/evm/calls/evmgaspricer/london.go:39.79,41.2 1 0
github.com/ChainSafe/chainbridge-core/chains/evm/calls/evmgaspricer/london.go:42.74,44.2 1 0
github.com/ChainSafe/chainbridge-core/chains/evm/calls/evmgaspricer/london.go:48.109,55.127 3 1
github.com/ChainSafe/chainbridge-core/chains/evm/calls/evmgaspricer/london.go:61.2,62.16 2 1
github.com/ChainSafe/chainbridge-core/chains/evm/calls/evmgaspricer/london.go:65.2,71.133 2 1
github.com/ChainSafe/chainbridge-core/chains/evm/calls/evmgaspricer/london.go:75.2,75.48 1 1
github.com/ChainSafe/chainbridge-core/chains/evm/calls/evmgaspricer/london.go:55.127,59.3 3 1
github.com/ChainSafe/chainbridge-core/chains/evm/calls/evmgaspricer/london.go:62.16,64.3 1 0
github.com/ChainSafe/chainbridge-core/chains/evm/calls/evmgaspricer/london.go:71.133,74.3 2 1
github.com/ChainSafe/chainbridge-core/chains/evm/calls/evmgaspricer/static.go:22.106,25.2 1 1
github.com/ChainSafe/chainbridge-core/chains/evm/calls/evmgaspricer/static.go:27.79,29.2 1 0
github.com/ChainSafe/chainbridge-core/chains/evm/calls/evmgaspricer/static.go:30.74,32.2 1 0
github.com/ChainSafe/chainbridge-core/chains/evm/calls/evmgaspricer/static.go:34.91,37.16 3 1
github.com/ChainSafe/chainbridge-core/chains/evm/calls/evmgaspricer/static.go:40.2,40.27 1 1
github.com/ChainSafe/chainbridge-core/chains/evm/calls/evmgaspricer/static.go:50.2,52.23 3 1
github.com/ChainSafe/chainbridge-core/chains/evm/calls/evmgaspricer/static.go:37.16,39.3 1 1
github.com/ChainSafe/chainbridge-core/chains/evm/calls/evmgaspricer/static.go:40.27,41.43 1 1
github.com/ChainSafe/chainbridge-core/chains/evm/calls/evmgaspricer/static.go:44.3,44.48 1 1
github.com/ChainSafe/chainbridge-core/chains/evm/calls/evmgaspricer/static.go:41.43,43.4 1 1
github.com/ChainSafe/chainbridge-core/chains/evm/calls/evmgaspricer/static.go:44.48,45.55 1 1
github.com/ChainSafe/chainbridge-core/chains/evm/calls/evmgaspricer/static.go:45.55,47.5 1 1
github.com/ChainSafe/chainbridge-core/chains/evm/calls/evmtransaction/evm-tx.go:22.89,24.16 2 1
github.com/ChainSafe/chainbridge-core/chains/evm/calls/evmtransaction/evm-tx.go:27.2,28.16 2 1
github.com/ChainSafe/chainbridge-core/chains/evm/calls/evmtransaction/evm-tx.go:31.2,34.16 3 1
github.com/ChainSafe/chainbridge-core/chains/evm/calls/evmtransaction/evm-tx.go:38.2,38.18 1 1
github.com/ChainSafe/chainbridge-core/chains/evm/calls/evmtransaction/evm-tx.go:24.16,26.3 1 0
github.com/ChainSafe/chainbridge-core/chains/evm/calls/evmtransaction/evm-tx.go:28.16,30.3 1 0
github.com/ChainSafe/chainbridge-core/chains/evm/calls/evmtransaction/evm-tx.go:34.16,36.3 1 0
github.com/ChainSafe/chainbridge-core/chains/evm/calls/evmtransaction/evm-tx.go:42.161,44.24 1 1
github.com/ChainSafe/chainbridge-core/chains/evm/calls/evmtransaction/evm-tx.go:44.24,46.3 1 1
github.com/ChainSafe/chainbridge-core/chains/evm/calls/evmtransaction/evm-tx.go:46.8,48.3 1 1
github.com/ChainSafe/chainbridge-core/chains/evm/calls/evmtransaction/evm-tx.go:51.156,62.2 2 1
github.com/ChainSafe/chainbridge-core/chains/evm/calls/evmtransaction/evm-tx.go:64.125,74.2 2 1
github.com/ChainSafe/chainbridge-core/chains/evm/calls/evmtransaction/evm-tx.go:76.33,78.2 1 0
github.com/ChainSafe/chainbridge-core/chains/evm/calls/transactor/itx/itx.go:65.107,71.2 1 1
github.com/ChainSafe/chainbridge-core/chains/evm/calls/transactor/itx/itx.go:74.124,76.16 2 1
github.com/ChainSafe/chainbridge-core/chains/evm/calls/transactor/itx/itx.go:79.2,85.16 5 1
github.com/ChainSafe/chainbridge-core/chains/evm/calls/transactor/itx/itx.go:88.2,91.16 3 1
github.com/ChainSafe/chainbridge-core/chains/evm/calls/transactor/itx/itx.go:96.2,102.16 3 1
github.com/ChainSafe/chainbridge-core/chains/evm/calls/transactor/itx/itx.go:106.2,107.16 2 1
github.com/ChainSafe/chainbridge-core/chains/evm/calls/transactor/itx/itx.go:111.2,112.16 2 1
github.com/ChainSafe/chainbridge-core/chains/evm/calls/transactor/itx/itx.go:76.16,78.3 1 0
github.com/ChainSafe/chainbridge-core/chains/evm/calls/transactor/itx/itx.go:85.16,87.3 1 1
github.com/ChainSafe/chainbridge-core/chains/evm/calls/transactor/itx/itx.go:91.16,93.3 1 1
github.com/ChainSafe/chainbridge-core/chains/evm/calls/transactor/itx/itx.go:102.16,104.3 1 0
github.com/ChainSafe/chainbridge-core/chains/evm/calls/transactor/itx/itx.go:107.16,109.3 1 1
github.com/ChainSafe/chainbridge-core/chains/evm/calls/transactor/itx/itx.go:115.76,134.16 7 1
github.com/ChainSafe/chainbridge-core/chains/evm/calls/transactor/itx/itx.go:138.2,142.16 5 1
github.com/ChainSafe/chainbridge-core/chains/evm/calls/transactor/itx/itx.go:146.2,150.8 1 1
github.com/ChainSafe/chainbridge-core/chains/evm/calls/transactor/itx/itx.go:134.16,136.3 1 0
github.com/ChainSafe/chainbridge-core/chains/evm/calls/transactor/itx/itx.go:142.16,144.3 1 0
github.com/ChainSafe/chainbridge-core/chains/evm/calls/transactor/itx/itx.go:153.110,166.16 5 1
github.com/ChainSafe/chainbridge-core/chains/evm/calls/transactor/itx/itx.go:170.2,170.66 1 1
github.com/ChainSafe/chainbridge-core/chains/evm/calls/transactor/itx/itx.go:166.16,168.3 1 1
github.com/ChainSafe/chainbridge-core/chains/evm/calls/transactor/itx/minimalForwarder.go:39.146,46.2 1 1
github.com/ChainSafe/chainbridge-core/chains/evm/calls/transactor/itx/minimalForwarder.go:49.40,51.2 1 1
github.com/ChainSafe/chainbridge-core/chains/evm/calls/transactor/itx/minimalForwarder.go:56.42,58.16 2 1
github.com/ChainSafe/chainbridge-core/chains/evm/calls/transactor/itx/minimalForwarder.go:62.2,62.22 1 1
github.com/ChainSafe/chainbridge-core/chains/evm/calls/transactor/itx/minimalForwarder.go:58.16,60.3 1 1
github.com/ChainSafe/chainbridge-core/chains/evm/calls/transactor/itx/minimalForwarder.go:70.60,71.20 1 1
github.com/ChainSafe/chainbridge-core/chains/evm/calls/transactor/itx/minimalForwarder.go:93.2,94.19 2 1
github.com/ChainSafe/chainbridge-core/chains/evm/calls/transactor/itx/minimalForwarder.go:71.20,73.17 2 1
github.com/ChainSafe/chainbridge-core/chains/evm/calls/transactor/itx/minimalForwarder.go:77.3,79.17 3 1
github.com/ChainSafe/chainbridge-core/chains/evm/calls/transactor/itx/minimalForwarder.go:83.3,84.42 2 1
github.com/ChainSafe/chainbridge-core/chains/evm/calls/transactor/itx/minimalForwarder.go:90.3,90.18 1 1
github.com/ChainSafe/chainbridge-core/chains/evm/calls/transactor/itx/minimalForwarder.go:73.17,75.4 1 1
github.com/ChainSafe/chainbridge-core/chains/evm/calls/transactor/itx/minimalForwarder.go:79.17,81.4 1 1
github.com/ChainSafe/chainbridge-core/chains/evm/calls/transactor/itx/minimalForwarder.go:84.42,86.4 1 1
github.com/ChainSafe/chainbridge-core/chains/evm/calls/transactor/itx/minimalForwarder.go:86.9,88.4 1 1
github.com/ChainSafe/chainbridge-core/chains/evm/calls/transactor/itx/minimalForwarder.go:99.50,101.2 1 1
github.com/ChainSafe/chainbridge-core/chains/evm/calls/transactor/itx/minimalForwarder.go:103.62,105.2 1 1
github.com/ChainSafe/chainbridge-core/chains/evm/calls/transactor/itx/minimalForwarder.go:107.47,109.2 1 1
github.com/ChainSafe/chainbridge-core/chains/evm/calls/transactor/itx/minimalForwarder.go:112.124,123.16 3 1
github.com/ChainSafe/chainbridge-core/chains/evm/calls/transactor/itx/minimalForwarder.go:127.2,128.16 2 1
github.com/ChainSafe/chainbridge-core/chains/evm/calls/transactor/itx/minimalForwarder.go:131.2,141.60 3 1
github.com/ChainSafe/chainbridge-core/chains/evm/calls/transactor/itx/minimalForwarder.go:123.16,125.3 1 0
github.com/ChainSafe/chainbridge-core/chains/evm/calls/transactor/itx/minimalForwarder.go:128.16,130.3 1 0
github.com/ChainSafe/chainbridge-core/chains/evm/calls/transactor/itx/minimalForwarder.go:150.19,187.16 4 1
github.com/ChainSafe/chainbridge-core/chains/evm/calls/transactor/itx/minimalForwarder.go:191.2,192.16 2 1
github.com/ChainSafe/chainbridge-core/chains/evm/calls/transactor/itx/minimalForwarder.go:196.2,197.39 2 1
github.com/ChainSafe/chainbridge-core/chains/evm/calls/transactor/itx/minimalForwarder.go:187.16,189.3 1 0
github.com/ChainSafe/chainbridge-core/chains/evm/calls/transactor/itx/minimalForwarder.go:192.16,194.3 1 0
github.com/ChainSafe/chainbridge-core/chains/evm/calls/transactor/prepare/prepare.go:18.40,20.2 1 1
github.com/ChainSafe/chainbridge-core/chains/evm/calls/transactor/prepare/prepare.go:23.126,34.2 2 1
github.com/ChainSafe/chainbridge-core/chains/evm/calls/transactor/signAndSend/signAndSend.go:25.141,31.2 1 1
github.com/ChainSafe/chainbridge-core/chains/evm/calls/transactor/signAndSend/signAndSend.go:33.130,37.16 4 1
github.com/ChainSafe/chainbridge-core/chains/evm/calls/transactor/signAndSend/signAndSend.go:41.2,42.16 2 1
github.com/ChainSafe/chainbridge-core/chains/evm/calls/transactor/signAndSend/signAndSend.go:46.2,47.43 2 1
github.com/ChainSafe/chainbridge-core/chains/evm/calls/transactor/signAndSend/signAndSend.go:54.2,55.16 2 1
github.com/ChainSafe/chainbridge-core/chains/evm/calls/transactor/signAndSend/signAndSend.go:59.2,60.16 2 1
github.com/ChainSafe/chainbridge-core/chains/evm/calls/transactor/signAndSend/signAndSend.go:65.2,66.16 2 1
github.com/ChainSafe/chainbridge-core/chains/evm/calls/transactor/signAndSend/signAndSend.go:70.2,71.16 2 1
github.com/ChainSafe/chainbridge-core/chains/evm/calls/transactor/signAndSend/signAndSend.go:75.2,75.16 1 1
github.com/ChainSafe/chainbridge-core/chains/evm/calls/transactor/signAndSend/signAndSend.go:37.16,39.3 1 0
github.com/ChainSafe/chainbridge-core/chains/evm/calls/transactor/signAndSend/signAndSend.go:42.16,44.3 1 0
github.com/ChainSafe/chainbridge-core/chains/evm/calls/transactor/signAndSend/signAndSend.go:47.43,49.17 2 1
github.com/ChainSafe/chainbridge-core/chains/evm/calls/transactor/signAndSend/signAndSend.go:49.17,51.4 1 0
github.com/ChainSafe/chainbridge-core/chains/evm/calls/transactor/signAndSend/signAndSend.go:55.16,57.3 1 0
github.com/ChainSafe/chainbridge-core/chains/evm/calls/transactor/signAndSend/signAndSend.go:60.16,63.3 2 0
github.com/ChainSafe/chainbridge-core/chains/evm/calls/transactor/signAndSend/signAndSend.go:66.16,68.3 1 0
github.com/ChainSafe/chainbridge-core/chains/evm/calls/transactor/signAndSend/signAndSend.go:71.16,73.3 1 0
github.com/ChainSafe/chainbridge-core/chains/evm/cli/account/account.go:14.67,18.17 3 0
github.com/ChainSafe/chainbridge-core/chains/evm/cli/account/account.go:21.3,21.13 1 0
github.com/ChainSafe/chainbridge-core/chains/evm/cli/account/account.go:18.17,20.4 1 0
github.com/ChainSafe/chainbridge-core/chains/evm/cli/account/account.go:25.13,29.2 3 1
github.com/ChainSafe/chainbridge-core/chains/evm/cli/account/generate-key-pair.go:15.50,17.3 1 0
github.com/ChainSafe/chainbridge-core/chains/evm/cli/account/generate-key-pair.go:20.63,22.16 2 0
github.com/ChainSafe/chainbridge-core/chains/evm/cli/account/generate-key-pair.go:25.2,26.12 2 0
github.com/ChainSafe/chainbridge-core/chains/evm/cli/account/generate-key-pair.go:22.16,24.3 1 0
github.com/ChainSafe/chainbridge-core/chains/evm/cli/account/import-priv-key.go:18.54,20.17 2 0
github.com/ChainSafe/chainbridge-core/chains/evm/cli/account/import-priv-key.go:23.3,23.13 1 0
github.com/ChainSafe/chainbridge-core/chains/evm/cli/account/import-priv-key.go:20.17,22.4 1 0
github.com/ChainSafe/chainbridge-core/chains/evm/cli/account/import-priv-key.go:27.49,31.2 3 1
github.com/ChainSafe/chainbridge-core/chains/evm/cli/account/import-priv-key.go:33.13,35.2 1 1
github.com/ChainSafe/chainbridge-core/chains/evm/cli/account/import-priv-key.go:36.74,37.27 1 1
github.com/ChainSafe/chainbridge-core/chains/evm/cli/account/import-priv-key.go:40.2,40.12 1 1
github.com/ChainSafe/chainbridge-core/chains/evm/cli/account/import-priv-key.go:37.27,39.3 1 1
github.com/ChainSafe/chainbridge-core/chains/evm/cli/account/import-priv-key.go:43.61,46.16 3 0
github.com/ChainSafe/chainbridge-core/chains/evm/cli/account/import-priv-key.go:49.2,50.12 2 0
github.com/ChainSafe/chainbridge-core/chains/evm/cli/account/import-priv-key.go:46.16,48.3 1 0
github.com/ChainSafe/chainbridge-core/chains/evm/cli/account/transfer.go:26.50,29.3 2 0
github.com/ChainSafe/chainbridge-core/chains/evm/cli/account/transfer.go:30.54,32.17 2 0
github.com/ChainSafe/chainbridge-core/chains/evm/cli/account/transfer.go:35.3,36.17 2 0
github.com/ChainSafe/chainbridge-core/chains/evm/cli/account/transfer.go:39.3,39.44 1 0
github.com/ChainSafe/chainbridge-core/chains/evm/cli/account/transfer.go:32.17,34.4 1 0
github.com/ChainSafe/chainbridge-core/chains/evm/cli/account/transfer.go:36.17,38.4 1 0
github.com/ChainSafe/chainbridge-core/chains/evm/cli/account/transfer.go:41.67,43.3 1 0
github.com/ChainSafe/chainbridge-core/chains/evm/cli/account/transfer.go:44.54,46.17 2 0
github.com/ChainSafe/chainbridge-core/chains/evm/cli/account/transfer.go:50.3,51.13 2 0
github.com/ChainSafe/chainbridge-core/chains/evm/cli/account/transfer.go:46.17,48.4 1 0
github.com/ChainSafe/chainbridge-core/chains/evm/cli/account/transfer.go:55.56,60.2 4 1
github.com/ChainSafe/chainbridge-core/chains/evm/cli/account/transfer.go:62.13,64.2 1 1
github.com/ChainSafe/chainbridge-core/chains/evm/cli/account/transfer.go:65.81,66.37 1 1
github.com/ChainSafe/chainbridge-core/chains/evm/cli/account/transfer.go:69.2,69.12 1 1
github.com/ChainSafe/chainbridge-core/chains/evm/cli/account/transfer.go:66.37,68.3 1 1
github.com/ChainSafe/chainbridge-core/chains/evm/cli/account/transfer.go:72.80,78.2 5 0
github.com/ChainSafe/chainbridge-core/chains/evm/cli/account/transfer.go:79.93,83.16 2 0
github.com/ChainSafe/chainbridge-core/chains/evm/cli/account/transfer.go:87.2,90.12 3 0
github.com/ChainSafe/chainbridge-core/chains/evm/cli/account/transfer.go:83.16,86.3 2 0
github.com/ChainSafe/chainbridge-core/chains/evm/cli/account/transfer.go:93.57,95.6 2 0
github.com/ChainSafe/chainbridge-core/chains/evm/cli/account/transfer.go:95.6,101.35 4 0
github.com/ChainSafe/chainbridge-core/chains/evm/cli/account/transfer.go:101.35,103.4 1 0
github.com/ChainSafe/chainbridge-core/chains/evm/cli/account/transfer.go:103.9,103.42 1 0
github.com/ChainSafe/chainbridge-core/chains/evm/cli/account/transfer.go:103.42,104.9 1 0
github.com/ChainSafe/chainbridge-core/chains/evm/cli/account/transfer.go:105.9,106.12 1 0
github.com/ChainSafe/chainbridge-core/chains/evm/cli/admin/add-relayer.go:23.50,25.3 1 0
github.com/ChainSafe/chainbridge-core/chains/evm/cli/admin/add-relayer.go:26.67,28.3 1 0
github.com/ChainSafe/chainbridge-core/chains/evm/cli/admin/add-relayer.go:29.54,31.17 2 0
github.com/ChainSafe/chainbridge-core/chains/evm/cli/admin/add-relayer.go:34.3,35.17 2 0
github.com/ChainSafe/chainbridge-core/chains/evm/cli/admin/add-relayer.go:38.3,38.81 1 0
github.com/ChainSafe/chainbridge-core/chains/evm/cli/admin/add-relayer.go:31.17,33.4 1 0
github.com/ChainSafe/chainbridge-core/chains/evm/cli/admin/add-relayer.go:35.17,37.4 1 0
github.com/ChainSafe/chainbridge-core/chains/evm/cli/admin/add-relayer.go:40.54,42.17 2 0
github.com/ChainSafe/chainbridge-core/chains/evm/cli/admin/add-relayer.go:46.3,47.13 2 0
github.com/ChainSafe/chainbridge-core/chains/evm/cli/admin/add-relayer.go:42.17,44.4 1 0
github.com/ChainSafe/chainbridge-core/chains/evm/cli/admin/add-relayer.go:51.46,55.2 3 1
github.com/ChainSafe/chainbridge-core/chains/evm/cli/admin/add-relayer.go:57.13,59.2 1 1
github.com/ChainSafe/chainbridge-core/chains/evm/cli/admin/add-relayer.go:61.71,62.35 1 1
github.com/ChainSafe/chainbridge-core/chains/evm/cli/admin/add-relayer.go:65.2,65.34 1 1
github.com/ChainSafe/chainbridge-core/chains/evm/cli/admin/add-relayer.go:68.2,68.12 1 1
github.com/ChainSafe/chainbridge-core/chains/evm/cli/admin/add-relayer.go:62.35,64.3 1 1
github.com/ChainSafe/chainbridge-core/chains/evm/cli/admin/add-relayer.go:65.34,67.3 1 0
github.com/ChainSafe/chainbridge-core/chains/evm/cli/admin/add-relayer.go:71.64,74.2 2 0
github.com/ChainSafe/chainbridge-core/chains/evm/cli/admin/add-relayer.go:76.97,83.2 3 0
github.com/ChainSafe/chainbridge-core/chains/evm/cli/admin/get-threshold.go:22.50,24.3 1 0
github.com/ChainSafe/chainbridge-core/chains/evm/cli/admin/get-threshold.go:25.67,27.3 1 0
github.com/ChainSafe/chainbridge-core/chains/evm/cli/admin/get-threshold.go:28.54,30.17 2 0
github.com/ChainSafe/chainbridge-core/chains/evm/cli/admin/get-threshold.go:33.3,34.17 2 0
github.com/ChainSafe/chainbridge-core/chains/evm/cli/admin/get-threshold.go:37.3,37.80 1 0
github.com/ChainSafe/chainbridge-core/chains/evm/cli/admin/get-threshold.go:30.17,32.4 1 0
github.com/ChainSafe/chainbridge-core/chains/evm/cli/admin/get-threshold.go:34.17,36.4 1 0
github.com/ChainSafe/chainbridge-core/chains/evm/cli/admin/get-threshold.go:39.54,41.17 2 0
github.com/ChainSafe/chainbridge-core/chains/evm/cli/admin/get-threshold.go:45.3,46.13 2 0
github.com/ChainSafe/chainbridge-core/chains/evm/cli/admin/get-threshold.go:41.17,43.4 1 0
github.com/ChainSafe/chainbridge-core/chains/evm/cli/admin/get-threshold.go:50.48,53.2 2 1
github.com/ChainSafe/chainbridge-core/chains/evm/cli/admin/get-threshold.go:54.13,56.2 1 1
github.com/ChainSafe/chainbridge-core/chains/evm/cli/admin/get-threshold.go:58.73,59.34 1 1
github.com/ChainSafe/chainbridge-core/chains/evm/cli/admin/get-threshold.go:62.2,62.12 1 1
github.com/ChainSafe/chainbridge-core/chains/evm/cli/admin/get-threshold.go:59.34,61.3 1 1
github.com/ChainSafe/chainbridge-core/chains/evm/cli/admin/get-threshold.go:65.66,67.2 1 0
github.com/ChainSafe/chainbridge-core/chains/evm/cli/admin/get-threshold.go:69.96,74.16 3 0
github.com/ChainSafe/chainbridge-core/chains/evm/cli/admin/get-threshold.go:78.2,79.12 2 0
github.com/ChainSafe/chainbridge-core/chains/evm/cli/admin/get-threshold.go:74.16,77.3 2 0
github.com/ChainSafe/chainbridge-core/chains/evm/cli/admin/set-threshold.go:22.50,24.3 1 0
github.com/ChainSafe/chainbridge-core/chains/evm/cli/admin/set-threshold.go:25.67,27.3 1 0
github.com/ChainSafe/chainbridge-core/chains/evm/cli/admin/set-threshold.go:28.54,30.17 2 0
github.com/ChainSafe/chainbridge-core/chains/evm/cli/admin/set-threshold.go:33.3,34.17 2 0
github.com/ChainSafe/chainbridge-core/chains/evm/cli/admin/set-threshold.go:37.3,37.80 1 0
github.com/ChainSafe/chainbridge-core/chains/evm/cli/admin/set-threshold.go:30.17,32.4 1 0
github.com/ChainSafe/chainbridge-core/chains/evm/cli/admin/set-threshold.go:34.17,36.4 1 0
github.com/ChainSafe/chainbridge-core/chains/evm/cli/admin/set-threshold.go:39.54,41.17 2 0
github.com/ChainSafe/chainbridge-core/chains/evm/cli/admin/set-threshold.go:45.3,46.13 2 0
github.com/ChainSafe/chainbridge-core/chains/evm/cli/admin/set-threshold.go:41.17,43.4 1 0
github.com/ChainSafe/chainbridge-core/chains/evm/cli/admin/set-threshold.go:50.48,54.2 3 1
github.com/ChainSafe/chainbridge-core/chains/evm/cli/admin/set-threshold.go:56.13,58.2 1 1
github.com/ChainSafe/chainbridge-core/chains/evm/cli/admin/set-threshold.go:60.73,61.34 1 1
github.com/ChainSafe/chainbridge-core/chains/evm/cli/admin/set-threshold.go:64.2,64.12 1 1
github.com/ChainSafe/chainbridge-core/chains/evm/cli/admin/set-threshold.go:61.34,63.3 1 1
github.com/ChainSafe/chainbridge-core/chains/evm/cli/admin/set-threshold.go:67.66,69.2 1 0
github.com/ChainSafe/chainbridge-core/chains/evm/cli/admin/set-threshold.go:71.96,77.16 3 0
github.com/ChainSafe/chainbridge-core/chains/evm/cli/admin/set-threshold.go:80.2,80.12 1 0
github.com/ChainSafe/chainbridge-core/chains/evm/cli/admin/set-threshold.go:77.16,79.3 1 0
github.com/ChainSafe/chainbridge-core/chains/evm/cli/admin/withdraw.go:26.50,28.3 1 0
github.com/ChainSafe/chainbridge-core/chains/evm/cli/admin/withdraw.go:29.67,31.3 1 0
github.com/ChainSafe/chainbridge-core/chains/evm/cli/admin/withdraw.go:32.54,34.17 2 0
github.com/ChainSafe/chainbridge-core/chains/evm/cli/admin/withdraw.go:37.3,38.17 2 0
github.com/ChainSafe/chainbridge-core/chains/evm/cli/admin/withdraw.go:41.3,41.76 1 0
github.com/ChainSafe/chainbridge-core/chains/evm/cli/admin/withdraw.go:34.17,36.4 1 0
github.com/ChainSafe/chainbridge-core/chains/evm/cli/admin/withdraw.go:38.17,40.4 1 0
github.com/ChainSafe/chainbridge-core/chains/evm/cli/admin/withdraw.go:43.54,45.17 2 0
github.com/ChainSafe/chainbridge-core/chains/evm/cli/admin/withdraw.go:49.3,50.17 2 0
github.com/ChainSafe/chainbridge-core/chains/evm/cli/admin/withdraw.go:53.3,53.13 1 0
github.com/ChainSafe/chainbridge-core/chains/evm/cli/admin/withdraw.go:45.17,47.4 1 0
github.com/ChainSafe/chainbridge-core/chains/evm/cli/admin/withdraw.go:50.17,52.4 1 0
github.com/ChainSafe/chainbridge-core/chains/evm/cli/admin/withdraw.go:57.44,66.2 8 1
github.com/ChainSafe/chainbridge-core/chains/evm/cli/admin/withdraw.go:68.13,70.2 1 1
github.com/ChainSafe/chainbridge-core/chains/evm/cli/admin/withdraw.go:72.69,73.34 1 1
github.com/ChainSafe/chainbridge-core/chains/evm/cli/admin/withdraw.go:76.2,76.35 1 1
github.com/ChainSafe/chainbridge-core/chains/evm/cli/admin/withdraw.go:79.2,79.33 1 1
github.com/ChainSafe/chainbridge-core/chains/evm/cli/admin/withdraw.go:82.2,82.37 1 1
github.com/ChainSafe/chainbridge-core/chains/evm/cli/admin/withdraw.go:85.2,85.35 1 1
github.com/ChainSafe/chainbridge-core/chains/evm/cli/admin/withdraw.go:88.2,88.35 1 1
github.com/ChainSafe/chainbridge-core/chains/evm/cli/admin/withdraw.go:91.2,91.12 1 1
github.com/ChainSafe/chainbridge-core/chains/evm/cli/admin/withdraw.go:73.34,75.3 1 1
github.com/ChainSafe/chainbridge-core/chains/evm/cli/admin/withdraw.go:76.35,78.3 1 0
github.com/ChainSafe/chainbridge-core/chains/evm/cli/admin/withdraw.go:79.33,81.3 1 0
github.com/ChainSafe/chainbridge-core/chains/evm/cli/admin/withdraw.go:82.37,84.3 1 0
github.com/ChainSafe/chainbridge-core/chains/evm/cli/admin/withdraw.go:85.35,87.3 1 1
github.com/ChainSafe/chainbridge-core/chains/evm/cli/admin/withdraw.go:88.35,90.3 1 0
github.com/ChainSafe/chainbridge-core/chains/evm/cli/admin/withdraw.go:94.68,103.16 8 0
github.com/ChainSafe/chainbridge-core/chains/evm/cli/admin/withdraw.go:106.2,106.12 1 0
github.com/ChainSafe/chainbridge-core/chains/evm/cli/admin/withdraw.go:103.16,105.3 1 0
github.com/ChainSafe/chainbridge-core/chains/evm/cli/admin/withdraw.go:109.92,113.16 2 0
github.com/ChainSafe/chainbridge-core/chains/evm/cli/admin/withdraw.go:118.2,119.12 2 0
github.com/ChainSafe/chainbridge-core/chains/evm/cli/admin/withdraw.go:113.16,116.3 2 0
github.com/ChainSafe/chainbridge-core/chains/evm/cli/admin/change-fee-handler.go:21.50,23.3 1 0
github.com/ChainSafe/chainbridge-core/chains/evm/cli/admin/change-fee-handler.go:24.67,26.3 1 0
github.com/ChainSafe/chainbridge-core/chains/evm/cli/admin/change-fee-handler.go:27.54,29.17 2 0
github.com/ChainSafe/chainbridge-core/chains/evm/cli/admin/change-fee-handler.go:32.3,33.17 2 0
github.com/ChainSafe/chainbridge-core/chains/evm/cli/admin/change-fee-handler.go:36.3,36.89 1 0
github.com/ChainSafe/chainbridge-core/chains/evm/cli/admin/change-fee-handler.go:29.17,31.4 1 0
github.com/ChainSafe/chainbridge-core/chains/evm/cli/admin/change-fee-handler.go:33.17,35.4 1 0
github.com/ChainSafe/chainbridge-core/chains/evm/cli/admin/change-fee-handler.go:38.54,40.17 2 0
github.com/ChainSafe/chainbridge-core/chains/evm/cli/admin/change-fee-handler.go:44.3,45.13 2 0
github.com/ChainSafe/chainbridge-core/chains/evm/cli/admin/change-fee-handler.go:40.17,42.4 1 0
github.com/ChainSafe/chainbridge-core/chains/evm/cli/admin/change-fee-handler.go:49.57,53.2 3 1
github.com/ChainSafe/chainbridge-core/chains/evm/cli/admin/change-fee-handler.go:55.13,57.2 1 1
github.com/ChainSafe/chainbridge-core/chains/evm/cli/admin/change-fee-handler.go:59.82,60.34 1 1
github.com/ChainSafe/chainbridge-core/chains/evm/cli/admin/change-fee-handler.go:63.2,63.38 1 1
github.com/ChainSafe/chainbridge-core/chains/evm/cli/admin/change-fee-handler.go:66.2,66.12 1 1
github.com/ChainSafe/chainbridge-core/chains/evm/cli/admin/change-fee-handler.go:60.34,62.3 1 1
github.com/ChainSafe/chainbridge-core/chains/evm/cli/admin/change-fee-handler.go:63.38,65.3 1 0
github.com/ChainSafe/chainbridge-core/chains/evm/cli/admin/change-fee-handler.go:69.81,74.2 3 0
github.com/ChainSafe/chainbridge-core/chains/evm/cli/admin/change-fee-handler.go:76.105,80.16 2 0
github.com/ChainSafe/chainbridge-core/chains/evm/cli/admin/change-fee-handler.go:85.2,86.12 2 0
github.com/ChainSafe/chainbridge-core/chains/evm/cli/admin/change-fee-handler.go:80.16,83.3 2 0
github.com/ChainSafe/chainbridge-core/chains/evm/cli/admin/remove-admin.go:18.50,20.3 1 0
github.com/ChainSafe/chainbridge-core/chains/evm/cli/admin/remove-admin.go:21.67,23.3 1 0
github.com/ChainSafe/chainbridge-core/chains/evm/cli/admin/remove-admin.go:25.54,27.17 2 0
github.com/ChainSafe/chainbridge-core/chains/evm/cli/admin/remove-admin.go:30.3,30.13 1 0
github.com/ChainSafe/chainbridge-core/chains/evm/cli/admin/remove-admin.go:27.17,29.4 1 0
github.com/ChainSafe/chainbridge-core/chains/evm/cli/admin/remove-admin.go:34.47,38.2 3 1
github.com/ChainSafe/chainbridge-core/chains/evm/cli/admin/remove-admin.go:40.13,42.2 1 1
github.com/ChainSafe/chainbridge-core/chains/evm/cli/admin/remove-admin.go:43.72,44.33 1 1
github.com/ChainSafe/chainbridge-core/chains/evm/cli/admin/remove-admin.go:47.2,47.34 1 1
github.com/ChainSafe/chainbridge-core/chains/evm/cli/admin/remove-admin.go:50.2,50.12 1 1
github.com/ChainSafe/chainbridge-core/chains/evm/cli/admin/remove-admin.go:44.33,46.3 1 1
github.com/ChainSafe/chainbridge-core/chains/evm/cli/admin/remove-admin.go:47.34,49.3 1 0
github.com/ChainSafe/chainbridge-core/chains/evm/cli/admin/remove-admin.go:53.59,60.2 2 0
github.com/ChainSafe/chainbridge-core/chains/evm/cli/admin/set-deposit-nonce.go:22.50,24.3 1 0
github.com/ChainSafe/chainbridge-core/chains/evm/cli/admin/set-deposit-nonce.go:25.67,27.3 1 0
github.com/ChainSafe/chainbridge-core/chains/evm/cli/admin/set-deposit-nonce.go:28.54,30.17 2 0
github.com/ChainSafe/chainbridge-core/chains/evm/cli/admin/set-deposit-nonce.go:33.3,34.17 2 0
github.com/ChainSafe/chainbridge-core/chains/evm/cli/admin/set-deposit-nonce.go:37.3,37.86 1 0
github.com/ChainSafe/chainbridge-core/chains/evm/cli/admin/set-deposit-nonce.go:30.17,32.4 1 0
github.com/ChainSafe/chainbridge-core/chains/evm/cli/admin/set-deposit-nonce.go:34.17,36.4 1 0
github.com/ChainSafe/chainbridge-core/chains/evm/cli/admin/set-deposit-nonce.go:39.54,41.17 2 0
github.com/ChainSafe/chainbridge-core/chains/evm/cli/admin/set-deposit-nonce.go:45.3,46.13 2 0
github.com/ChainSafe/chainbridge-core/chains/evm/cli/admin/set-deposit-nonce.go:41.17,43.4 1 0
github.com/ChainSafe/chainbridge-core/chains/evm/cli/admin/set-deposit-nonce.go:50.51,55.2 4 1
github.com/ChainSafe/chainbridge-core/chains/evm/cli/admin/set-deposit-nonce.go:57.13,59.2 1 1
github.com/ChainSafe/chainbridge-core/chains/evm/cli/admin/set-deposit-nonce.go:61.76,62.34 1 1
github.com/ChainSafe/chainbridge-core/chains/evm/cli/admin/set-deposit-nonce.go:65.2,65.12 1 1
github.com/ChainSafe/chainbridge-core/chains/evm/cli/admin/set-deposit-nonce.go:62.34,64.3 1 1
github.com/ChainSafe/chainbridge-core/chains/evm/cli/admin/set-deposit-nonce.go:68.69,70.2 1 0
github.com/ChainSafe/chainbridge-core/chains/evm/cli/admin/set-deposit-nonce.go:72.102,79.16 3 0
github.com/ChainSafe/chainbridge-core/chains/evm/cli/admin/set-deposit-nonce.go:82.2,83.12 2 0
github.com/ChainSafe/chainbridge-core/chains/evm/cli/admin/set-deposit-nonce.go:79.16,81.3 1 0
github.com/ChainSafe/chainbridge-core/chains/evm/cli/admin/unpause.go:23.50,25.3 1 0
github.com/ChainSafe/chainbridge-core/chains/evm/cli/admin/unpause.go:26.67,28.3 1 0
github.com/ChainSafe/chainbridge-core/chains/evm/cli/admin/unpause.go:29.54,31.17 2 0
github.com/ChainSafe/chainbridge-core/chains/evm/cli/admin/unpause.go:34.3,35.17 2 0
github.com/ChainSafe/chainbridge-core/chains/evm/cli/admin/unpause.go:38.3,38.75 1 0
github.com/ChainSafe/chainbridge-core/chains/evm/cli/admin/unpause.go:31.17,33.4 1 0
github.com/ChainSafe/chainbridge-core/chains/evm/cli/admin/unpause.go:35.17,37.4 1 0
github.com/ChainSafe/chainbridge-core/chains/evm/cli/admin/unpause.go:40.54,42.17 2 0
github.com/ChainSafe/chainbridge-core/chains/evm/cli/admin/unpause.go:46.3,48.13 2 0
github.com/ChainSafe/chainbridge-core/chains/evm/cli/admin/unpause.go:42.17,44.4 1 0
github.com/ChainSafe/chainbridge-core/chains/evm/cli/admin/unpause.go:52.43,55.2 2 1
github.com/ChainSafe/chainbridge-core/chains/evm/cli/admin/unpause.go:57.13,59.2 1 1
github.com/ChainSafe/chainbridge-core/chains/evm/cli/admin/unpause.go:61.68,62.34 1 1
github.com/ChainSafe/chainbridge-core/chains/evm/cli/admin/unpause.go:65.2,65.12 1 1
github.com/ChainSafe/chainbridge-core/chains/evm/cli/admin/unpause.go:62.34,64.3 1 1
github.com/ChainSafe/chainbridge-core/chains/evm/cli/admin/unpause.go:68.61,70.2 1 0
github.com/ChainSafe/chainbridge-core/chains/evm/cli/admin/unpause.go:72.91,74.16 2 0
github.com/ChainSafe/chainbridge-core/chains/evm/cli/admin/unpause.go:79.2,80.12 2 0
github.com/ChainSafe/chainbridge-core/chains/evm/cli/admin/unpause.go:74.16,77.3 2 0
github.com/ChainSafe/chainbridge-core/chains/evm/cli/admin/admin.go:14.67,18.17 3 0
github.com/ChainSafe/chainbridge-core/chains/evm/cli/admin/admin.go:21.3,21.13 1 0
github.com/ChainSafe/chainbridge-core/chains/evm/cli/admin/admin.go:18.17,20.4 1 0
github.com/ChainSafe/chainbridge-core/chains/evm/cli/admin/admin.go:25.13,38.2 12 1
github.com/ChainSafe/chainbridge-core/chains/evm/cli/admin/pause.go:23.50,25.3 1 0
github.com/ChainSafe/chainbridge-core/chains/evm/cli/admin/pause.go:26.67,28.3 1 0
github.com/ChainSafe/chainbridge-core/chains/evm/cli/admin/pause.go:29.54,31.17 2 0
github.com/ChainSafe/chainbridge-core/chains/evm/cli/admin/pause.go:34.3,35.17 2 0
github.com/ChainSafe/chainbridge-core/chains/evm/cli/admin/pause.go:38.3,38.73 1 0
github.com/ChainSafe/chainbridge-core/chains/evm/cli/admin/pause.go:31.17,33.4 1 0
github.com/ChainSafe/chainbridge-core/chains/evm/cli/admin/pause.go:35.17,37.4 1 0
github.com/ChainSafe/chainbridge-core/chains/evm/cli/admin/pause.go:40.54,42.17 2 0
github.com/ChainSafe/chainbridge-core/chains/evm/cli/admin/pause.go:46.3,48.13 2 0
github.com/ChainSafe/chainbridge-core/chains/evm/cli/admin/pause.go:42.17,44.4 1 0
github.com/ChainSafe/chainbridge-core/chains/evm/cli/admin/pause.go:52.41,55.2 2 1
github.com/ChainSafe/chainbridge-core/chains/evm/cli/admin/pause.go:57.13,59.2 1 1
github.com/ChainSafe/chainbridge-core/chains/evm/cli/admin/pause.go:61.66,62.34 1 1
github.com/ChainSafe/chainbridge-core/chains/evm/cli/admin/pause.go:65.2,65.12 1 1
github.com/ChainSafe/chainbridge-core/chains/evm/cli/admin/pause.go:62.34,64.3 1 1
github.com/ChainSafe/chainbridge-core/chains/evm/cli/admin/pause.go:68.59,70.2 1 0
github.com/ChainSafe/chainbridge-core/chains/evm/cli/admin/pause.go:72.89,74.16 2 0
github.com/ChainSafe/chainbridge-core/chains/evm/cli/admin/pause.go:79.2,80.12 2 0
github.com/ChainSafe/chainbridge-core/chains/evm/cli/admin/pause.go:74.16,77.3 2 0
github.com/ChainSafe/chainbridge-core/chains/evm/cli/admin/remove-relayer.go:18.50,20.3 1 0
github.com/ChainSafe/chainbridge-core/chains/evm/cli/admin/remove-relayer.go:21.67,23.3 1 0
github.com/ChainSafe/chainbridge-core/chains/evm/cli/admin/remove-relayer.go:25.54,27.17 2 0
github.com/ChainSafe/chainbridge-core/chains/evm/cli/admin/remove-relayer.go:30.3,30.13 1 0
github.com/ChainSafe/chainbridge-core/chains/evm/cli/admin/remove-relayer.go:27.17,29.4 1 0
github.com/ChainSafe/chainbridge-core/chains/evm/cli/admin/remove-relayer.go:34.49,38.2 3 1
github.com/ChainSafe/chainbridge-core/chains/evm/cli/admin/remove-relayer.go:39.13,41.2 1 1
github.com/ChainSafe/chainbridge-core/chains/evm/cli/admin/remove-relayer.go:42.74,43.35 1 1
github.com/ChainSafe/chainbridge-core/chains/evm/cli/admin/remove-relayer.go:46.2,46.34 1 1
github.com/ChainSafe/chainbridge-core/chains/evm/cli/admin/remove-relayer.go:49.2,49.12 1 1
github.com/ChainSafe/chainbridge-core/chains/evm/cli/admin/remove-relayer.go:43.35,45.3 1 1
github.com/ChainSafe/chainbridge-core/chains/evm/cli/admin/remove-relayer.go:46.34,48.3 1 0
github.com/ChainSafe/chainbridge-core/chains/evm/cli/admin/remove-relayer.go:52.61,58.2 2 0
github.com/ChainSafe/chainbridge-core/chains/evm/cli/admin/add-admin.go:18.50,20.3 1 0
github.com/ChainSafe/chainbridge-core/chains/evm/cli/admin/add-admin.go:21.67,23.3 1 0
github.com/ChainSafe/chainbridge-core/chains/evm/cli/admin/add-admin.go:25.54,27.17 2 0
github.com/ChainSafe/chainbridge-core/chains/evm/cli/admin/add-admin.go:30.3,30.13 1 0
github.com/ChainSafe/chainbridge-core/chains/evm/cli/admin/add-admin.go:27.17,29.4 1 0
github.com/ChainSafe/chainbridge-core/chains/evm/cli/admin/add-admin.go:34.44,38.2 3 1
github.com/ChainSafe/chainbridge-core/chains/evm/cli/admin/add-admin.go:40.13,42.2 1 1
github.com/ChainSafe/chainbridge-core/chains/evm/cli/admin/add-admin.go:43.69,44.33 1 1
github.com/ChainSafe/chainbridge-core/chains/evm/cli/admin/add-admin.go:47.2,47.34 1 1
github.com/ChainSafe/chainbridge-core/chains/evm/cli/admin/add-admin.go:50.2,50.12 1 1
github.com/ChainSafe/chainbridge-core/chains/evm/cli/admin/add-admin.go:44.33,46.3 1 1
github.com/ChainSafe/chainbridge-core/chains/evm/cli/admin/add-admin.go:47.34,49.3 1 0
github.com/ChainSafe/chainbridge-core/chains/evm/cli/admin/add-admin.go:53.56,59.2 2 0
github.com/ChainSafe/chainbridge-core/chains/evm/cli/admin/is-relayer.go:22.50,24.3 1 0
github.com/ChainSafe/chainbridge-core/chains/evm/cli/admin/is-relayer.go:25.67,27.3 1 0
github.com/ChainSafe/chainbridge-core/chains/evm/cli/admin/is-relayer.go:28.54,30.17 2 0
github.com/ChainSafe/chainbridge-core/chains/evm/cli/admin/is-relayer.go:33.3,34.17 2 0
github.com/ChainSafe/chainbridge-core/chains/evm/cli/admin/is-relayer.go:37.3,37.74 1 0
github.com/ChainSafe/chainbridge-core/chains/evm/cli/admin/is-relayer.go:30.17,32.4 1 0
github.com/ChainSafe/chainbridge-core/chains/evm/cli/admin/is-relayer.go:34.17,36.4 1 0
github.com/ChainSafe/chainbridge-core/chains/evm/cli/admin/is-relayer.go:39.54,41.17 2 0
github.com/ChainSafe/chainbridge-core/chains/evm/cli/admin/is-relayer.go:45.3,46.13 2 0
github.com/ChainSafe/chainbridge-core/chains/evm/cli/admin/is-relayer.go:41.17,43.4 1 0
github.com/ChainSafe/chainbridge-core/chains/evm/cli/admin/is-relayer.go:50.45,54.2 3 1
github.com/ChainSafe/chainbridge-core/chains/evm/cli/admin/is-relayer.go:56.13,58.2 1 1
github.com/ChainSafe/chainbridge-core/chains/evm/cli/admin/is-relayer.go:60.70,61.35 1 1
github.com/ChainSafe/chainbridge-core/chains/evm/cli/admin/is-relayer.go:64.2,64.34 1 1
github.com/ChainSafe/chainbridge-core/chains/evm/cli/admin/is-relayer.go:67.2,67.12 1 1
github.com/ChainSafe/chainbridge-core/chains/evm/cli/admin/is-relayer.go:61.35,63.3 1 1
github.com/ChainSafe/chainbridge-core/chains/evm/cli/admin/is-relayer.go:64.34,66.3 1 0
github.com/ChainSafe/chainbridge-core/chains/evm/cli/admin/is-relayer.go:70.63,73.2 2 0
github.com/ChainSafe/chainbridge-core/chains/evm/cli/admin/is-relayer.go:75.90,82.16 3 0
github.com/ChainSafe/chainbridge-core/chains/evm/cli/admin/is-relayer.go:86.2,86.16 1 0
github.com/ChainSafe/chainbridge-core/chains/evm/cli/admin/is-relayer.go:91.2,91.12 1 0
github.com/ChainSafe/chainbridge-core/chains/evm/cli/admin/is-relayer.go:82.16,84.3 1 0
github.com/ChainSafe/chainbridge-core/chains/evm/cli/admin/is-relayer.go:86.16,88.3 1 0
github.com/ChainSafe/chainbridge-core/chains/evm/cli/admin/is-relayer.go:88.8,90.3 1 0
github.com/ChainSafe/chainbridge-core/chains/evm/cli/bridge/query-proposal.go:18.50,20.3 1 0
github.com/ChainSafe/chainbridge-core/chains/evm/cli/bridge/query-proposal.go:21.67,23.3 1 0
github.com/ChainSafe/chainbridge-core/chains/evm/cli/bridge/query-proposal.go:25.54,27.17 2 0
github.com/ChainSafe/chainbridge-core/chains/evm/cli/bridge/query-proposal.go:30.3,30.13 1 0
github.com/ChainSafe/chainbridge-core/chains/evm/cli/bridge/query-proposal.go:27.17,29.4 1 0
github.com/ChainSafe/chainbridge-core/chains/evm/cli/bridge/query-proposal.go:34.49,40.2 5 1
github.com/ChainSafe/chainbridge-core/chains/evm/cli/bridge/query-proposal.go:42.13,44.2 1 1
github.com/ChainSafe/chainbridge-core/chains/evm/cli/bridge/query-proposal.go:46.74,47.34 1 1
github.com/ChainSafe/chainbridge-core/chains/evm/cli/bridge/query-proposal.go:50.2,50.12 1 1
github.com/ChainSafe/chainbridge-core/chains/evm/cli/bridge/query-proposal.go:47.34,49.3 1 1
github.com/ChainSafe/chainbridge-core/chains/evm/cli/bridge/query-proposal.go:53.61,61.2 2 0
github.com/ChainSafe/chainbridge-core/chains/evm/cli/bridge/query-resource.go:18.50,20.3 1 0
github.com/ChainSafe/chainbridge-core/chains/evm/cli/bridge/query-resource.go:21.67,23.3 1 0
github.com/ChainSafe/chainbridge-core/chains/evm/cli/bridge/query-resource.go:25.54,27.17 2 0
github.com/ChainSafe/chainbridge-core/chains/evm/cli/bridge/query-resource.go:30.3,30.13 1 0
github.com/ChainSafe/chainbridge-core/chains/evm/cli/bridge/query-resource.go:27.17,29.4 1 0
github.com/ChainSafe/chainbridge-core/chains/evm/cli/bridge/query-resource.go:34.49,38.2 3 1
github.com/ChainSafe/chainbridge-core/chains/evm/cli/bridge/query-resource.go:40.13,42.2 1 1
github.com/ChainSafe/chainbridge-core/chains/evm/cli/bridge/query-resource.go:44.74,45.35 1 1
github.com/ChainSafe/chainbridge-core/chains/evm/cli/bridge/query-resource.go:48.2,48.12 1 1
github.com/ChainSafe/chainbridge-core/chains/evm/cli/bridge/query-resource.go:45.35,47.3 1 1
github.com/ChainSafe/chainbridge-core/chains/evm/cli/bridge/query-resource.go:51.61,57.2 2 0
github.com/ChainSafe/chainbridge-core/chains/evm/cli/bridge/register-generic-resource.go:26.50,28.3 1 0
github.com/ChainSafe/chainbridge-core/chains/evm/cli/bridge/register-generic-resource.go:29.67,31.3 1 0
github.com/ChainSafe/chainbridge-core/chains/evm/cli/bridge/register-generic-resource.go:32.54,34.17 2 0
github.com/ChainSafe/chainbridge-core/chains/evm/cli/bridge/register-generic-resource.go:37.3,38.17 2 0
github.com/ChainSafe/chainbridge-core/chains/evm/cli/bridge/register-generic-resource.go:41.3,41.88 1 0
github.com/ChainSafe/chainbridge-core/chains/evm/cli/bridge/register-generic-resource.go:34.17,36.4 1 0
github.com/ChainSafe/chainbridge-core/chains/evm/cli/bridge/register-generic-resource.go:38.17,40.4 1 0
github.com/ChainSafe/chainbridge-core/chains/evm/cli/bridge/register-generic-resource.go:43.54,45.17 2 0
github.com/ChainSafe/chainbridge-core/chains/evm/cli/bridge/register-generic-resource.go:49.3,50.17 2 0
github.com/ChainSafe/chainbridge-core/chains/evm/cli/bridge/register-generic-resource.go:54.3,54.13 1 0
github.com/ChainSafe/chainbridge-core/chains/evm/cli/bridge/register-generic-resource.go:45.17,47.4 1 0
github.com/ChainSafe/chainbridge-core/chains/evm/cli/bridge/register-generic-resource.go:50.17,52.4 1 0
github.com/ChainSafe/chainbridge-core/chains/evm/cli/bridge/register-generic-resource.go:58.59,67.2 8 1
github.com/ChainSafe/chainbridge-core/chains/evm/cli/bridge/register-generic-resource.go:69.13,71.2 1 1
github.com/ChainSafe/chainbridge-core/chains/evm/cli/bridge/register-generic-resource.go:73.84,74.35 1 1
github.com/ChainSafe/chainbridge-core/chains/evm/cli/bridge/register-generic-resource.go:78.2,78.34 1 1
github.com/ChainSafe/chainbridge-core/chains/evm/cli/bridge/register-generic-resource.go:82.2,82.34 1 1
github.com/ChainSafe/chainbridge-core/chains/evm/cli/bridge/register-generic-resource.go:86.2,86.12 1 1
github.com/ChainSafe/chainbridge-core/chains/evm/cli/bridge/register-generic-resource.go:74.35,76.3 1 1
github.com/ChainSafe/chainbridge-core/chains/evm/cli/bridge/register-generic-resource.go:78.34,80.3 1 0
github.com/ChainSafe/chainbridge-core/chains/evm/cli/bridge/register-generic-resource.go:82.34,84.3 1 0
github.com/ChainSafe/chainbridge-core/chains/evm/cli/bridge/register-generic-resource.go:89.83,94.29 4 0
github.com/ChainSafe/chainbridge-core/chains/evm/cli/bridge/register-generic-resource.go:98.2,99.16 2 0
github.com/ChainSafe/chainbridge-core/chains/evm/cli/bridge/register-generic-resource.go:103.2,105.10 2 0
github.com/ChainSafe/chainbridge-core/chains/evm/cli/bridge/register-generic-resource.go:113.2,113.12 1 0
github.com/ChainSafe/chainbridge-core/chains/evm/cli/bridge/register-generic-resource.go:94.29,96.3 1 0
github.com/ChainSafe/chainbridge-core/chains/evm/cli/bridge/register-generic-resource.go:99.16,101.3 1 0
github.com/ChainSafe/chainbridge-core/chains/evm/cli/bridge/register-generic-resource.go:105.10,108.3 2 0
github.com/ChainSafe/chainbridge-core/chains/evm/cli/bridge/register-generic-resource.go:108.8,111.3 2 0
github.com/ChainSafe/chainbridge-core/chains/evm/cli/bridge/register-generic-resource.go:116.104,128.16 3 0
github.com/ChainSafe/chainbridge-core/chains/evm/cli/bridge/register-generic-resource.go:133.2,134.12 2 0
github.com/ChainSafe/chainbridge-core/chains/evm/cli/bridge/register-generic-resource.go:128.16,131.3 2 0
github.com/ChainSafe/chainbridge-core/chains/evm/cli/bridge/register-resource.go:22.50,24.3 1 0
github.com/ChainSafe/chainbridge-core/chains/evm/cli/bridge/register-resource.go:25.67,27.3 1 0
github.com/ChainSafe/chainbridge-core/chains/evm/cli/bridge/register-resource.go:28.54,30.17 2 0
github.com/ChainSafe/chainbridge-core/chains/evm/cli/bridge/register-resource.go:33.3,34.17 2 0
github.com/ChainSafe/chainbridge-core/chains/evm/cli/bridge/register-resource.go:37.3,37.84 1 0
github.com/ChainSafe/chainbridge-core/chains/evm/cli/bridge/register-resource.go:30.17,32.4 1 0
github.com/ChainSafe/chainbridge-core/chains/evm/cli/bridge/register-resource.go:34.17,36.4 1 0
github.com/ChainSafe/chainbridge-core/chains/evm/cli/bridge/register-resource.go:39.54,41.17 2 0
github.com/ChainSafe/chainbridge-core/chains/evm/cli/bridge/register-resource.go:45.3,46.13 2 0
github.com/ChainSafe/chainbridge-core/chains/evm/cli/bridge/register-resource.go:41.17,43.4 1 0
github.com/ChainSafe/chainbridge-core/chains/evm/cli/bridge/register-resource.go:50.52,56.2 5 1
github.com/ChainSafe/chainbridge-core/chains/evm/cli/bridge/register-resource.go:58.13,60.2 1 1
github.com/ChainSafe/chainbridge-core/chains/evm/cli/bridge/register-resource.go:62.77,63.35 1 1
github.com/ChainSafe/chainbridge-core/chains/evm/cli/bridge/register-resource.go:66.2,66.34 1 1
github.com/ChainSafe/chainbridge-core/chains/evm/cli/bridge/register-resource.go:69.2,69.34 1 1
github.com/ChainSafe/chainbridge-core/chains/evm/cli/bridge/register-resource.go:72.2,72.12 1 1
github.com/ChainSafe/chainbridge-core/chains/evm/cli/bridge/register-resource.go:63.35,65.3 1 1
github.com/ChainSafe/chainbridge-core/chains/evm/cli/bridge/register-resource.go:66.34,68.3 1 0
github.com/ChainSafe/chainbridge-core/chains/evm/cli/bridge/register-resource.go:69.34,71.3 1 0
github.com/ChainSafe/chainbridge-core/chains/evm/cli/bridge/register-resource.go:75.76,83.2 6 0
github.com/ChainSafe/chainbridge-core/chains/evm/cli/bridge/register-resource.go:85.100,97.16 3 0
github.com/ChainSafe/chainbridge-core/chains/evm/cli/bridge/register-resource.go:102.2,103.12 2 0
github.com/ChainSafe/chainbridge-core/chains/evm/cli/bridge/register-resource.go:97.16,100.3 2 0
github.com/ChainSafe/chainbridge-core/chains/evm/cli/bridge/bridge.go:13.67,17.17 3 0
github.com/ChainSafe/chainbridge-core/chains/evm/cli/bridge/bridge.go:20.3,20.13 1 0
github.com/ChainSafe/chainbridge-core/chains/evm/cli/bridge/bridge.go:17.17,19.4 1 0
github.com/ChainSafe/chainbridge-core/chains/evm/cli/bridge/bridge.go:24.13,32.2 7 1
github.com/ChainSafe/chainbridge-core/chains/evm/cli/bridge/vote-proposal.go:23.50,25.3 1 0
github.com/ChainSafe/chainbridge-core/chains/evm/cli/bridge/vote-proposal.go:26.67,28.3 1 0
github.com/ChainSafe/chainbridge-core/chains/evm/cli/bridge/vote-proposal.go:29.54,31.17 2 0
github.com/ChainSafe/chainbridge-core/chains/evm/cli/bridge/vote-proposal.go:34.3,35.17 2 0
github.com/ChainSafe/chainbridge-core/chains/evm/cli/bridge/vote-proposal.go:38.3,38.80 1 0
github.com/ChainSafe/chainbridge-core/chains/evm/cli/bridge/vote-proposal.go:31.17,33.4 1 0
github.com/ChainSafe/chainbridge-core/chains/evm/cli/bridge/vote-proposal.go:35.17,37.4 1 0
github.com/ChainSafe/chainbridge-core/chains/evm/cli/bridge/vote-proposal.go:40.54,42.17 2 0
github.com/ChainSafe/chainbridge-core/chains/evm/cli/bridge/vote-proposal.go:46.3,47.13 2 0
github.com/ChainSafe/chainbridge-core/chains/evm/cli/bridge/vote-proposal.go:42.17,44.4 1 0
github.com/ChainSafe/chainbridge-core/chains/evm/cli/bridge/vote-proposal.go:51.51,58.2 6 1
github.com/ChainSafe/chainbridge-core/chains/evm/cli/bridge/vote-proposal.go:60.13,62.2 1 1
github.com/ChainSafe/chainbridge-core/chains/evm/cli/bridge/vote-proposal.go:64.73,65.34 1 1
github.com/ChainSafe/chainbridge-core/chains/evm/cli/bridge/vote-proposal.go:68.2,68.12 1 1
github.com/ChainSafe/chainbridge-core/chains/evm/cli/bridge/vote-proposal.go:65.34,67.3 1 1
github.com/ChainSafe/chainbridge-core/chains/evm/cli/bridge/vote-proposal.go:71.72,78.2 5 1
github.com/ChainSafe/chainbridge-core/chains/evm/cli/bridge/vote-proposal.go:85.76,94.16 3 1
github.com/ChainSafe/chainbridge-core/chains/evm/cli/bridge/vote-proposal.go:98.2,99.16 2 1
github.com/ChainSafe/chainbridge-core/chains/evm/cli/bridge/vote-proposal.go:103.2,104.12 2 1
github.com/ChainSafe/chainbridge-core/chains/evm/cli/bridge/vote-proposal.go:94.16,96.3 1 1
github.com/ChainSafe/chainbridge-core/chains/evm/cli/bridge/vote-proposal.go:99.16,101.3 1 1
github.com/ChainSafe/chainbridge-core/chains/evm/cli/bridge/cancel-proposal.go:18.50,20.3 1 0
github.com/ChainSafe/chainbridge-core/chains/evm/cli/bridge/cancel-proposal.go:21.67,23.3 1 0
github.com/ChainSafe/chainbridge-core/chains/evm/cli/bridge/cancel-proposal.go:25.54,27.17 2 0
github.com/ChainSafe/chainbridge-core/chains/evm/cli/bridge/cancel-proposal.go:30.3,30.13 1 0
github.com/ChainSafe/chainbridge-core/chains/evm/cli/bridge/cancel-proposal.go:27.17,29.4 1 0
github.com/ChainSafe/chainbridge-core/chains/evm/cli/bridge/cancel-proposal.go:34.50,40.2 5 1
github.com/ChainSafe/chainbridge-core/chains/evm/cli/bridge/cancel-proposal.go:42.13,44.2 1 1
github.com/ChainSafe/chainbridge-core/chains/evm/cli/bridge/cancel-proposal.go:46.75,47.34 1 1
github.com/ChainSafe/chainbridge-core/chains/evm/cli/bridge/cancel-proposal.go:50.2,50.12 1 1
github.com/ChainSafe/chainbridge-core/chains/evm/cli/bridge/cancel-proposal.go:47.34,49.3 1 1
github.com/ChainSafe/chainbridge-core/chains/evm/cli/bridge/cancel-proposal.go:53.62,63.2 2 0
github.com/ChainSafe/chainbridge-core/chains/evm/cli/bridge/set-burn.go:22.50,24.3 1 0
github.com/ChainSafe/chainbridge-core/chains/evm/cli/bridge/set-burn.go:25.67,27.3 1 0
github.com/ChainSafe/chainbridge-core/chains/evm/cli/bridge/set-burn.go:28.54,30.17 2 0
github.com/ChainSafe/chainbridge-core/chains/evm/cli/bridge/set-burn.go:33.3,34.17 2 0
github.com/ChainSafe/chainbridge-core/chains/evm/cli/bridge/set-burn.go:37.3,37.75 1 0
github.com/ChainSafe/chainbridge-core/chains/evm/cli/bridge/set-burn.go:30.17,32.4 1 0
github.com/ChainSafe/chainbridge-core/chains/evm/cli/bridge/set-burn.go:34.17,36.4 1 0
github.com/ChainSafe/chainbridge-core/chains/evm/cli/bridge/set-burn.go:39.54,41.17 2 0
github.com/ChainSafe/chainbridge-core/chains/evm/cli/bridge/set-burn.go:45.3,46.13 2 0
github.com/ChainSafe/chainbridge-core/chains/evm/cli/bridge/set-burn.go:41.17,43.4 1 0
github.com/ChainSafe/chainbridge-core/chains/evm/cli/bridge/set-burn.go:50.43,55.2 4 1
github.com/ChainSafe/chainbridge-core/chains/evm/cli/bridge/set-burn.go:57.13,59.2 1 1
github.com/ChainSafe/chainbridge-core/chains/evm/cli/bridge/set-burn.go:60.68,61.35 1 1
github.com/ChainSafe/chainbridge-core/chains/evm/cli/bridge/set-burn.go:64.2,64.41 1 1
github.com/ChainSafe/chainbridge-core/chains/evm/cli/bridge/set-burn.go:67.2,67.34 1 1
github.com/ChainSafe/chainbridge-core/chains/evm/cli/bridge/set-burn.go:70.2,70.12 1 1
github.com/ChainSafe/chainbridge-core/chains/evm/cli/bridge/set-burn.go:61.35,63.3 1 1
github.com/ChainSafe/chainbridge-core/chains/evm/cli/bridge/set-burn.go:64.41,66.3 1 0
github.com/ChainSafe/chainbridge-core/chains/evm/cli/bridge/set-burn.go:67.34,69.3 1 0
github.com/ChainSafe/chainbridge-core/chains/evm/cli/bridge/set-burn.go:73.61,77.2 3 0
github.com/ChainSafe/chainbridge-core/chains/evm/cli/bridge/set-burn.go:78.91,86.16 3 0
github.com/ChainSafe/chainbridge-core/chains/evm/cli/bridge/set-burn.go:90.2,91.12 2 0
github.com/ChainSafe/chainbridge-core/chains/evm/cli/bridge/set-burn.go:86.16,89.3 2 0
github.com/ChainSafe/chainbridge-core/chains/evm/cli/centrifuge/centrifuge.go:14.67,18.17 3 0
github.com/ChainSafe/chainbridge-core/chains/evm/cli/centrifuge/centrifuge.go:21.3,21.13 1 0
github.com/ChainSafe/chainbridge-core/chains/evm/cli/centrifuge/centrifuge.go:18.17,20.4 1 0
github.com/ChainSafe/chainbridge-core/chains/evm/cli/centrifuge/centrifuge.go:25.13,28.2 2 1
github.com/ChainSafe/chainbridge-core/chains/evm/cli/centrifuge/deploy.go:20.50,22.3 1 0
github.com/ChainSafe/chainbridge-core/chains/evm/cli/centrifuge/deploy.go:23.67,25.3 1 0
github.com/ChainSafe/chainbridge-core/chains/evm/cli/centrifuge/deploy.go:26.54,28.17 2 0
github.com/ChainSafe/chainbridge-core/chains/evm/cli/centrifuge/deploy.go:31.3,32.17 2 0
github.com/ChainSafe/chainbridge-core/chains/evm/cli/centrifuge/deploy.go:35.3,35.108 1 0
github.com/ChainSafe/chainbridge-core/chains/evm/cli/centrifuge/deploy.go:28.17,30.4 1 0
github.com/ChainSafe/chainbridge-core/chains/evm/cli/centrifuge/deploy.go:32.17,34.4 1 0
github.com/ChainSafe/chainbridge-core/chains/evm/cli/centrifuge/deploy.go:39.46,39.47 0 1
github.com/ChainSafe/chainbridge-core/chains/evm/cli/centrifuge/deploy.go:41.13,43.2 1 1
github.com/ChainSafe/chainbridge-core/chains/evm/cli/centrifuge/deploy.go:45.118,47.16 2 0
github.com/ChainSafe/chainbridge-core/chains/evm/cli/centrifuge/deploy.go:52.2,53.12 2 0
github.com/ChainSafe/chainbridge-core/chains/evm/cli/centrifuge/deploy.go:47.16,50.3 2 0
github.com/ChainSafe/chainbridge-core/chains/evm/cli/centrifuge/get-hash.go:24.50,26.3 1 0
github.com/ChainSafe/chainbridge-core/chains/evm/cli/centrifuge/get-hash.go:27.67,29.3 1 0
github.com/ChainSafe/chainbridge-core/chains/evm/cli/centrifuge/get-hash.go:30.54,32.17 2 0
github.com/ChainSafe/chainbridge-core/chains/evm/cli/centrifuge/get-hash.go:35.3,36.17 2 0
github.com/ChainSafe/chainbridge-core/chains/evm/cli/centrifuge/get-hash.go:39.3,39.82 1 0
github.com/ChainSafe/chainbridge-core/chains/evm/cli/centrifuge/get-hash.go:32.17,34.4 1 0
github.com/ChainSafe/chainbridge-core/chains/evm/cli/centrifuge/get-hash.go:36.17,38.4 1 0
github.com/ChainSafe/chainbridge-core/chains/evm/cli/centrifuge/get-hash.go:41.54,43.17 2 0
github.com/ChainSafe/chainbridge-core/chains/evm/cli/centrifuge/get-hash.go:47.3,48.17 2 0
github.com/ChainSafe/chainbridge-core/chains/evm/cli/centrifuge/get-hash.go:52.3,52.13 1 0
github.com/ChainSafe/chainbridge-core/chains/evm/cli/centrifuge/get-hash.go:43.17,45.4 1 0
github.com/ChainSafe/chainbridge-core/chains/evm/cli/centrifuge/get-hash.go:48.17,50.4 1 0
github.com/ChainSafe/chainbridge-core/chains/evm/cli/centrifuge/get-hash.go:56.13,58.2 1 1
github.com/ChainSafe/chainbridge-core/chains/evm/cli/centrifuge/get-hash.go:60.43,64.2 3 1
github.com/ChainSafe/chainbridge-core/chains/evm/cli/centrifuge/get-hash.go:66.68,67.35 1 1
github.com/ChainSafe/chainbridge-core/chains/evm/cli/centrifuge/get-hash.go:71.2,71.12 1 1
github.com/ChainSafe/chainbridge-core/chains/evm/cli/centrifuge/get-hash.go:67.35,69.3 1 1
github.com/ChainSafe/chainbridge-core/chains/evm/cli/centrifuge/get-hash.go:74.67,79.2 3 0
github.com/ChainSafe/chainbridge-core/chains/evm/cli/centrifuge/get-hash.go:81.99,83.16 2 0
github.com/ChainSafe/chainbridge-core/chains/evm/cli/centrifuge/get-hash.go:88.2,89.12 2 0
github.com/ChainSafe/chainbridge-core/chains/evm/cli/centrifuge/get-hash.go:83.16,86.3 2 0
github.com/ChainSafe/chainbridge-core/chains/evm/cli/erc20/approve.go:25.50,27.3 1 0
github.com/ChainSafe/chainbridge-core/chains/evm/cli/erc20/approve.go:28.67,30.3 1 0
github.com/ChainSafe/chainbridge-core/chains/evm/cli/erc20/approve.go:31.54,33.17 2 0
github.com/ChainSafe/chainbridge-core/chains/evm/cli/erc20/approve.go:36.3,37.17 2 0
github.com/ChainSafe/chainbridge-core/chains/evm/cli/erc20/approve.go:40.3,40.72 1 0
github.com/ChainSafe/chainbridge-core/chains/evm/cli/erc20/approve.go:33.17,35.4 1 0
github.com/ChainSafe/chainbridge-core/chains/evm/cli/erc20/approve.go:37.17,39.4 1 0
github.com/ChainSafe/chainbridge-core/chains/evm/cli/erc20/approve.go:42.54,44.17 2 0
github.com/ChainSafe/chainbridge-core/chains/evm/cli/erc20/approve.go:48.3,49.13 2 0
github.com/ChainSafe/chainbridge-core/chains/evm/cli/erc20/approve.go:44.17,46.4 1 0
github.com/ChainSafe/chainbridge-core/chains/evm/cli/erc20/approve.go:53.43,59.2 5 1
github.com/ChainSafe/chainbridge-core/chains/evm/cli/erc20/approve.go:61.13,63.2 1 1
github.com/ChainSafe/chainbridge-core/chains/evm/cli/erc20/approve.go:65.68,66.40 1 1
github.com/ChainSafe/chainbridge-core/chains/evm/cli/erc20/approve.go:69.2,69.37 1 1
github.com/ChainSafe/chainbridge-core/chains/evm/cli/erc20/approve.go:72.2,72.12 1 1
github.com/ChainSafe/chainbridge-core/chains/evm/cli/erc20/approve.go:66.40,68.3 1 1
github.com/ChainSafe/chainbridge-core/chains/evm/cli/erc20/approve.go:69.37,71.3 1 0
github.com/ChainSafe/chainbridge-core/chains/evm/cli/erc20/approve.go:75.67,82.16 6 0
github.com/ChainSafe/chainbridge-core/chains/evm/cli/erc20/approve.go:86.2,86.12 1 0
github.com/ChainSafe/chainbridge-core/chains/evm/cli/erc20/approve.go:82.16,84.3 1 0
github.com/ChainSafe/chainbridge-core/chains/evm/cli/erc20/approve.go:89.89,99.16 3 0
github.com/ChainSafe/chainbridge-core/chains/evm/cli/erc20/approve.go:103.2,107.12 2 0
github.com/ChainSafe/chainbridge-core/chains/evm/cli/erc20/approve.go:99.16,102.3 2 0
github.com/ChainSafe/chainbridge-core/chains/evm/cli/erc20/balance.go:22.50,24.3 1 0
github.com/ChainSafe/chainbridge-core/chains/evm/cli/erc20/balance.go:25.67,27.3 1 0
github.com/ChainSafe/chainbridge-core/chains/evm/cli/erc20/balance.go:28.54,30.17 2 0
github.com/ChainSafe/chainbridge-core/chains/evm/cli/erc20/balance.go:33.3,34.17 2 0
github.com/ChainSafe/chainbridge-core/chains/evm/cli/erc20/balance.go:37.3,37.72 1 0
github.com/ChainSafe/chainbridge-core/chains/evm/cli/erc20/balance.go:30.17,32.4 1 0
github.com/ChainSafe/chainbridge-core/chains/evm/cli/erc20/balance.go:34.17,36.4 1 0
github.com/ChainSafe/chainbridge-core/chains/evm/cli/erc20/balance.go:39.54,41.17 2 0
github.com/ChainSafe/chainbridge-core/chains/evm/cli/erc20/balance.go:45.3,46.13 2 0
github.com/ChainSafe/chainbridge-core/chains/evm/cli/erc20/balance.go:41.17,43.4 1 0
github.com/ChainSafe/chainbridge-core/chains/evm/cli/erc20/balance.go:50.43,54.2 3 1
github.com/ChainSafe/chainbridge-core/chains/evm/cli/erc20/balance.go:56.13,58.2 1 1
github.com/ChainSafe/chainbridge-core/chains/evm/cli/erc20/balance.go:62.68,63.40 1 1
github.com/ChainSafe/chainbridge-core/chains/evm/cli/erc20/balance.go:66.2,66.42 1 1
github.com/ChainSafe/chainbridge-core/chains/evm/cli/erc20/balance.go:69.2,69.12 1 1
github.com/ChainSafe/chainbridge-core/chains/evm/cli/erc20/balance.go:63.40,65.3 1 1
github.com/ChainSafe/chainbridge-core/chains/evm/cli/erc20/balance.go:66.42,68.3 1 0
github.com/ChainSafe/chainbridge-core/chains/evm/cli/erc20/balance.go:72.61,75.2 2 0
github.com/ChainSafe/chainbridge-core/chains/evm/cli/erc20/balance.go:77.89,79.16 2 0
github.com/ChainSafe/chainbridge-core/chains/evm/cli/erc20/balance.go:84.2,85.12 2 0
github.com/ChainSafe/chainbridge-core/chains/evm/cli/erc20/balance.go:79.16,82.3 2 0
github.com/ChainSafe/chainbridge-core/chains/evm/cli/erc20/deposit.go:25.50,27.3 1 0
github.com/ChainSafe/chainbridge-core/chains/evm/cli/erc20/deposit.go:28.67,30.3 1 0
github.com/ChainSafe/chainbridge-core/chains/evm/cli/erc20/deposit.go:31.54,33.17 2 0
github.com/ChainSafe/chainbridge-core/chains/evm/cli/erc20/deposit.go:36.3,37.17 2 0
github.com/ChainSafe/chainbridge-core/chains/evm/cli/erc20/deposit.go:40.3,40.75 1 0
github.com/ChainSafe/chainbridge-core/chains/evm/cli/erc20/deposit.go:33.17,35.4 1 0
github.com/ChainSafe/chainbridge-core/chains/evm/cli/erc20/deposit.go:37.17,39.4 1 0
github.com/ChainSafe/chainbridge-core/chains/evm/cli/erc20/deposit.go:42.54,44.17 2 0
github.com/ChainSafe/chainbridge-core/chains/evm/cli/erc20/deposit.go:48.3,49.17 2 0
github.com/ChainSafe/chainbridge-core/chains/evm/cli/erc20/deposit.go:52.3,52.13 1 0
github.com/ChainSafe/chainbridge-core/chains/evm/cli/erc20/deposit.go:44.17,46.4 1 0
github.com/ChainSafe/chainbridge-core/chains/evm/cli/erc20/deposit.go:49.17,51.4 1 0
github.com/ChainSafe/chainbridge-core/chains/evm/cli/erc20/deposit.go:56.13,58.2 1 1
github.com/ChainSafe/chainbridge-core/chains/evm/cli/erc20/deposit.go:60.43,76.2 15 1
github.com/ChainSafe/chainbridge-core/chains/evm/cli/erc20/deposit.go:78.68,79.37 1 1
github.com/ChainSafe/chainbridge-core/chains/evm/cli/erc20/deposit.go:82.2,82.34 1 1
github.com/ChainSafe/chainbridge-core/chains/evm/cli/erc20/deposit.go:85.2,85.18 1 1
github.com/ChainSafe/chainbridge-core/chains/evm/cli/erc20/deposit.go:79.37,81.3 1 1
github.com/ChainSafe/chainbridge-core/chains/evm/cli/erc20/deposit.go:82.34,84.3 1 0
github.com/ChainSafe/chainbridge-core/chains/evm/cli/erc20/deposit.go:86.40,87.13 1 1
github.com/ChainSafe/chainbridge-core/chains/evm/cli/erc20/deposit.go:88.10,89.103 1 0
github.com/ChainSafe/chainbridge-core/chains/evm/cli/erc20/deposit.go:93.67,100.16 6 0
github.com/ChainSafe/chainbridge-core/chains/evm/cli/erc20/deposit.go:103.2,104.30 2 0
github.com/ChainSafe/chainbridge-core/chains/evm/cli/erc20/deposit.go:107.2,107.12 1 0
github.com/ChainSafe/chainbridge-core/chains/evm/cli/erc20/deposit.go:100.16,102.3 1 0
github.com/ChainSafe/chainbridge-core/chains/evm/cli/erc20/deposit.go:104.30,106.3 1 0
github.com/ChainSafe/chainbridge-core/chains/evm/cli/erc20/deposit.go:110.91,116.16 2 0
github.com/ChainSafe/chainbridge-core/chains/evm/cli/erc20/deposit.go:121.2,125.12 2 0
github.com/ChainSafe/chainbridge-core/chains/evm/cli/erc20/deposit.go:116.16,119.3 2 0
github.com/ChainSafe/chainbridge-core/chains/evm/cli/erc20/erc20.go:14.67,18.17 3 0
github.com/ChainSafe/chainbridge-core/chains/evm/cli/erc20/erc20.go:21.3,21.13 1 0
github.com/ChainSafe/chainbridge-core/chains/evm/cli/erc20/erc20.go:18.17,20.4 1 0
github.com/ChainSafe/chainbridge-core/chains/evm/cli/erc20/erc20.go:25.13,32.2 6 1
github.com/ChainSafe/chainbridge-core/chains/evm/cli/erc20/get-allowance.go:21.50,23.3 1 0
github.com/ChainSafe/chainbridge-core/chains/evm/cli/erc20/get-allowance.go:24.67,26.3 1 0
github.com/ChainSafe/chainbridge-core/chains/evm/cli/erc20/get-allowance.go:27.54,29.17 2 0
github.com/ChainSafe/chainbridge-core/chains/evm/cli/erc20/get-allowance.go:32.3,33.17 2 0
github.com/ChainSafe/chainbridge-core/chains/evm/cli/erc20/get-allowance.go:36.3,36.77 1 0
github.com/ChainSafe/chainbridge-core/chains/evm/cli/erc20/get-allowance.go:29.17,31.4 1 0
github.com/ChainSafe/chainbridge-core/chains/evm/cli/erc20/get-allowance.go:33.17,35.4 1 0
github.com/ChainSafe/chainbridge-core/chains/evm/cli/erc20/get-allowance.go:38.54,40.17 2 0
github.com/ChainSafe/chainbridge-core/chains/evm/cli/erc20/get-allowance.go:43.3,43.13 1 0
github.com/ChainSafe/chainbridge-core/chains/evm/cli/erc20/get-allowance.go:40.17,42.4 1 0
github.com/ChainSafe/chainbridge-core/chains/evm/cli/erc20/get-allowance.go:47.48,52.2 4 1
github.com/ChainSafe/chainbridge-core/chains/evm/cli/erc20/get-allowance.go:54.13,56.2 1 1
github.com/ChainSafe/chainbridge-core/chains/evm/cli/erc20/get-allowance.go:57.73,58.40 1 1
github.com/ChainSafe/chainbridge-core/chains/evm/cli/erc20/get-allowance.go:61.2,61.40 1 1
github.com/ChainSafe/chainbridge-core/chains/evm/cli/erc20/get-allowance.go:64.2,64.42 1 1
[...]
github.com/ChainSafe/chainbridge-core/crypto/secp256k1/secp256k1.go:85.37,87.2 1 1
github.com/ChainSafe/chainbridge-core/crypto/secp256k1/secp256k1.go:90.51,92.2 1 0
github.com/ChainSafe/chainbridge-core/crypto/secp256k1/secp256k1.go:95.39,97.2 1 1
github.com/ChainSafe/chainbridge-core/crypto/secp256k1/secp256k1.go:100.51,102.2 1 0
github.com/ChainSafe/chainbridge-core/crypto/sr25519/sr25519.go:18.56,21.16 3 0
github.com/ChainSafe/chainbridge-core/crypto/sr25519/sr25519.go:24.2,24.63 1 0
github.com/ChainSafe/chainbridge-core/crypto/sr25519/sr25519.go:21.16,23.3 1 0
github.com/ChainSafe/chainbridge-core/crypto/sr25519/sr25519.go:27.65,30.2 2 1
github.com/ChainSafe/chainbridge-core/crypto/sr25519/sr25519.go:32.61,34.2 1 0
github.com/ChainSafe/chainbridge-core/crypto/sr25519/sr25519.go:37.59,39.2 1 1
github.com/ChainSafe/chainbridge-core/crypto/sr25519/sr25519.go:42.36,45.2 2 1
github.com/ChainSafe/chainbridge-core/crypto/sr25519/sr25519.go:48.44,51.2 2 1
github.com/ChainSafe/chainbridge-core/crypto/sr25519/sr25519.go:54.37,56.2 1 1
github.com/ChainSafe/chainbridge-core/crypto/sr25519/sr25519.go:59.39,61.2 1 1
github.com/ChainSafe/chainbridge-core/keystore/keyring.go:69.13,81.2 1 1
github.com/ChainSafe/chainbridge-core/keystore/keyring.go:83.50,85.27 2 1
github.com/ChainSafe/chainbridge-core/keystore/keyring.go:94.2,94.13 1 1
github.com/ChainSafe/chainbridge-core/keystore/keyring.go:85.27,88.17 3 1
github.com/ChainSafe/chainbridge-core/keystore/keyring.go:91.3,91.17 1 1
github.com/ChainSafe/chainbridge-core/keystore/keyring.go:88.17,89.14 1 0
github.com/ChainSafe/chainbridge-core/keystore/keyring.go:98.56,101.2 2 1
github.com/ChainSafe/chainbridge-core/keystore/keyring.go:104.87,108.27 3 1
github.com/ChainSafe/chainbridge-core/keystore/keyring.go:116.2,116.9 1 1
github.com/ChainSafe/chainbridge-core/keystore/keyring.go:120.2,120.16 1 1
github.com/ChainSafe/chainbridge-core/keystore/keyring.go:108.27,110.3 1 1
github.com/ChainSafe/chainbridge-core/keystore/keyring.go:110.8,110.34 1 1
github.com/ChainSafe/chainbridge-core/keystore/keyring.go:110.34,112.3 1 1
github.com/ChainSafe/chainbridge-core/keystore/keyring.go:112.8,114.3 1 0
github.com/ChainSafe/chainbridge-core/keystore/keyring.go:116.9,118.3 1 0
github.com/ChainSafe/chainbridge-core/keystore/keystore.go:44.94,45.14 1 0
github.com/ChainSafe/chainbridge-core/keystore/keystore.go:48.2,50.49 2 0
github.com/ChainSafe/chainbridge-core/keystore/keystore.go:54.2,55.54 2 0
github.com/ChainSafe/chainbridge-core/keystore/keystore.go:61.2,62.16 2 0
github.com/ChainSafe/chainbridge-core/keystore/keystore.go:66.2,66.16 1 0
github.com/ChainSafe/chainbridge-core/keystore/keystore.go:45.14,47.3 1 0
github.com/ChainSafe/chainbridge-core/keystore/keystore.go:50.49,52.3 1 0
github.com/ChainSafe/chainbridge-core/keystore/keystore.go:55.54,57.3 1 0
github.com/ChainSafe/chainbridge-core/keystore/keystore.go:57.8,59.3 1 0
github.com/ChainSafe/chainbridge-core/keystore/keystore.go:62.16,64.3 1 0
github.com/ChainSafe/chainbridge-core/keystore/decrypt.go:19.53,21.16 2 1
github.com/ChainSafe/chainbridge-core/keystore/decrypt.go:25.2,28.16 4 1
github.com/ChainSafe/chainbridge-core/keystore/decrypt.go:35.2,35.23 1 1
github.com/ChainSafe/chainbridge-core/keystore/decrypt.go:21.16,23.3 1 0
github.com/ChainSafe/chainbridge-core/keystore/decrypt.go:28.16,29.61 1 0
github.com/ChainSafe/chainbridge-core/keystore/decrypt.go:32.3,32.18 1 0
github.com/ChainSafe/chainbridge-core/keystore/decrypt.go:29.61,31.4 1 0
github.com/ChainSafe/chainbridge-core/keystore/decrypt.go:39.86,40.37 1 1
github.com/ChainSafe/chainbridge-core/keystore/decrypt.go:50.2,50.16 1 1
github.com/ChainSafe/chainbridge-core/keystore/decrypt.go:40.37,43.3 2 1
github.com/ChainSafe/chainbridge-core/keystore/decrypt.go:43.8,43.42 1 1
github.com/ChainSafe/chainbridge-core/keystore/decrypt.go:43.42,46.3 2 1
github.com/ChainSafe/chainbridge-core/keystore/decrypt.go:46.8,48.3 1 0
github.com/ChainSafe/chainbridge-core/keystore/decrypt.go:55.105,57.16 2 1
github.com/ChainSafe/chainbridge-core/keystore/decrypt.go:60.2,61.16 2 1
github.com/ChainSafe/chainbridge-core/keystore/decrypt.go:66.2,66.36 1 1
github.com/ChainSafe/chainbridge-core/keystore/decrypt.go:69.2,69.16 1 1
github.com/ChainSafe/chainbridge-core/keystore/decrypt.go:57.16,59.3 1 0
github.com/ChainSafe/chainbridge-core/keystore/decrypt.go:61.16,63.3 1 0
github.com/ChainSafe/chainbridge-core/keystore/decrypt.go:66.36,68.3 1 0
github.com/ChainSafe/chainbridge-core/keystore/decrypt.go:73.103,75.16 2 1
github.com/ChainSafe/chainbridge-core/keystore/decrypt.go:79.2,80.16 2 1
github.com/ChainSafe/chainbridge-core/keystore/decrypt.go:84.2,86.16 3 1
github.com/ChainSafe/chainbridge-core/keystore/decrypt.go:90.2,90.29 1 1
github.com/ChainSafe/chainbridge-core/keystore/decrypt.go:94.2,94.86 1 1
github.com/ChainSafe/chainbridge-core/keystore/decrypt.go:75.16,77.3 1 0
github.com/ChainSafe/chainbridge-core/keystore/decrypt.go:80.16,82.3 1 0
github.com/ChainSafe/chainbridge-core/keystore/decrypt.go:86.16,88.3 1 0
github.com/ChainSafe/chainbridge-core/keystore/decrypt.go:90.29,92.3 1 1
github.com/ChainSafe/chainbridge-core/keystore/encrypt.go:32.62,36.16 3 1
github.com/ChainSafe/chainbridge-core/keystore/encrypt.go:40.2,41.16 2 1
github.com/ChainSafe/chainbridge-core/keystore/encrypt.go:45.2,45.17 1 1
github.com/ChainSafe/chainbridge-core/keystore/encrypt.go:36.16,38.3 1 0
github.com/ChainSafe/chainbridge-core/keystore/encrypt.go:41.16,43.3 1 0
github.com/ChainSafe/chainbridge-core/keystore/encrypt.go:49.52,51.16 2 1
github.com/ChainSafe/chainbridge-core/keystore/encrypt.go:55.2,56.58 2 1
github.com/ChainSafe/chainbridge-core/keystore/encrypt.go:60.2,61.24 2 1
github.com/ChainSafe/chainbridge-core/keystore/encrypt.go:51.16,53.3 1 0
github.com/ChainSafe/chainbridge-core/keystore/encrypt.go:56.58,58.3 1 0
github.com/ChainSafe/chainbridge-core/keystore/encrypt.go:66.73,68.2 1 1
github.com/ChainSafe/chainbridge-core/keystore/encrypt.go:71.85,73.16 2 1
github.com/ChainSafe/chainbridge-core/keystore/encrypt.go:77.2,79.40 2 1
github.com/ChainSafe/chainbridge-core/keystore/encrypt.go:83.2,83.42 1 1
github.com/ChainSafe/chainbridge-core/keystore/encrypt.go:87.2,87.19 1 1
github.com/ChainSafe/chainbridge-core/keystore/encrypt.go:91.2,99.16 3 1
github.com/ChainSafe/chainbridge-core/keystore/encrypt.go:103.2,104.12 2 1
github.com/ChainSafe/chainbridge-core/keystore/encrypt.go:73.16,75.3 1 0
github.com/ChainSafe/chainbridge-core/keystore/encrypt.go:79.40,81.3 1 1
github.com/ChainSafe/chainbridge-core/keystore/encrypt.go:83.42,85.3 1 1
github.com/ChainSafe/chainbridge-core/keystore/encrypt.go:87.19,89.3 1 0
github.com/ChainSafe/chainbridge-core/keystore/encrypt.go:99.16,101.3 1 0
github.com/ChainSafe/chainbridge-core/keystore/encrypt.go:108.37,109.6 1 0
github.com/ChainSafe/chainbridge-core/keystore/encrypt.go:109.6,113.17 4 0
github.com/ChainSafe/chainbridge-core/keystore/encrypt.go:113.17,115.4 1 0
github.com/ChainSafe/chainbridge-core/keystore/encrypt.go:115.9,118.4 2 0
github.com/ChainSafe/chainbridge-core/relayer/relayer.go:23.113,25.2 1 1
github.com/ChainSafe/chainbridge-core/relayer/relayer.go:36.66,40.36 3 0
github.com/ChainSafe/chainbridge-core/relayer/relayer.go:46.2,46.6 1 0
github.com/ChainSafe/chainbridge-core/relayer/relayer.go:40.36,44.3 3 0
github.com/ChainSafe/chainbridge-core/relayer/relayer.go:46.6,47.10 1 0
github.com/ChainSafe/chainbridge-core/relayer/relayer.go:48.31,50.12 2 0
github.com/ChainSafe/chainbridge-core/relayer/relayer.go:51.15,52.10 1 0
github.com/ChainSafe/chainbridge-core/relayer/relayer.go:58.45,62.9 3 1
github.com/ChainSafe/chainbridge-core/relayer/relayer.go:67.2,67.41 1 1
github.com/ChainSafe/chainbridge-core/relayer/relayer.go:74.2,76.43 2 1
github.com/ChainSafe/chainbridge-core/relayer/relayer.go:62.9,65.3 2 1
github.com/ChainSafe/chainbridge-core/relayer/relayer.go:67.41,68.31 1 1
github.com/ChainSafe/chainbridge-core/relayer/relayer.go:68.31,71.4 2 1
github.com/ChainSafe/chainbridge-core/relayer/relayer.go:76.43,79.3 2 1
github.com/ChainSafe/chainbridge-core/relayer/relayer.go:82.51,83.23 1 1
github.com/ChainSafe/chainbridge-core/relayer/relayer.go:86.2,87.26 2 1
github.com/ChainSafe/chainbridge-core/relayer/relayer.go:83.23,85.3 1 1
github.com/ChainSafe/chainbridge-core/relayer/message/message.go:62.12,72.2 1 0
github.com/ChainSafe/chainbridge-core/relayer/message/message.go:76.63,87.9 3 1
github.com/ChainSafe/chainbridge-core/relayer/message/message.go:94.2,96.32 2 1
github.com/ChainSafe/chainbridge-core/relayer/message/message.go:87.9,90.3 2 0
github.com/ChainSafe/chainbridge-core/relayer/message/message_processors.go:14.89,15.32 1 1
github.com/ChainSafe/chainbridge-core/relayer/message/message_processors.go:15.32,16.21 1 1
github.com/ChainSafe/chainbridge-core/relayer/message/message_processors.go:19.3,20.10 2 1
github.com/ChainSafe/chainbridge-core/relayer/message/message_processors.go:23.3,24.10 2 1
github.com/ChainSafe/chainbridge-core/relayer/message/message_processors.go:27.3,28.10 2 1
github.com/ChainSafe/chainbridge-core/relayer/message/message_processors.go:31.3,32.10 2 1
github.com/ChainSafe/chainbridge-core/relayer/message/message_processors.go:35.3,36.34 2 1
github.com/ChainSafe/chainbridge-core/relayer/message/message_processors.go:44.3,44.34 1 1
github.com/ChainSafe/chainbridge-core/relayer/message/message_processors.go:51.3,51.13 1 1
github.com/ChainSafe/chainbridge-core/relayer/message/message_processors.go:16.21,18.4 1 0
github.com/ChainSafe/chainbridge-core/relayer/message/message_processors.go:20.10,22.4 1 0
github.com/ChainSafe/chainbridge-core/relayer/message/message_processors.go:24.10,26.4 1 0
github.com/ChainSafe/chainbridge-core/relayer/message/message_processors.go:28.10,30.4 1 0
github.com/ChainSafe/chainbridge-core/relayer/message/message_processors.go:32.10,34.4 1 0
github.com/ChainSafe/chainbridge-core/relayer/message/message_processors.go:36.34,43.4 6 1
github.com/ChainSafe/chainbridge-core/relayer/message/message_processors.go:44.34,50.4 5 1
github.com/ChainSafe/chainbridge-core/store/block.go:19.57,23.2 1 1
github.com/ChainSafe/chainbridge-core/store/block.go:26.72,32.16 5 1
github.com/ChainSafe/chainbridge-core/store/block.go:36.2,36.12 1 1
github.com/ChainSafe/chainbridge-core/store/block.go:32.16,34.3 1 1
github.com/ChainSafe/chainbridge-core/store/block.go:40.76,46.16 5 1
github.com/ChainSafe/chainbridge-core/store/block.go:53.2,54.19 2 1
github.com/ChainSafe/chainbridge-core/store/block.go:46.16,47.42 1 1
github.com/ChainSafe/chainbridge-core/store/block.go:50.3,50.18 1 1
github.com/ChainSafe/chainbridge-core/store/block.go:47.42,49.4 1 1
github.com/ChainSafe/chainbridge-core/store/block.go:59.117,60.12 1 1
github.com/ChainSafe/chainbridge-core/store/block.go:64.2,64.11 1 1
github.com/ChainSafe/chainbridge-core/store/block.go:68.2,69.16 2 1
github.com/ChainSafe/chainbridge-core/store/block.go:73.2,73.38 1 1
github.com/ChainSafe/chainbridge-core/store/block.go:60.12,62.3 1 1
github.com/ChainSafe/chainbridge-core/store/block.go:64.11,66.3 1 1
github.com/ChainSafe/chainbridge-core/store/block.go:69.16,71.3 1 1
github.com/ChainSafe/chainbridge-core/store/block.go:73.38,75.3 1 1
github.com/ChainSafe/chainbridge-core/store/block.go:75.8,77.3 1 1
github.com/ChainSafe/chainbridge-core/store/keyshare.go:21.90,27.2 1 1
github.com/ChainSafe/chainbridge-core/store/keyshare.go:34.55,38.2 1 1
github.com/ChainSafe/chainbridge-core/store/keyshare.go:43.41,45.2 1 1
github.com/ChainSafe/chainbridge-core/store/keyshare.go:48.43,50.2 1 1
github.com/ChainSafe/chainbridge-core/store/keyshare.go:54.65,56.16 2 1
github.com/ChainSafe/chainbridge-core/store/keyshare.go:59.2,62.16 3 1
github.com/ChainSafe/chainbridge-core/store/keyshare.go:66.2,67.12 2 1
github.com/ChainSafe/chainbridge-core/store/keyshare.go:56.16,58.3 1 0
github.com/ChainSafe/chainbridge-core/store/keyshare.go:62.16,64.3 1 0
github.com/ChainSafe/chainbridge-core/store/keyshare.go:72.58,79.16 5 1
github.com/ChainSafe/chainbridge-core/store/keyshare.go:83.2,84.16 2 1
github.com/ChainSafe/chainbridge-core/store/keyshare.go:88.2,88.15 1 1
github.com/ChainSafe/chainbridge-core/store/keyshare.go:79.16,81.3 1 1
github.com/ChainSafe/chainbridge-core/store/keyshare.go:84.16,86.3 1 0
github.com/ChainSafe/chainbridge-core/store/nonce.go:19.57,23.2 1 1
github.com/ChainSafe/chainbridge-core/store/nonce.go:26.74,32.16 5 1
github.com/ChainSafe/chainbridge-core/store/nonce.go:36.2,36.12 1 1
github.com/ChainSafe/chainbridge-core/store/nonce.go:32.16,34.3 1 1
github.com/ChainSafe/chainbridge-core/store/nonce.go:40.68,46.16 5 1
github.com/ChainSafe/chainbridge-core/store/nonce.go:53.2,54.19 2 1
github.com/ChainSafe/chainbridge-core/store/nonce.go:46.16,47.42 1 1
github.com/ChainSafe/chainbridge-core/store/nonce.go:50.3,50.18 1 1
github.com/ChainSafe/chainbridge-core/store/nonce.go:47.42,49.4 1 1
github.com/ChainSafe/chainbridge-core/tss/coordinator.go:36.16,44.2 1 1
github.com/ChainSafe/chainbridge-core/tss/coordinator.go:47.71,48.18 1 1
github.com/ChainSafe/chainbridge-core/tss/coordinator.go:54.2,56.16 3 1
github.com/ChainSafe/chainbridge-core/tss/coordinator.go:62.2,62.15 1 1
github.com/ChainSafe/chainbridge-core/tss/coordinator.go:48.18,50.3 1 1
github.com/ChainSafe/chainbridge-core/tss/coordinator.go:50.8,52.3 1 1
github.com/ChainSafe/chainbridge-core/tss/coordinator.go:56.16,60.3 3 1
github.com/ChainSafe/chainbridge-core/tss/coordinator.go:67.39,71.2 3 1
github.com/ChainSafe/chainbridge-core/tss/coordinator.go:74.46,79.2 2 1
github.com/ChainSafe/chainbridge-core/tss/coordinator.go:84.53,97.6 9 1
github.com/ChainSafe/chainbridge-core/tss/coordinator.go:97.6,98.10 1 1
github.com/ChainSafe/chainbridge-core/tss/coordinator.go:99.28,100.4 1 1
github.com/ChainSafe/chainbridge-core/tss/coordinator.go:120.19,121.4 1 1
github.com/ChainSafe/chainbridge-core/tss/coordinator.go:124.21,125.4 1 0
github.com/ChainSafe/chainbridge-core/tss/coordinator.go:100.4,103.38 3 1
github.com/ChainSafe/chainbridge-core/tss/coordinator.go:107.5,109.19 3 1
github.com/ChainSafe/chainbridge-core/tss/coordinator.go:114.5,118.11 3 1
github.com/ChainSafe/chainbridge-core/tss/coordinator.go:103.38,104.14 1 1
github.com/ChainSafe/chainbridge-core/tss/coordinator.go:109.19,112.6 2 0
github.com/ChainSafe/chainbridge-core/tss/coordinator.go:121.4,123.5 1 1
github.com/ChainSafe/chainbridge-core/tss/coordinator.go:125.4,127.5 1 0
github.com/ChainSafe/chainbridge-core/tss/coordinator.go:134.57,143.6 7 1
github.com/ChainSafe/chainbridge-core/tss/coordinator.go:143.6,144.10 1 1
github.com/ChainSafe/chainbridge-core/tss/coordinator.go:145.26,146.4 1 1
github.com/ChainSafe/chainbridge-core/tss/coordinator.go:152.34,153.4 1 1
github.com/ChainSafe/chainbridge-core/tss/coordinator.go:165.21,166.4 1 0
github.com/ChainSafe/chainbridge-core/tss/coordinator.go:146.4,151.5 2 1
github.com/ChainSafe/chainbridge-core/tss/coordinator.go:153.4,157.19 3 1
github.com/ChainSafe/chainbridge-core/tss/coordinator.go:162.5,163.11 2 1
github.com/ChainSafe/chainbridge-core/tss/coordinator.go:157.19,160.6 2 0
github.com/ChainSafe/chainbridge-core/tss/coordinator.go:166.4,168.5 1 0
github.com/ChainSafe/chainbridge-core/tss/common/sort.go:18.40,20.2 1 1
github.com/ChainSafe/chainbridge-core/tss/common/sort.go:22.45,24.2 1 1
github.com/ChainSafe/chainbridge-core/tss/common/sort.go:26.50,31.2 4 1
github.com/ChainSafe/chainbridge-core/tss/common/utils.go:11.48,15.2 2 1
github.com/ChainSafe/chainbridge-core/tss/common/utils.go:17.73,18.40 1 1
github.com/ChainSafe/chainbridge-core/tss/common/utils.go:24.2,24.14 1 1
github.com/ChainSafe/chainbridge-core/tss/common/utils.go:18.40,19.35 1 1
github.com/ChainSafe/chainbridge-core/tss/common/utils.go:19.35,21.4 1 1
github.com/ChainSafe/chainbridge-core/tss/common/utils.go:27.66,29.32 2 1
github.com/ChainSafe/chainbridge-core/tss/common/utils.go:38.2,38.19 1 1
github.com/ChainSafe/chainbridge-core/tss/common/utils.go:29.32,31.17 2 1
github.com/ChainSafe/chainbridge-core/tss/common/utils.go:35.3,35.20 1 1
github.com/ChainSafe/chainbridge-core/tss/common/utils.go:31.17,33.4 1 1
github.com/ChainSafe/chainbridge-core/tss/common/utils.go:41.62,44.29 2 0
github.com/ChainSafe/chainbridge-core/tss/common/utils.go:48.2,48.42 1 0
github.com/ChainSafe/chainbridge-core/tss/common/utils.go:44.29,46.3 1 0
github.com/ChainSafe/chainbridge-core/tss/common/utils.go:51.79,53.26 2 1
github.com/ChainSafe/chainbridge-core/tss/common/utils.go:60.2,61.20 2 1
github.com/ChainSafe/chainbridge-core/tss/common/utils.go:53.26,59.3 2 1
github.com/ChainSafe/chainbridge-core/tss/common/base.go:37.66,38.32 1 1
github.com/ChainSafe/chainbridge-core/tss/common/base.go:38.32,40.3 1 1
github.com/ChainSafe/chainbridge-core/tss/common/base.go:44.107,45.6 1 1
github.com/ChainSafe/chainbridge-core/tss/common/base.go:45.6,46.10 1 1
github.com/ChainSafe/chainbridge-core/tss/common/base.go:47.26,48.4 1 1
github.com/ChainSafe/chainbridge-core/tss/common/base.go:76.21,77.4 1 1
github.com/ChainSafe/chainbridge-core/tss/common/base.go:48.4,49.15 1 1
github.com/ChainSafe/chainbridge-core/tss/common/base.go:49.15,50.19 1 1
github.com/ChainSafe/chainbridge-core/tss/common/base.go:62.6,65.20 3 1
github.com/ChainSafe/chainbridge-core/tss/common/base.go:70.6,71.13 2 1
github.com/ChainSafe/chainbridge-core/tss/common/base.go:50.19,51.35 1 1
github.com/ChainSafe/chainbridge-core/tss/common/base.go:51.35,52.29 1 0
github.com/ChainSafe/chainbridge-core/tss/common/base.go:53.20,54.34 1 0
github.com/ChainSafe/chainbridge-core/tss/common/base.go:55.19,56.22 1 0
github.com/ChainSafe/chainbridge-core/tss/common/base.go:57.16,58.48 1 0
github.com/ChainSafe/chainbridge-core/tss/common/base.go:65.20,68.7 2 0
github.com/ChainSafe/chainbridge-core/tss/common/base.go:71.13,73.7 1 1
github.com/ChainSafe/chainbridge-core/tss/common/base.go:77.4,79.5 1 1
github.com/ChainSafe/chainbridge-core/tss/common/base.go:86.139,87.6 1 1
github.com/ChainSafe/chainbridge-core/tss/common/base.go:87.6,88.10 1 1
github.com/ChainSafe/chainbridge-core/tss/common/base.go:89.24,90.4 1 1
github.com/ChainSafe/chainbridge-core/tss/common/base.go:113.21,114.4 1 0
github.com/ChainSafe/chainbridge-core/tss/common/base.go:90.4,92.19 2 1
github.com/ChainSafe/chainbridge-core/tss/common/base.go:97.5,98.19 2 1
github.com/ChainSafe/chainbridge-core/tss/common/base.go:103.5,104.19 2 1
github.com/ChainSafe/chainbridge-core/tss/common/base.go:109.5,111.83 2 1
github.com/ChainSafe/chainbridge-core/tss/common/base.go:92.19,95.6 2 1
github.com/ChainSafe/chainbridge-core/tss/common/base.go:98.19,101.6 2 0
github.com/ChainSafe/chainbridge-core/tss/common/base.go:104.19,107.6 2 1
github.com/ChainSafe/chainbridge-core/tss/common/base.go:114.4,116.5 1 0
github.com/ChainSafe/chainbridge-core/tss/common/base.go:123.42,125.2 1 0
github.com/ChainSafe/chainbridge-core/tss/common/base.go:128.70,129.23 1 1
github.com/ChainSafe/chainbridge-core/tss/common/base.go:129.23,131.3 1 1
github.com/ChainSafe/chainbridge-core/tss/common/base.go:131.8,133.3 1 1
github.com/ChainSafe/chainbridge-core/tss/common/base.go:136.38,138.2 1 1
github.com/ChainSafe/chainbridge-core/tss/common/messages.go:13.88,21.16 3 1
github.com/ChainSafe/chainbridge-core/tss/common/messages.go:25.2,25.22 1 1
github.com/ChainSafe/chainbridge-core/tss/common/messages.go:21.16,23.3 1 0
github.com/ChainSafe/chainbridge-core/tss/common/messages.go:28.64,31.16 3 1
github.com/ChainSafe/chainbridge-core/tss/common/messages.go:35.2,35.17 1 1
github.com/ChainSafe/chainbridge-core/tss/common/messages.go:31.16,33.3 1 0
github.com/ChainSafe/chainbridge-core/tss/common/messages.go:42.59,48.16 3 1
github.com/ChainSafe/chainbridge-core/tss/common/messages.go:52.2,52.22 1 1
github.com/ChainSafe/chainbridge-core/tss/common/messages.go:48.16,50.3 1 0
github.com/ChainSafe/chainbridge-core/tss/common/messages.go:55.68,58.16 3 1
github.com/ChainSafe/chainbridge-core/tss/common/messages.go:62.2,62.17 1 1
github.com/ChainSafe/chainbridge-core/tss/common/messages.go:58.16,60.3 1 0
