mode: set
github.com/ChainSafe/chainbridge-core/chains/evm/calls/calls.go:52.106,54.16 2 0
github.com/ChainSafe/chainbridge-core/chains/evm/calls/calls.go:59.2,70.16 4 0
github.com/ChainSafe/chainbridge-core/chains/evm/calls/calls.go:74.2,75.16 2 0
github.com/ChainSafe/chainbridge-core/chains/evm/calls/calls.go:79.2,80.16 2 0
github.com/ChainSafe/chainbridge-core/chains/evm/calls/calls.go:54.16,57.3 2 0
github.com/ChainSafe/chainbridge-core/chains/evm/calls/calls.go:70.16,73.3 2 0
github.com/ChainSafe/chainbridge-core/chains/evm/calls/calls.go:75.16,78.3 2 0
github.com/ChainSafe/chainbridge-core/chains/evm/calls/util.go:13.48,18.2 4 1
github.com/ChainSafe/chainbridge-core/chains/evm/calls/util.go:20.41,24.2 3 0
github.com/ChainSafe/chainbridge-core/chains/evm/calls/util.go:28.61,33.23 2 1
github.com/ChainSafe/chainbridge-core/chains/evm/calls/util.go:36.2,36.22 1 1
github.com/ChainSafe/chainbridge-core/chains/evm/calls/util.go:39.2,39.18 1 1
github.com/ChainSafe/chainbridge-core/chains/evm/calls/util.go:42.2,42.25 1 1
github.com/ChainSafe/chainbridge-core/chains/evm/calls/util.go:45.2,45.12 1 1
github.com/ChainSafe/chainbridge-core/chains/evm/calls/util.go:33.23,35.3 1 1
github.com/ChainSafe/chainbridge-core/chains/evm/calls/util.go:36.22,38.3 1 1
github.com/ChainSafe/chainbridge-core/chains/evm/calls/util.go:39.18,41.3 1 1
github.com/ChainSafe/chainbridge-core/chains/evm/calls/util.go:42.25,44.3 1 1
github.com/ChainSafe/chainbridge-core/chains/evm/calls/util.go:50.73,52.9 2 1
github.com/ChainSafe/chainbridge-core/chains/evm/calls/util.go:55.2,59.9 4 1
github.com/ChainSafe/chainbridge-core/chains/evm/calls/util.go:63.2,63.15 1 1
github.com/ChainSafe/chainbridge-core/chains/evm/calls/util.go:52.9,54.3 1 0
github.com/ChainSafe/chainbridge-core/chains/evm/calls/util.go:59.9,61.3 1 0
github.com/ChainSafe/chainbridge-core/chains/evm/calls/contracts/contract.go:30.12,38.2 1 1
github.com/ChainSafe/chainbridge-core/chains/evm/calls/contracts/contract.go:40.54,42.2 1 0
github.com/ChainSafe/chainbridge-core/chains/evm/calls/contracts/contract.go:44.83,46.16 2 1
github.com/ChainSafe/chainbridge-core/chains/evm/calls/contracts/contract.go:50.2,50.19 1 1
github.com/ChainSafe/chainbridge-core/chains/evm/calls/contracts/contract.go:46.16,49.3 2 1
github.com/ChainSafe/chainbridge-core/chains/evm/calls/contracts/contract.go:53.86,55.16 2 1
github.com/ChainSafe/chainbridge-core/chains/evm/calls/contracts/contract.go:59.2,59.17 1 0
github.com/ChainSafe/chainbridge-core/chains/evm/calls/contracts/contract.go:55.16,58.3 2 1
github.com/ChainSafe/chainbridge-core/chains/evm/calls/contracts/contract.go:62.130,64.16 2 1
github.com/ChainSafe/chainbridge-core/chains/evm/calls/contracts/contract.go:67.2,68.16 2 1
github.com/ChainSafe/chainbridge-core/chains/evm/calls/contracts/contract.go:75.2,79.15 2 1
github.com/ChainSafe/chainbridge-core/chains/evm/calls/contracts/contract.go:64.16,66.3 1 1
github.com/ChainSafe/chainbridge-core/chains/evm/calls/contracts/contract.go:68.16,74.3 2 1
github.com/ChainSafe/chainbridge-core/chains/evm/calls/contracts/contract.go:82.92,84.16 2 1
github.com/ChainSafe/chainbridge-core/chains/evm/calls/contracts/contract.go:87.2,89.16 3 1
github.com/ChainSafe/chainbridge-core/chains/evm/calls/contracts/contract.go:96.2,96.19 1 0
github.com/ChainSafe/chainbridge-core/chains/evm/calls/contracts/contract.go:104.2,107.36 2 0
github.com/ChainSafe/chainbridge-core/chains/evm/calls/contracts/contract.go:84.16,86.3 1 1
github.com/ChainSafe/chainbridge-core/chains/evm/calls/contracts/contract.go:89.16,95.3 2 1
github.com/ChainSafe/chainbridge-core/chains/evm/calls/contracts/contract.go:96.19,98.93 1 0
github.com/ChainSafe/chainbridge-core/chains/evm/calls/contracts/contract.go:98.93,100.4 1 0
github.com/ChainSafe/chainbridge-core/chains/evm/calls/contracts/contract.go:100.9,100.28 1 0
github.com/ChainSafe/chainbridge-core/chains/evm/calls/contracts/contract.go:100.28,102.4 1 0
github.com/ChainSafe/chainbridge-core/chains/evm/calls/contracts/contract.go:110.82,112.16 2 1
github.com/ChainSafe/chainbridge-core/chains/evm/calls/contracts/contract.go:115.2,117.16 3 1
github.com/ChainSafe/chainbridge-core/chains/evm/calls/contracts/contract.go:120.2,121.16 2 1
github.com/ChainSafe/chainbridge-core/chains/evm/calls/contracts/contract.go:124.2,130.21 4 0
github.com/ChainSafe/chainbridge-core/chains/evm/calls/contracts/contract.go:112.16,114.3 1 1
github.com/ChainSafe/chainbridge-core/chains/evm/calls/contracts/contract.go:117.16,119.3 1 1
github.com/ChainSafe/chainbridge-core/chains/evm/calls/contracts/contract.go:121.16,123.3 1 1
github.com/ChainSafe/chainbridge-core/chains/evm/calls/contracts/bridge/bridge.go:31.19,35.2 3 1
github.com/ChainSafe/chainbridge-core/chains/evm/calls/contracts/bridge/bridge.go:40.25,47.2 2 0
github.com/ChainSafe/chainbridge-core/chains/evm/calls/contracts/bridge/bridge.go:57.25,64.2 2 0
github.com/ChainSafe/chainbridge-core/chains/evm/calls/contracts/bridge/bridge.go:71.25,78.2 2 0
github.com/ChainSafe/chainbridge-core/chains/evm/calls/contracts/bridge/bridge.go:84.25,91.2 2 0
github.com/ChainSafe/chainbridge-core/chains/evm/calls/contracts/bridge/bridge.go:96.25,103.2 2 0
github.com/ChainSafe/chainbridge-core/chains/evm/calls/contracts/bridge/bridge.go:109.25,116.2 2 0
github.com/ChainSafe/chainbridge-core/chains/evm/calls/contracts/bridge/bridge.go:123.25,129.2 1 0
github.com/ChainSafe/chainbridge-core/chains/evm/calls/contracts/bridge/bridge.go:137.25,145.16 4 0
github.com/ChainSafe/chainbridge-core/chains/evm/calls/contracts/bridge/bridge.go:149.2,149.20 1 0
github.com/ChainSafe/chainbridge-core/chains/evm/calls/contracts/bridge/bridge.go:145.16,148.3 2 0
github.com/ChainSafe/chainbridge-core/chains/evm/calls/contracts/bridge/bridge.go:159.25,167.16 4 0
github.com/ChainSafe/chainbridge-core/chains/evm/calls/contracts/bridge/bridge.go:171.2,171.20 1 0
github.com/ChainSafe/chainbridge-core/chains/evm/calls/contracts/bridge/bridge.go:167.16,170.3 2 0
github.com/ChainSafe/chainbridge-core/chains/evm/calls/contracts/bridge/bridge.go:179.25,185.16 4 0
github.com/ChainSafe/chainbridge-core/chains/evm/calls/contracts/bridge/bridge.go:189.2,189.20 1 0
github.com/ChainSafe/chainbridge-core/chains/evm/calls/contracts/bridge/bridge.go:185.16,188.3 2 0
github.com/ChainSafe/chainbridge-core/chains/evm/calls/contracts/bridge/bridge.go:195.25,206.2 2 0
github.com/ChainSafe/chainbridge-core/chains/evm/calls/contracts/bridge/bridge.go:211.25,222.2 2 0
github.com/ChainSafe/chainbridge-core/chains/evm/calls/contracts/bridge/bridge.go:224.82,235.2 3 0
github.com/ChainSafe/chainbridge-core/chains/evm/calls/contracts/bridge/bridge.go:237.87,243.2 2 0
github.com/ChainSafe/chainbridge-core/chains/evm/calls/contracts/bridge/bridge.go:245.89,251.2 2 0
github.com/ChainSafe/chainbridge-core/chains/evm/calls/contracts/bridge/bridge.go:259.25,270.2 5 1
github.com/ChainSafe/chainbridge-core/chains/evm/calls/contracts/bridge/bridge.go:272.56,275.16 3 0
github.com/ChainSafe/chainbridge-core/chains/evm/calls/contracts/bridge/bridge.go:278.2,279.17 2 0
github.com/ChainSafe/chainbridge-core/chains/evm/calls/contracts/bridge/bridge.go:275.16,277.3 1 0
github.com/ChainSafe/chainbridge-core/chains/evm/calls/contracts/bridge/bridge.go:282.81,285.16 3 0
github.com/ChainSafe/chainbridge-core/chains/evm/calls/contracts/bridge/bridge.go:288.2,289.18 2 0
github.com/ChainSafe/chainbridge-core/chains/evm/calls/contracts/bridge/bridge.go:285.16,287.3 1 0
github.com/ChainSafe/chainbridge-core/chains/evm/calls/contracts/bridge/bridge.go:292.95,299.16 3 1
github.com/ChainSafe/chainbridge-core/chains/evm/calls/contracts/bridge/bridge.go:302.2,303.17 2 1
github.com/ChainSafe/chainbridge-core/chains/evm/calls/contracts/bridge/bridge.go:299.16,301.3 1 1
github.com/ChainSafe/chainbridge-core/chains/evm/calls/contracts/bridge/bridge.go:306.99,313.16 3 0
github.com/ChainSafe/chainbridge-core/chains/evm/calls/contracts/bridge/bridge.go:316.2,317.17 2 0
github.com/ChainSafe/chainbridge-core/chains/evm/calls/contracts/bridge/bridge.go:313.16,315.3 1 0
github.com/ChainSafe/chainbridge-core/chains/evm/calls/contracts/bridge/bridge.go:322.27,325.16 3 0
github.com/ChainSafe/chainbridge-core/chains/evm/calls/contracts/bridge/bridge.go:328.2,329.17 2 0
github.com/ChainSafe/chainbridge-core/chains/evm/calls/contracts/bridge/bridge.go:325.16,327.3 1 0
github.com/ChainSafe/chainbridge-core/chains/evm/calls/contracts/bridge/bridge.go:332.53,337.2 4 0
github.com/ChainSafe/chainbridge-core/chains/evm/calls/contracts/centrifuge/assetStore.go:24.23,28.2 3 1
github.com/ChainSafe/chainbridge-core/chains/evm/calls/contracts/centrifuge/assetStore.go:30.83,35.16 3 1
github.com/ChainSafe/chainbridge-core/chains/evm/calls/contracts/centrifuge/assetStore.go:39.2,40.27 2 1
github.com/ChainSafe/chainbridge-core/chains/evm/calls/contracts/centrifuge/assetStore.go:35.16,37.3 1 1
github.com/ChainSafe/chainbridge-core/chains/evm/calls/contracts/erc721/erc721.go:24.19,28.2 3 1
github.com/ChainSafe/chainbridge-core/chains/evm/calls/contracts/erc721/erc721.go:32.25,35.16 3 0
github.com/ChainSafe/chainbridge-core/chains/evm/calls/contracts/erc721/erc721.go:38.2,38.62 1 0
github.com/ChainSafe/chainbridge-core/chains/evm/calls/contracts/erc721/erc721.go:35.16,37.3 1 0
github.com/ChainSafe/chainbridge-core/chains/evm/calls/contracts/erc721/erc721.go:43.25,46.2 2 1
github.com/ChainSafe/chainbridge-core/chains/evm/calls/contracts/erc721/erc721.go:50.25,53.2 2 0
github.com/ChainSafe/chainbridge-core/chains/evm/calls/contracts/erc721/erc721.go:55.75,58.16 3 0
github.com/ChainSafe/chainbridge-core/chains/evm/calls/contracts/erc721/erc721.go:62.2,63.23 2 0
github.com/ChainSafe/chainbridge-core/chains/evm/calls/contracts/erc721/erc721.go:58.16,60.3 1 0
github.com/ChainSafe/chainbridge-core/chains/evm/calls/contracts/erc721/erc721.go:66.57,68.16 2 0
github.com/ChainSafe/chainbridge-core/chains/evm/calls/contracts/erc721/erc721.go:71.2,72.17 2 0
github.com/ChainSafe/chainbridge-core/chains/evm/calls/contracts/erc721/erc721.go:68.16,70.3 1 0
github.com/ChainSafe/chainbridge-core/chains/evm/calls/contracts/erc721/erc721Handler.go:21.26,25.2 3 0
github.com/ChainSafe/chainbridge-core/chains/evm/calls/evmclient/evm-client.go:70.91,72.16 2 0
github.com/ChainSafe/chainbridge-core/chains/evm/calls/evmclient/evm-client.go:75.2,80.15 6 0
github.com/ChainSafe/chainbridge-core/chains/evm/calls/evmclient/evm-client.go:72.16,74.3 1 0
github.com/ChainSafe/chainbridge-core/chains/evm/calls/evmclient/evm-client.go:85.61,90.16 4 0
github.com/ChainSafe/chainbridge-core/chains/evm/calls/evmclient/evm-client.go:93.2,97.16 4 0
github.com/ChainSafe/chainbridge-core/chains/evm/calls/evmclient/evm-client.go:100.2,104.15 4 0
github.com/ChainSafe/chainbridge-core/chains/evm/calls/evmclient/evm-client.go:90.16,92.3 1 0
github.com/ChainSafe/chainbridge-core/chains/evm/calls/evmclient/evm-client.go:97.16,99.3 1 0
github.com/ChainSafe/chainbridge-core/chains/evm/calls/evmclient/evm-client.go:107.127,109.2 1 0
github.com/ChainSafe/chainbridge-core/chains/evm/calls/evmclient/evm-client.go:112.53,115.31 3 0
github.com/ChainSafe/chainbridge-core/chains/evm/calls/evmclient/evm-client.go:118.2,118.16 1 0
github.com/ChainSafe/chainbridge-core/chains/evm/calls/evmclient/evm-client.go:121.2,121.25 1 0
github.com/ChainSafe/chainbridge-core/chains/evm/calls/evmclient/evm-client.go:115.31,117.3 1 0
github.com/ChainSafe/chainbridge-core/chains/evm/calls/evmclient/evm-client.go:118.16,120.3 1 0
github.com/ChainSafe/chainbridge-core/chains/evm/calls/evmclient/evm-client.go:128.58,133.52 3 0
github.com/ChainSafe/chainbridge-core/chains/evm/calls/evmclient/evm-client.go:136.2,136.23 1 0
github.com/ChainSafe/chainbridge-core/chains/evm/calls/evmclient/evm-client.go:139.2,140.12 2 0
github.com/ChainSafe/chainbridge-core/chains/evm/calls/evmclient/evm-client.go:133.52,135.3 1 0
github.com/ChainSafe/chainbridge-core/chains/evm/calls/evmclient/evm-client.go:136.23,138.3 1 0
github.com/ChainSafe/chainbridge-core/chains/evm/calls/evmclient/evm-client.go:143.83,145.16 2 0
github.com/ChainSafe/chainbridge-core/chains/evm/calls/evmclient/evm-client.go:157.2,157.45 1 0
github.com/ChainSafe/chainbridge-core/chains/evm/calls/evmclient/evm-client.go:145.16,147.17 2 0
github.com/ChainSafe/chainbridge-core/chains/evm/calls/evmclient/evm-client.go:152.3,152.26 1 0
github.com/ChainSafe/chainbridge-core/chains/evm/calls/evmclient/evm-client.go:155.3,155.22 1 0
github.com/ChainSafe/chainbridge-core/chains/evm/calls/evmclient/evm-client.go:147.17,150.12 3 0
github.com/ChainSafe/chainbridge-core/chains/evm/calls/evmclient/evm-client.go:152.26,154.4 1 0
github.com/ChainSafe/chainbridge-core/chains/evm/calls/evmclient/evm-client.go:160.108,162.2 1 0
github.com/ChainSafe/chainbridge-core/chains/evm/calls/evmclient/evm-client.go:176.155,178.16 2 0
github.com/ChainSafe/chainbridge-core/chains/evm/calls/evmclient/evm-client.go:181.2,184.16 3 0
github.com/ChainSafe/chainbridge-core/chains/evm/calls/evmclient/evm-client.go:188.2,188.25 1 0
github.com/ChainSafe/chainbridge-core/chains/evm/calls/evmclient/evm-client.go:199.2,199.25 1 0
github.com/ChainSafe/chainbridge-core/chains/evm/calls/evmclient/evm-client.go:178.16,180.3 1 0
github.com/ChainSafe/chainbridge-core/chains/evm/calls/evmclient/evm-client.go:184.16,186.3 1 0
github.com/ChainSafe/chainbridge-core/chains/evm/calls/evmclient/evm-client.go:188.25,190.17 2 0
github.com/ChainSafe/chainbridge-core/chains/evm/calls/evmclient/evm-client.go:194.3,196.40 2 0
github.com/ChainSafe/chainbridge-core/chains/evm/calls/evmclient/evm-client.go:190.17,192.12 2 0
github.com/ChainSafe/chainbridge-core/chains/evm/calls/evmclient/evm-client.go:202.91,206.16 3 1
github.com/ChainSafe/chainbridge-core/chains/evm/calls/evmclient/evm-client.go:210.2,210.17 1 1
github.com/ChainSafe/chainbridge-core/chains/evm/calls/evmclient/evm-client.go:206.16,208.3 1 1
github.com/ChainSafe/chainbridge-core/chains/evm/calls/evmclient/evm-client.go:213.164,215.2 1 0
github.com/ChainSafe/chainbridge-core/chains/evm/calls/evmclient/evm-client.go:218.78,220.2 1 0
github.com/ChainSafe/chainbridge-core/chains/evm/calls/evmclient/evm-client.go:222.126,225.16 3 0
github.com/ChainSafe/chainbridge-core/chains/evm/calls/evmclient/evm-client.go:228.2,228.17 1 0
github.com/ChainSafe/chainbridge-core/chains/evm/calls/evmclient/evm-client.go:225.16,227.3 1 0
github.com/ChainSafe/chainbridge-core/chains/evm/calls/evmclient/evm-client.go:231.119,233.16 2 0
github.com/ChainSafe/chainbridge-core/chains/evm/calls/evmclient/evm-client.go:236.2,236.12 1 0
github.com/ChainSafe/chainbridge-core/chains/evm/calls/evmclient/evm-client.go:233.16,235.3 1 0
github.com/ChainSafe/chainbridge-core/chains/evm/calls/evmclient/evm-client.go:239.111,242.16 3 0
github.com/ChainSafe/chainbridge-core/chains/evm/calls/evmclient/evm-client.go:245.2,245.17 1 0
github.com/ChainSafe/chainbridge-core/chains/evm/calls/evmclient/evm-client.go:242.16,244.3 1 0
github.com/ChainSafe/chainbridge-core/chains/evm/calls/evmclient/evm-client.go:248.43,250.2 1 0
github.com/ChainSafe/chainbridge-core/chains/evm/calls/evmclient/evm-client.go:252.108,254.16 2 0
github.com/ChainSafe/chainbridge-core/chains/evm/calls/evmclient/evm-client.go:259.2,260.16 2 0
github.com/ChainSafe/chainbridge-core/chains/evm/calls/evmclient/evm-client.go:263.2,264.16 2 0
github.com/ChainSafe/chainbridge-core/chains/evm/calls/evmclient/evm-client.go:267.2,267.23 1 0
github.com/ChainSafe/chainbridge-core/chains/evm/calls/evmclient/evm-client.go:254.16,258.3 1 0
github.com/ChainSafe/chainbridge-core/chains/evm/calls/evmclient/evm-client.go:260.16,262.3 1 0
github.com/ChainSafe/chainbridge-core/chains/evm/calls/evmclient/evm-client.go:264.16,266.3 1 0
github.com/ChainSafe/chainbridge-core/chains/evm/calls/evmclient/evm-client.go:270.53,272.2 1 0
github.com/ChainSafe/chainbridge-core/chains/evm/calls/evmclient/evm-client.go:274.33,276.2 1 0
github.com/ChainSafe/chainbridge-core/chains/evm/calls/evmclient/evm-client.go:278.35,280.2 1 0
github.com/ChainSafe/chainbridge-core/chains/evm/calls/evmclient/evm-client.go:282.53,284.27 2 0
github.com/ChainSafe/chainbridge-core/chains/evm/calls/evmclient/evm-client.go:296.2,296.17 1 0
github.com/ChainSafe/chainbridge-core/chains/evm/calls/evmclient/evm-client.go:284.27,285.21 1 0
github.com/ChainSafe/chainbridge-core/chains/evm/calls/evmclient/evm-client.go:294.3,294.22 1 0
github.com/ChainSafe/chainbridge-core/chains/evm/calls/evmclient/evm-client.go:285.21,287.18 2 0
github.com/ChainSafe/chainbridge-core/chains/evm/calls/evmclient/evm-client.go:291.4,292.23 2 0
github.com/ChainSafe/chainbridge-core/chains/evm/calls/evmclient/evm-client.go:287.18,289.13 2 0
github.com/ChainSafe/chainbridge-core/chains/evm/calls/evmclient/evm-client.go:299.49,301.16 2 0
github.com/ChainSafe/chainbridge-core/chains/evm/calls/evmclient/evm-client.go:304.2,305.12 2 0
github.com/ChainSafe/chainbridge-core/chains/evm/calls/evmclient/evm-client.go:301.16,303.3 1 0
github.com/ChainSafe/chainbridge-core/chains/evm/calls/evmclient/evm-client.go:308.49,310.16 2 0
github.com/ChainSafe/chainbridge-core/chains/evm/calls/evmclient/evm-client.go:313.2,313.26 1 0
github.com/ChainSafe/chainbridge-core/chains/evm/calls/evmclient/evm-client.go:310.16,312.3 1 0
github.com/ChainSafe/chainbridge-core/chains/evm/calls/evmclient/evm-client.go:316.44,317.19 1 0
github.com/ChainSafe/chainbridge-core/chains/evm/calls/evmclient/evm-client.go:320.2,320.34 1 0
github.com/ChainSafe/chainbridge-core/chains/evm/calls/evmclient/evm-client.go:317.19,319.3 1 0
github.com/ChainSafe/chainbridge-core/chains/evm/calls/evmclient/evm-client.go:324.115,334.2 2 0
github.com/ChainSafe/chainbridge-core/chains/evm/calls/evmgaspricer/gas-pricer.go:25.80,31.2 5 1
github.com/ChainSafe/chainbridge-core/chains/evm/calls/evmgaspricer/london.go:13.102,15.2 1 1
github.com/ChainSafe/chainbridge-core/chains/evm/calls/evmgaspricer/london.go:17.76,19.16 2 1
github.com/ChainSafe/chainbridge-core/chains/evm/calls/evmgaspricer/london.go:22.2,24.20 2 1
github.com/ChainSafe/chainbridge-core/chains/evm/calls/evmgaspricer/london.go:30.2,31.16 2 1
github.com/ChainSafe/chainbridge-core/chains/evm/calls/evmgaspricer/london.go:34.2,36.23 3 1
github.com/ChainSafe/chainbridge-core/chains/evm/calls/evmgaspricer/london.go:19.16,21.3 1 0
github.com/ChainSafe/chainbridge-core/chains/evm/calls/evmgaspricer/london.go:24.20,29.3 2 0
github.com/ChainSafe/chainbridge-core/chains/evm/calls/evmgaspricer/london.go:31.16,33.3 1 0
github.com/ChainSafe/chainbridge-core/chains/evm/calls/evmgaspricer/london.go:39.79,41.2 1 0
github.com/ChainSafe/chainbridge-core/chains/evm/calls/evmgaspricer/london.go:42.74,44.2 1 0
github.com/ChainSafe/chainbridge-core/chains/evm/calls/evmgaspricer/london.go:48.109,55.127 3 1
github.com/ChainSafe/chainbridge-core/chains/evm/calls/evmgaspricer/london.go:61.2,62.16 2 1
github.com/ChainSafe/chainbridge-core/chains/evm/calls/evmgaspricer/london.go:65.2,71.133 2 1
github.com/ChainSafe/chainbridge-core/chains/evm/calls/evmgaspricer/london.go:75.2,75.48 1 1
github.com/ChainSafe/chainbridge-core/chains/evm/calls/evmgaspricer/london.go:55.127,59.3 3 1
github.com/ChainSafe/chainbridge-core/chains/evm/calls/evmgaspricer/london.go:62.16,64.3 1 0
github.com/ChainSafe/chainbridge-core/chains/evm/calls/evmgaspricer/london.go:71.133,74.3 2 1
github.com/ChainSafe/chainbridge-core/chains/evm/calls/evmgaspricer/static.go:22.106,25.2 1 1
github.com/ChainSafe/chainbridge-core/chains/evm/calls/evmgaspricer/static.go:27.79,29.2 1 0
github.com/ChainSafe/chainbridge-core/chains/evm/calls/evmgaspricer/static.go:30.74,32.2 1 0
github.com/ChainSafe/chainbridge-core/chains/evm/calls/evmgaspricer/static.go:34.76,37.16 3 1
github.com/ChainSafe/chainbridge-core/chains/evm/calls/evmgaspricer/static.go:40.2,40.27 1 1
github.com/ChainSafe/chainbridge-core/chains/evm/calls/evmgaspricer/static.go:50.2,52.23 3 1
github.com/ChainSafe/chainbridge-core/chains/evm/calls/evmgaspricer/static.go:37.16,39.3 1 1
github.com/ChainSafe/chainbridge-core/chains/evm/calls/evmgaspricer/static.go:40.27,41.43 1 1
github.com/ChainSafe/chainbridge-core/chains/evm/calls/evmgaspricer/static.go:44.3,44.48 1 1
github.com/ChainSafe/chainbridge-core/chains/evm/calls/evmgaspricer/static.go:41.43,43.4 1 1
github.com/ChainSafe/chainbridge-core/chains/evm/calls/evmgaspricer/static.go:44.48,45.55 1 1
github.com/ChainSafe/chainbridge-core/chains/evm/calls/evmgaspricer/static.go:45.55,47.5 1 1
github.com/ChainSafe/chainbridge-core/chains/evm/calls/evmtransaction/evm-tx.go:22.89,24.16 2 1
github.com/ChainSafe/chainbridge-core/chains/evm/calls/evmtransaction/evm-tx.go:27.2,28.16 2 1
github.com/ChainSafe/chainbridge-core/chains/evm/calls/evmtransaction/evm-tx.go:31.2,34.16 3 1
github.com/ChainSafe/chainbridge-core/chains/evm/calls/evmtransaction/evm-tx.go:38.2,38.18 1 1
github.com/ChainSafe/chainbridge-core/chains/evm/calls/evmtransaction/evm-tx.go:24.16,26.3 1 0
github.com/ChainSafe/chainbridge-core/chains/evm/calls/evmtransaction/evm-tx.go:28.16,30.3 1 0
github.com/ChainSafe/chainbridge-core/chains/evm/calls/evmtransaction/evm-tx.go:34.16,36.3 1 0
github.com/ChainSafe/chainbridge-core/chains/evm/calls/evmtransaction/evm-tx.go:42.161,44.24 1 1
github.com/ChainSafe/chainbridge-core/chains/evm/calls/evmtransaction/evm-tx.go:44.24,46.3 1 1
github.com/ChainSafe/chainbridge-core/chains/evm/calls/evmtransaction/evm-tx.go:46.8,48.3 1 1
github.com/ChainSafe/chainbridge-core/chains/evm/calls/evmtransaction/evm-tx.go:51.156,62.2 2 1
github.com/ChainSafe/chainbridge-core/chains/evm/calls/evmtransaction/evm-tx.go:64.125,74.2 2 1
github.com/ChainSafe/chainbridge-core/chains/evm/calls/evmtransaction/evm-tx.go:76.33,78.2 1 0
github.com/ChainSafe/chainbridge-core/chains/evm/cli/logger/logger.go:19.61,24.16 3 1
github.com/ChainSafe/chainbridge-core/chains/evm/cli/logger/logger.go:28.2,29.42 2 1
github.com/ChainSafe/chainbridge-core/chains/evm/cli/logger/logger.go:35.2,39.16 2 1
github.com/ChainSafe/chainbridge-core/chains/evm/cli/logger/logger.go:44.2,46.77 3 1
github.com/ChainSafe/chainbridge-core/chains/evm/cli/logger/logger.go:24.16,26.3 1 0
github.com/ChainSafe/chainbridge-core/chains/evm/cli/logger/logger.go:29.42,30.32 1 1
github.com/ChainSafe/chainbridge-core/chains/evm/cli/logger/logger.go:30.32,32.4 1 1
github.com/ChainSafe/chainbridge-core/chains/evm/cli/logger/logger.go:39.16,41.3 1 0
github.com/ChainSafe/chainbridge-core/chains/evm/listener/event-handler.go:24.80,28.2 1 0
github.com/ChainSafe/chainbridge-core/chains/evm/listener/event-handler.go:30.173,32.16 2 0
github.com/ChainSafe/chainbridge-core/chains/evm/listener/event-handler.go:36.2,37.16 2 0
github.com/ChainSafe/chainbridge-core/chains/evm/listener/event-handler.go:41.2,41.92 1 0
github.com/ChainSafe/chainbridge-core/chains/evm/listener/event-handler.go:32.16,34.3 1 0
github.com/ChainSafe/chainbridge-core/chains/evm/listener/event-handler.go:37.16,39.3 1 0
github.com/ChainSafe/chainbridge-core/chains/evm/listener/event-handler.go:45.112,47.9 2 0
github.com/ChainSafe/chainbridge-core/chains/evm/listener/event-handler.go:50.2,50.16 1 0
github.com/ChainSafe/chainbridge-core/chains/evm/listener/event-handler.go:47.9,49.3 1 0
github.com/ChainSafe/chainbridge-core/chains/evm/listener/event-handler.go:54.97,55.26 1 0
github.com/ChainSafe/chainbridge-core/chains/evm/listener/event-handler.go:59.2,59.28 1 0
github.com/ChainSafe/chainbridge-core/chains/evm/listener/event-handler.go:63.2,65.64 2 0
github.com/ChainSafe/chainbridge-core/chains/evm/listener/event-handler.go:55.26,57.3 1 0
github.com/ChainSafe/chainbridge-core/chains/evm/listener/event-handler.go:59.28,61.3 1 0
github.com/ChainSafe/chainbridge-core/chains/evm/listener/event-handler.go:70.151,71.24 1 1
github.com/ChainSafe/chainbridge-core/chains/evm/listener/event-handler.go:78.2,98.8 3 1
github.com/ChainSafe/chainbridge-core/chains/evm/listener/event-handler.go:71.24,74.3 2 1
github.com/ChainSafe/chainbridge-core/chains/evm/listener/event-handler.go:102.153,103.24 1 1
github.com/ChainSafe/chainbridge-core/chains/evm/listener/event-handler.go:109.2,120.8 2 1
github.com/ChainSafe/chainbridge-core/chains/evm/listener/event-handler.go:103.24,106.3 2 1
github.com/ChainSafe/chainbridge-core/chains/evm/listener/event-handler.go:124.152,125.24 1 1
github.com/ChainSafe/chainbridge-core/chains/evm/listener/event-handler.go:131.2,146.42 6 1
github.com/ChainSafe/chainbridge-core/chains/evm/listener/event-handler.go:151.2,162.8 1 1
github.com/ChainSafe/chainbridge-core/chains/evm/listener/event-handler.go:125.24,128.3 2 1
github.com/ChainSafe/chainbridge-core/chains/evm/listener/event-handler.go:146.42,149.3 2 1
github.com/ChainSafe/chainbridge-core/chains/evm/listener/listener.go:40.111,42.2 1 0
github.com/ChainSafe/chainbridge-core/chains/evm/listener/listener.go:44.177,46.12 2 0
github.com/ChainSafe/chainbridge-core/chains/evm/listener/listener.go:101.2,101.11 1 0
github.com/ChainSafe/chainbridge-core/chains/evm/listener/listener.go:46.12,47.7 1 0
github.com/ChainSafe/chainbridge-core/chains/evm/listener/listener.go:47.7,48.11 1 0
github.com/ChainSafe/chainbridge-core/chains/evm/listener/listener.go:49.19,50.11 1 0
github.com/ChainSafe/chainbridge-core/chains/evm/listener/listener.go:51.12,53.19 2 0
github.com/ChainSafe/chainbridge-core/chains/evm/listener/listener.go:59.5,59.26 1 0
github.com/ChainSafe/chainbridge-core/chains/evm/listener/listener.go:64.5,64.66 1 0
github.com/ChainSafe/chainbridge-core/chains/evm/listener/listener.go:69.5,70.19 2 0
github.com/ChainSafe/chainbridge-core/chains/evm/listener/listener.go:76.5,76.35 1 0
github.com/ChainSafe/chainbridge-core/chains/evm/listener/listener.go:86.5,86.35 1 0
github.com/ChainSafe/chainbridge-core/chains/evm/listener/listener.go:92.5,93.19 2 0
github.com/ChainSafe/chainbridge-core/chains/evm/listener/listener.go:97.5,97.46 1 0
github.com/ChainSafe/chainbridge-core/chains/evm/listener/listener.go:53.19,56.14 3 0
github.com/ChainSafe/chainbridge-core/chains/evm/listener/listener.go:59.26,61.6 1 0
github.com/ChainSafe/chainbridge-core/chains/evm/listener/listener.go:64.66,66.14 2 0
github.com/ChainSafe/chainbridge-core/chains/evm/listener/listener.go:70.19,74.14 2 0
github.com/ChainSafe/chainbridge-core/chains/evm/listener/listener.go:76.35,79.20 3 0
github.com/ChainSafe/chainbridge-core/chains/evm/listener/listener.go:79.20,81.7 1 0
github.com/ChainSafe/chainbridge-core/chains/evm/listener/listener.go:81.12,84.7 2 0
github.com/ChainSafe/chainbridge-core/chains/evm/listener/listener.go:86.35,89.6 1 0
github.com/ChainSafe/chainbridge-core/chains/evm/listener/listener.go:93.19,95.6 1 0
github.com/ChainSafe/chainbridge-core/chains/evm/voter/message-handler.go:20.84,24.2 1 0
github.com/ChainSafe/chainbridge-core/chains/evm/voter/message-handler.go:31.92,34.16 2 0
github.com/ChainSafe/chainbridge-core/chains/evm/voter/message-handler.go:38.2,39.16 2 0
github.com/ChainSafe/chainbridge-core/chains/evm/voter/message-handler.go:42.2,44.16 3 0
github.com/ChainSafe/chainbridge-core/chains/evm/voter/message-handler.go:47.2,47.18 1 0
github.com/ChainSafe/chainbridge-core/chains/evm/voter/message-handler.go:34.16,36.3 1 0
github.com/ChainSafe/chainbridge-core/chains/evm/voter/message-handler.go:39.16,41.3 1 0
github.com/ChainSafe/chainbridge-core/chains/evm/voter/message-handler.go:44.16,46.3 1 0
github.com/ChainSafe/chainbridge-core/chains/evm/voter/message-handler.go:50.107,52.9 2 0
github.com/ChainSafe/chainbridge-core/chains/evm/voter/message-handler.go:55.2,55.15 1 0
github.com/ChainSafe/chainbridge-core/chains/evm/voter/message-handler.go:52.9,54.3 1 0
github.com/ChainSafe/chainbridge-core/chains/evm/voter/message-handler.go:59.97,60.19 1 0
github.com/ChainSafe/chainbridge-core/chains/evm/voter/message-handler.go:63.2,63.24 1 0
github.com/ChainSafe/chainbridge-core/chains/evm/voter/message-handler.go:67.2,69.53 2 0
github.com/ChainSafe/chainbridge-core/chains/evm/voter/message-handler.go:60.19,62.3 1 0
github.com/ChainSafe/chainbridge-core/chains/evm/voter/message-handler.go:63.24,65.3 1 0
github.com/ChainSafe/chainbridge-core/chains/evm/voter/message-handler.go:72.117,73.25 1 0
github.com/ChainSafe/chainbridge-core/chains/evm/voter/message-handler.go:76.2,77.9 2 0
github.com/ChainSafe/chainbridge-core/chains/evm/voter/message-handler.go:80.2,81.9 2 0
github.com/ChainSafe/chainbridge-core/chains/evm/voter/message-handler.go:84.2,89.108 6 0
github.com/ChainSafe/chainbridge-core/chains/evm/voter/message-handler.go:73.25,75.3 1 0
github.com/ChainSafe/chainbridge-core/chains/evm/voter/message-handler.go:77.9,79.3 1 0
github.com/ChainSafe/chainbridge-core/chains/evm/voter/message-handler.go:81.9,83.3 1 0
github.com/ChainSafe/chainbridge-core/chains/evm/voter/message-handler.go:92.120,93.27 1 0
github.com/ChainSafe/chainbridge-core/chains/evm/voter/message-handler.go:96.2,97.9 2 0
github.com/ChainSafe/chainbridge-core/chains/evm/voter/message-handler.go:100.2,101.9 2 0
github.com/ChainSafe/chainbridge-core/chains/evm/voter/message-handler.go:104.2,105.9 2 0
github.com/ChainSafe/chainbridge-core/chains/evm/voter/message-handler.go:108.2,116.122 9 0
github.com/ChainSafe/chainbridge-core/chains/evm/voter/message-handler.go:93.27,95.3 1 0
github.com/ChainSafe/chainbridge-core/chains/evm/voter/message-handler.go:97.9,99.3 1 0
github.com/ChainSafe/chainbridge-core/chains/evm/voter/message-handler.go:101.9,103.3 1 0
github.com/ChainSafe/chainbridge-core/chains/evm/voter/message-handler.go:105.9,107.3 1 0
github.com/ChainSafe/chainbridge-core/chains/evm/voter/message-handler.go:119.121,120.27 1 0
github.com/ChainSafe/chainbridge-core/chains/evm/voter/message-handler.go:123.2,124.9 2 0
github.com/ChainSafe/chainbridge-core/chains/evm/voter/message-handler.go:127.2,131.122 5 0
github.com/ChainSafe/chainbridge-core/chains/evm/voter/message-handler.go:120.27,122.3 1 0
github.com/ChainSafe/chainbridge-core/chains/evm/voter/message-handler.go:124.9,126.3 1 0
github.com/ChainSafe/chainbridge-core/chains/evm/voter/voter.go:70.120,80.16 4 0
github.com/ChainSafe/chainbridge-core/chains/evm/voter/voter.go:83.2,85.19 2 0
github.com/ChainSafe/chainbridge-core/chains/evm/voter/voter.go:80.16,82.3 1 0
github.com/ChainSafe/chainbridge-core/chains/evm/voter/voter.go:93.95,100.2 1 1
github.com/ChainSafe/chainbridge-core/chains/evm/voter/voter.go:104.59,106.16 2 1
github.com/ChainSafe/chainbridge-core/chains/evm/voter/voter.go:110.2,111.16 2 1
github.com/ChainSafe/chainbridge-core/chains/evm/voter/voter.go:114.2,114.23 1 1
github.com/ChainSafe/chainbridge-core/chains/evm/voter/voter.go:118.2,119.16 2 1
github.com/ChainSafe/chainbridge-core/chains/evm/voter/voter.go:124.2,124.17 1 1
github.com/ChainSafe/chainbridge-core/chains/evm/voter/voter.go:128.2,129.16 2 1
github.com/ChainSafe/chainbridge-core/chains/evm/voter/voter.go:134.2,135.16 2 1
github.com/ChainSafe/chainbridge-core/chains/evm/voter/voter.go:139.2,140.12 2 1
github.com/ChainSafe/chainbridge-core/chains/evm/voter/voter.go:106.16,108.3 1 1
github.com/ChainSafe/chainbridge-core/chains/evm/voter/voter.go:111.16,113.3 1 1
github.com/ChainSafe/chainbridge-core/chains/evm/voter/voter.go:114.23,116.3 1 1
github.com/ChainSafe/chainbridge-core/chains/evm/voter/voter.go:119.16,122.3 2 1
github.com/ChainSafe/chainbridge-core/chains/evm/voter/voter.go:124.17,127.3 2 1
github.com/ChainSafe/chainbridge-core/chains/evm/voter/voter.go:129.16,132.3 2 1
github.com/ChainSafe/chainbridge-core/chains/evm/voter/voter.go:135.16,137.3 1 0
github.com/ChainSafe/chainbridge-core/chains/evm/voter/voter.go:147.92,156.16 5 1
github.com/ChainSafe/chainbridge-core/chains/evm/voter/voter.go:160.2,160.96 1 1
github.com/ChainSafe/chainbridge-core/chains/evm/voter/voter.go:164.2,165.16 2 1
github.com/ChainSafe/chainbridge-core/chains/evm/voter/voter.go:169.2,169.97 1 1
github.com/ChainSafe/chainbridge-core/chains/evm/voter/voter.go:176.2,176.18 1 1
github.com/ChainSafe/chainbridge-core/chains/evm/voter/voter.go:156.16,158.3 1 1
github.com/ChainSafe/chainbridge-core/chains/evm/voter/voter.go:160.96,162.3 1 1
github.com/ChainSafe/chainbridge-core/chains/evm/voter/voter.go:165.16,167.3 1 1
github.com/ChainSafe/chainbridge-core/chains/evm/voter/voter.go:169.97,174.3 2 0
github.com/ChainSafe/chainbridge-core/chains/evm/voter/voter.go:180.85,182.16 2 1
github.com/ChainSafe/chainbridge-core/chains/evm/voter/voter.go:182.16,183.36 1 1
github.com/ChainSafe/chainbridge-core/chains/evm/voter/voter.go:187.3,187.13 1 1
github.com/ChainSafe/chainbridge-core/chains/evm/voter/voter.go:183.36,186.4 2 1
github.com/ChainSafe/chainbridge-core/chains/evm/voter/voter.go:188.8,190.3 1 1
github.com/ChainSafe/chainbridge-core/chains/evm/voter/voter.go:196.67,197.22 1 0
github.com/ChainSafe/chainbridge-core/chains/evm/voter/voter.go:197.22,199.17 2 0
github.com/ChainSafe/chainbridge-core/chains/evm/voter/voter.go:204.3,205.17 2 0
github.com/ChainSafe/chainbridge-core/chains/evm/voter/voter.go:210.3,210.29 1 0
github.com/ChainSafe/chainbridge-core/chains/evm/voter/voter.go:214.3,215.17 2 0
github.com/ChainSafe/chainbridge-core/chains/evm/voter/voter.go:219.3,220.17 2 0
github.com/ChainSafe/chainbridge-core/chains/evm/voter/voter.go:225.3,225.31 1 0
github.com/ChainSafe/chainbridge-core/chains/evm/voter/voter.go:199.17,201.12 2 0
github.com/ChainSafe/chainbridge-core/chains/evm/voter/voter.go:205.17,207.12 2 0
github.com/ChainSafe/chainbridge-core/chains/evm/voter/voter.go:210.29,211.12 1 0
github.com/ChainSafe/chainbridge-core/chains/evm/voter/voter.go:215.17,216.12 1 0
github.com/ChainSafe/chainbridge-core/chains/evm/voter/voter.go:220.17,222.12 2 0
github.com/ChainSafe/chainbridge-core/chains/evm/voter/voter.go:225.31,234.4 4 0
github.com/ChainSafe/chainbridge-core/chains/evm/voter/voter.go:240.84,244.16 3 0
github.com/ChainSafe/chainbridge-core/chains/evm/voter/voter.go:248.2,248.34 1 0
github.com/ChainSafe/chainbridge-core/chains/evm/voter/voter.go:244.16,246.3 1 0
github.com/ChainSafe/chainbridge-core/chains/substrate/listener/handlers.go:11.90,13.9 2 0
github.com/ChainSafe/chainbridge-core/chains/substrate/listener/handlers.go:17.2,26.8 1 0
github.com/ChainSafe/chainbridge-core/chains/substrate/listener/handlers.go:13.9,15.3 1 0
github.com/ChainSafe/chainbridge-core/chains/substrate/listener/handlers.go:29.93,31.9 2 0
github.com/ChainSafe/chainbridge-core/chains/substrate/listener/handlers.go:35.2,45.8 1 0
github.com/ChainSafe/chainbridge-core/chains/substrate/listener/handlers.go:31.9,33.3 1 0
github.com/ChainSafe/chainbridge-core/chains/substrate/listener/handlers.go:48.89,50.9 2 0
github.com/ChainSafe/chainbridge-core/chains/substrate/listener/handlers.go:53.2,61.8 1 0
github.com/ChainSafe/chainbridge-core/chains/substrate/listener/handlers.go:50.9,52.3 1 0
github.com/ChainSafe/chainbridge-core/chains/substrate/listener/listener.go:30.70,34.2 1 0
github.com/ChainSafe/chainbridge-core/chains/substrate/listener/listener.go:41.97,42.28 1 0
github.com/ChainSafe/chainbridge-core/chains/substrate/listener/listener.go:45.2,45.31 1 0
github.com/ChainSafe/chainbridge-core/chains/substrate/listener/listener.go:42.28,44.3 1 0
github.com/ChainSafe/chainbridge-core/chains/substrate/listener/listener.go:48.183,50.12 2 0
github.com/ChainSafe/chainbridge-core/chains/substrate/listener/listener.go:107.2,107.11 1 0
github.com/ChainSafe/chainbridge-core/chains/substrate/listener/listener.go:50.12,51.7 1 0
github.com/ChainSafe/chainbridge-core/chains/substrate/listener/listener.go:51.7,52.11 1 0
github.com/ChainSafe/chainbridge-core/chains/substrate/listener/listener.go:53.19,54.11 1 0
github.com/ChainSafe/chainbridge-core/chains/substrate/listener/listener.go:55.12,58.19 2 0
github.com/ChainSafe/chainbridge-core/chains/substrate/listener/listener.go:64.5,64.26 1 0
github.com/ChainSafe/chainbridge-core/chains/substrate/listener/listener.go:68.5,68.85 1 0
github.com/ChainSafe/chainbridge-core/chains/substrate/listener/listener.go:72.5,73.62 2 0
github.com/ChainSafe/chainbridge-core/chains/substrate/listener/listener.go:81.5,83.19 3 0
github.com/ChainSafe/chainbridge-core/chains/substrate/listener/listener.go:87.5,88.19 2 0
github.com/ChainSafe/chainbridge-core/chains/substrate/listener/listener.go:91.5,91.27 1 0
github.com/ChainSafe/chainbridge-core/chains/substrate/listener/listener.go:95.5,95.35 1 0
github.com/ChainSafe/chainbridge-core/chains/substrate/listener/listener.go:99.5,100.19 2 0
github.com/ChainSafe/chainbridge-core/chains/substrate/listener/listener.go:103.5,103.46 1 0
github.com/ChainSafe/chainbridge-core/chains/substrate/listener/listener.go:58.19,61.14 3 0
github.com/ChainSafe/chainbridge-core/chains/substrate/listener/listener.go:64.26,66.6 1 0
github.com/ChainSafe/chainbridge-core/chains/substrate/listener/listener.go:68.85,70.14 2 0
github.com/ChainSafe/chainbridge-core/chains/substrate/listener/listener.go:73.62,75.14 2 0
github.com/ChainSafe/chainbridge-core/chains/substrate/listener/listener.go:76.11,76.26 1 0
github.com/ChainSafe/chainbridge-core/chains/substrate/listener/listener.go:76.26,79.14 3 0
github.com/ChainSafe/chainbridge-core/chains/substrate/listener/listener.go:83.19,85.14 2 0
github.com/ChainSafe/chainbridge-core/chains/substrate/listener/listener.go:88.19,90.6 1 0
github.com/ChainSafe/chainbridge-core/chains/substrate/listener/listener.go:91.27,94.6 2 0
github.com/ChainSafe/chainbridge-core/chains/substrate/listener/listener.go:95.35,98.6 1 0
github.com/ChainSafe/chainbridge-core/chains/substrate/listener/listener.go:100.19,102.6 1 0
github.com/ChainSafe/chainbridge-core/chains/substrate/listener/listener.go:111.110,113.54 2 0
github.com/ChainSafe/chainbridge-core/chains/substrate/listener/listener.go:122.2,122.57 1 0
github.com/ChainSafe/chainbridge-core/chains/substrate/listener/listener.go:132.2,132.53 1 0
github.com/ChainSafe/chainbridge-core/chains/substrate/listener/listener.go:141.2,141.38 1 0
github.com/ChainSafe/chainbridge-core/chains/substrate/listener/listener.go:148.2,148.18 1 0
github.com/ChainSafe/chainbridge-core/chains/substrate/listener/listener.go:113.54,114.57 1 0
github.com/ChainSafe/chainbridge-core/chains/substrate/listener/listener.go:114.57,116.18 2 0
github.com/ChainSafe/chainbridge-core/chains/substrate/listener/listener.go:119.4,119.26 1 0
github.com/ChainSafe/chainbridge-core/chains/substrate/listener/listener.go:116.18,118.5 1 0
github.com/ChainSafe/chainbridge-core/chains/substrate/listener/listener.go:122.57,123.60 1 0
github.com/ChainSafe/chainbridge-core/chains/substrate/listener/listener.go:123.60,125.18 2 0
github.com/ChainSafe/chainbridge-core/chains/substrate/listener/listener.go:128.4,128.26 1 0
github.com/ChainSafe/chainbridge-core/chains/substrate/listener/listener.go:125.18,127.5 1 0
github.com/ChainSafe/chainbridge-core/chains/substrate/listener/listener.go:132.53,133.56 1 0
github.com/ChainSafe/chainbridge-core/chains/substrate/listener/listener.go:133.56,135.18 2 0
github.com/ChainSafe/chainbridge-core/chains/substrate/listener/listener.go:138.4,138.26 1 0
github.com/ChainSafe/chainbridge-core/chains/substrate/listener/listener.go:135.18,137.5 1 0
github.com/ChainSafe/chainbridge-core/chains/substrate/listener/listener.go:141.38,143.17 2 0
github.com/ChainSafe/chainbridge-core/chains/substrate/listener/listener.go:143.17,146.4 2 0
github.com/ChainSafe/chainbridge-core/config/config.go:22.45,30.16 6 1
github.com/ChainSafe/chainbridge-core/config/config.go:34.2,35.16 2 1
github.com/ChainSafe/chainbridge-core/config/config.go:39.2,40.16 2 1
github.com/ChainSafe/chainbridge-core/config/config.go:43.2,43.47 1 1
github.com/ChainSafe/chainbridge-core/config/config.go:49.2,52.20 3 1
github.com/ChainSafe/chainbridge-core/config/config.go:30.16,32.3 1 1
github.com/ChainSafe/chainbridge-core/config/config.go:35.16,37.3 1 0
github.com/ChainSafe/chainbridge-core/config/config.go:40.16,42.3 1 1
github.com/ChainSafe/chainbridge-core/config/config.go:43.47,44.50 1 1
github.com/ChainSafe/chainbridge-core/config/config.go:44.50,46.4 1 1
github.com/ChainSafe/chainbridge-core/config/chain/config.go:23.47,25.17 1 1
github.com/ChainSafe/chainbridge-core/config/chain/config.go:28.2,28.22 1 1
github.com/ChainSafe/chainbridge-core/config/chain/config.go:31.2,31.18 1 1
github.com/ChainSafe/chainbridge-core/config/chain/config.go:34.2,34.18 1 1
github.com/ChainSafe/chainbridge-core/config/chain/config.go:37.2,37.12 1 1
github.com/ChainSafe/chainbridge-core/config/chain/config.go:25.17,27.3 1 1
github.com/ChainSafe/chainbridge-core/config/chain/config.go:28.22,30.3 1 1
github.com/ChainSafe/chainbridge-core/config/chain/config.go:31.18,33.3 1 1
github.com/ChainSafe/chainbridge-core/config/chain/config.go:34.18,36.3 1 1
github.com/ChainSafe/chainbridge-core/config/chain/config.go:40.43,41.64 1 1
github.com/ChainSafe/chainbridge-core/config/chain/config.go:47.2,49.58 3 1
github.com/ChainSafe/chainbridge-core/config/chain/config.go:41.64,44.3 2 0
github.com/ChainSafe/chainbridge-core/config/chain/config.go:44.8,46.3 1 1
github.com/ChainSafe/chainbridge-core/config/chain/evm.go:37.41,38.56 1 1
github.com/ChainSafe/chainbridge-core/config/chain/evm.go:41.2,41.20 1 1
github.com/ChainSafe/chainbridge-core/config/chain/evm.go:44.2,44.12 1 1
github.com/ChainSafe/chainbridge-core/config/chain/evm.go:38.56,40.3 1 1
github.com/ChainSafe/chainbridge-core/config/chain/evm.go:41.20,43.3 1 1
github.com/ChainSafe/chainbridge-core/config/chain/evm.go:49.75,52.16 3 1
github.com/ChainSafe/chainbridge-core/config/chain/evm.go:56.2,57.16 2 1
github.com/ChainSafe/chainbridge-core/config/chain/evm.go:61.2,75.21 3 1
github.com/ChainSafe/chainbridge-core/config/chain/evm.go:79.2,79.24 1 1
github.com/ChainSafe/chainbridge-core/config/chain/evm.go:83.2,83.26 1 1
github.com/ChainSafe/chainbridge-core/config/chain/evm.go:87.2,87.31 1 1
github.com/ChainSafe/chainbridge-core/config/chain/evm.go:91.2,91.20 1 1
github.com/ChainSafe/chainbridge-core/config/chain/evm.go:52.16,54.3 1 1
github.com/ChainSafe/chainbridge-core/config/chain/evm.go:57.16,59.3 1 1
github.com/ChainSafe/chainbridge-core/config/chain/evm.go:75.21,77.3 1 1
github.com/ChainSafe/chainbridge-core/config/chain/evm.go:79.24,81.3 1 1
github.com/ChainSafe/chainbridge-core/config/chain/evm.go:83.26,85.3 1 1
github.com/ChainSafe/chainbridge-core/config/chain/evm.go:87.31,89.3 1 1
github.com/ChainSafe/chainbridge-core/config/chain/substrate.go:21.87,24.16 3 1
github.com/ChainSafe/chainbridge-core/config/chain/substrate.go:28.2,29.16 2 1
github.com/ChainSafe/chainbridge-core/config/chain/substrate.go:33.2,40.20 3 1
github.com/ChainSafe/chainbridge-core/config/chain/substrate.go:24.16,26.3 1 1
github.com/ChainSafe/chainbridge-core/config/chain/substrate.go:29.16,31.3 1 1
github.com/ChainSafe/chainbridge-core/crypto/secp256k1/secp256k1.go:22.62,24.16 2 0
github.com/ChainSafe/chainbridge-core/crypto/secp256k1/secp256k1.go:28.2,31.8 1 0
github.com/ChainSafe/chainbridge-core/crypto/secp256k1/secp256k1.go:24.16,26.3 1 0
github.com/ChainSafe/chainbridge-core/crypto/secp256k1/secp256k1.go:36.58,38.16 2 0
github.com/ChainSafe/chainbridge-core/crypto/secp256k1/secp256k1.go:42.2,45.8 1 0
github.com/ChainSafe/chainbridge-core/crypto/secp256k1/secp256k1.go:38.16,40.3 1 0
github.com/ChainSafe/chainbridge-core/crypto/secp256k1/secp256k1.go:48.47,55.2 2 1
github.com/ChainSafe/chainbridge-core/crypto/secp256k1/secp256k1.go:57.42,59.16 2 1
github.com/ChainSafe/chainbridge-core/crypto/secp256k1/secp256k1.go:63.2,63.31 1 1
github.com/ChainSafe/chainbridge-core/crypto/secp256k1/secp256k1.go:59.16,61.3 1 0
github.com/ChainSafe/chainbridge-core/crypto/secp256k1/secp256k1.go:67.36,69.2 1 1
github.com/ChainSafe/chainbridge-core/crypto/secp256k1/secp256k1.go:72.44,74.16 2 1
github.com/ChainSafe/chainbridge-core/crypto/secp256k1/secp256k1.go:78.2,81.12 3 1
github.com/ChainSafe/chainbridge-core/crypto/secp256k1/secp256k1.go:74.16,76.3 1 0
github.com/ChainSafe/chainbridge-core/crypto/secp256k1/secp256k1.go:85.37,87.2 1 1
github.com/ChainSafe/chainbridge-core/crypto/secp256k1/secp256k1.go:90.51,92.2 1 0
github.com/ChainSafe/chainbridge-core/crypto/secp256k1/secp256k1.go:95.39,97.2 1 1
github.com/ChainSafe/chainbridge-core/crypto/secp256k1/secp256k1.go:100.51,102.2 1 0
github.com/ChainSafe/chainbridge-core/crypto/sr25519/sr25519.go:18.56,21.16 3 0
github.com/ChainSafe/chainbridge-core/crypto/sr25519/sr25519.go:24.2,24.63 1 0
github.com/ChainSafe/chainbridge-core/crypto/sr25519/sr25519.go:21.16,23.3 1 0
github.com/ChainSafe/chainbridge-core/crypto/sr25519/sr25519.go:27.65,30.2 2 1
github.com/ChainSafe/chainbridge-core/crypto/sr25519/sr25519.go:32.61,34.2 1 0
github.com/ChainSafe/chainbridge-core/crypto/sr25519/sr25519.go:37.59,39.2 1 1
github.com/ChainSafe/chainbridge-core/crypto/sr25519/sr25519.go:42.36,45.2 2 1
github.com/ChainSafe/chainbridge-core/crypto/sr25519/sr25519.go:48.44,51.2 2 1
github.com/ChainSafe/chainbridge-core/crypto/sr25519/sr25519.go:54.37,56.2 1 1
github.com/ChainSafe/chainbridge-core/crypto/sr25519/sr25519.go:59.39,61.2 1 1
github.com/ChainSafe/chainbridge-core/keystore/keystore.go:44.94,45.14 1 0
github.com/ChainSafe/chainbridge-core/keystore/keystore.go:48.2,50.49 2 0
github.com/ChainSafe/chainbridge-core/keystore/keystore.go:54.2,55.54 2 0
github.com/ChainSafe/chainbridge-core/keystore/keystore.go:61.2,62.16 2 0
github.com/ChainSafe/chainbridge-core/keystore/keystore.go:66.2,66.16 1 0
github.com/ChainSafe/chainbridge-core/keystore/keystore.go:45.14,47.3 1 0
github.com/ChainSafe/chainbridge-core/keystore/keystore.go:50.49,52.3 1 0
github.com/ChainSafe/chainbridge-core/keystore/keystore.go:55.54,57.3 1 0
github.com/ChainSafe/chainbridge-core/keystore/keystore.go:57.8,59.3 1 0
github.com/ChainSafe/chainbridge-core/keystore/keystore.go:62.16,64.3 1 0
github.com/ChainSafe/chainbridge-core/keystore/decrypt.go:19.53,21.16 2 1
github.com/ChainSafe/chainbridge-core/keystore/decrypt.go:25.2,28.16 4 1
github.com/ChainSafe/chainbridge-core/keystore/decrypt.go:35.2,35.23 1 1
github.com/ChainSafe/chainbridge-core/keystore/decrypt.go:21.16,23.3 1 0
github.com/ChainSafe/chainbridge-core/keystore/decrypt.go:28.16,29.61 1 0
github.com/ChainSafe/chainbridge-core/keystore/decrypt.go:32.3,32.18 1 0
github.com/ChainSafe/chainbridge-core/keystore/decrypt.go:29.61,31.4 1 0
github.com/ChainSafe/chainbridge-core/keystore/decrypt.go:39.86,40.37 1 1
github.com/ChainSafe/chainbridge-core/keystore/decrypt.go:50.2,50.16 1 1
github.com/ChainSafe/chainbridge-core/keystore/decrypt.go:40.37,43.3 2 1
github.com/ChainSafe/chainbridge-core/keystore/decrypt.go:43.8,43.42 1 1
github.com/ChainSafe/chainbridge-core/keystore/decrypt.go:43.42,46.3 2 1
github.com/ChainSafe/chainbridge-core/keystore/decrypt.go:46.8,48.3 1 0
github.com/ChainSafe/chainbridge-core/keystore/decrypt.go:55.105,57.16 2 1
github.com/ChainSafe/chainbridge-core/keystore/decrypt.go:60.2,61.16 2 1
github.com/ChainSafe/chainbridge-core/keystore/decrypt.go:66.2,66.36 1 1
github.com/ChainSafe/chainbridge-core/keystore/decrypt.go:69.2,69.16 1 1
github.com/ChainSafe/chainbridge-core/keystore/decrypt.go:57.16,59.3 1 0
github.com/ChainSafe/chainbridge-core/keystore/decrypt.go:61.16,63.3 1 0
github.com/ChainSafe/chainbridge-core/keystore/decrypt.go:66.36,68.3 1 0
github.com/ChainSafe/chainbridge-core/keystore/decrypt.go:73.103,75.16 2 1
github.com/ChainSafe/chainbridge-core/keystore/decrypt.go:79.2,80.16 2 1
github.com/ChainSafe/chainbridge-core/keystore/decrypt.go:84.2,86.16 3 1
github.com/ChainSafe/chainbridge-core/keystore/decrypt.go:90.2,90.29 1 1
github.com/ChainSafe/chainbridge-core/keystore/decrypt.go:94.2,94.86 1 1
github.com/ChainSafe/chainbridge-core/keystore/decrypt.go:75.16,77.3 1 0
github.com/ChainSafe/chainbridge-core/keystore/decrypt.go:80.16,82.3 1 0
github.com/ChainSafe/chainbridge-core/keystore/decrypt.go:86.16,88.3 1 0
github.com/ChainSafe/chainbridge-core/keystore/decrypt.go:90.29,92.3 1 1
github.com/ChainSafe/chainbridge-core/keystore/encrypt.go:32.62,36.16 3 1
github.com/ChainSafe/chainbridge-core/keystore/encrypt.go:40.2,41.16 2 1
github.com/ChainSafe/chainbridge-core/keystore/encrypt.go:45.2,45.17 1 1
github.com/ChainSafe/chainbridge-core/keystore/encrypt.go:36.16,38.3 1 0
github.com/ChainSafe/chainbridge-core/keystore/encrypt.go:41.16,43.3 1 0
github.com/ChainSafe/chainbridge-core/keystore/encrypt.go:49.52,51.16 2 1
github.com/ChainSafe/chainbridge-core/keystore/encrypt.go:55.2,56.58 2 1
github.com/ChainSafe/chainbridge-core/keystore/encrypt.go:60.2,61.24 2 1
github.com/ChainSafe/chainbridge-core/keystore/encrypt.go:51.16,53.3 1 0
github.com/ChainSafe/chainbridge-core/keystore/encrypt.go:56.58,58.3 1 0
github.com/ChainSafe/chainbridge-core/keystore/encrypt.go:66.73,68.2 1 1
github.com/ChainSafe/chainbridge-core/keystore/encrypt.go:71.85,73.16 2 1
github.com/ChainSafe/chainbridge-core/keystore/encrypt.go:77.2,79.40 2 1
github.com/ChainSafe/chainbridge-core/keystore/encrypt.go:83.2,83.42 1 1
github.com/ChainSafe/chainbridge-core/keystore/encrypt.go:87.2,87.19 1 1
github.com/ChainSafe/chainbridge-core/keystore/encrypt.go:91.2,99.16 3 1
github.com/ChainSafe/chainbridge-core/keystore/encrypt.go:103.2,104.12 2 1
github.com/ChainSafe/chainbridge-core/keystore/encrypt.go:73.16,75.3 1 0
github.com/ChainSafe/chainbridge-core/keystore/encrypt.go:79.40,81.3 1 1
github.com/ChainSafe/chainbridge-core/keystore/encrypt.go:83.42,85.3 1 1
github.com/ChainSafe/chainbridge-core/keystore/encrypt.go:87.19,89.3 1 0
github.com/ChainSafe/chainbridge-core/keystore/encrypt.go:99.16,101.3 1 0
github.com/ChainSafe/chainbridge-core/keystore/encrypt.go:108.37,109.6 1 0
github.com/ChainSafe/chainbridge-core/keystore/encrypt.go:109.6,113.17 4 0
github.com/ChainSafe/chainbridge-core/keystore/encrypt.go:113.17,115.4 1 0
github.com/ChainSafe/chainbridge-core/keystore/encrypt.go:115.9,118.4 2 0
github.com/ChainSafe/chainbridge-core/keystore/keyring.go:69.13,81.2 1 1
github.com/ChainSafe/chainbridge-core/keystore/keyring.go:83.50,85.27 2 1
github.com/ChainSafe/chainbridge-core/keystore/keyring.go:94.2,94.13 1 1
github.com/ChainSafe/chainbridge-core/keystore/keyring.go:85.27,88.17 3 1
github.com/ChainSafe/chainbridge-core/keystore/keyring.go:91.3,91.17 1 1
github.com/ChainSafe/chainbridge-core/keystore/keyring.go:88.17,89.14 1 0
github.com/ChainSafe/chainbridge-core/keystore/keyring.go:98.56,101.2 2 1
github.com/ChainSafe/chainbridge-core/keystore/keyring.go:104.87,108.27 3 1
github.com/ChainSafe/chainbridge-core/keystore/keyring.go:116.2,116.9 1 1
github.com/ChainSafe/chainbridge-core/keystore/keyring.go:120.2,120.16 1 1
github.com/ChainSafe/chainbridge-core/keystore/keyring.go:108.27,110.3 1 1
github.com/ChainSafe/chainbridge-core/keystore/keyring.go:110.8,110.34 1 1
github.com/ChainSafe/chainbridge-core/keystore/keyring.go:110.34,112.3 1 1
github.com/ChainSafe/chainbridge-core/keystore/keyring.go:112.8,114.3 1 0
github.com/ChainSafe/chainbridge-core/keystore/keyring.go:116.9,118.3 1 0
github.com/ChainSafe/chainbridge-core/relayer/relayer.go:23.113,25.2 1 1
github.com/ChainSafe/chainbridge-core/relayer/relayer.go:36.66,40.36 3 0
github.com/ChainSafe/chainbridge-core/relayer/relayer.go:46.2,46.6 1 0
github.com/ChainSafe/chainbridge-core/relayer/relayer.go:40.36,44.3 3 0
github.com/ChainSafe/chainbridge-core/relayer/relayer.go:46.6,47.10 1 0
github.com/ChainSafe/chainbridge-core/relayer/relayer.go:48.31,50.12 2 0
github.com/ChainSafe/chainbridge-core/relayer/relayer.go:51.15,52.10 1 0
github.com/ChainSafe/chainbridge-core/relayer/relayer.go:58.45,62.9 3 1
github.com/ChainSafe/chainbridge-core/relayer/relayer.go:67.2,67.41 1 1
github.com/ChainSafe/chainbridge-core/relayer/relayer.go:74.2,76.43 2 1
github.com/ChainSafe/chainbridge-core/relayer/relayer.go:62.9,65.3 2 1
github.com/ChainSafe/chainbridge-core/relayer/relayer.go:67.41,68.31 1 1
github.com/ChainSafe/chainbridge-core/relayer/relayer.go:68.31,71.4 2 1
github.com/ChainSafe/chainbridge-core/relayer/relayer.go:76.43,79.3 2 1
github.com/ChainSafe/chainbridge-core/relayer/relayer.go:82.51,83.23 1 1
github.com/ChainSafe/chainbridge-core/relayer/relayer.go:86.2,87.26 2 1
github.com/ChainSafe/chainbridge-core/relayer/relayer.go:83.23,85.3 1 1
github.com/ChainSafe/chainbridge-core/relayer/message/message.go:51.63,62.9 3 1
github.com/ChainSafe/chainbridge-core/relayer/message/message.go:69.2,71.32 2 1
github.com/ChainSafe/chainbridge-core/relayer/message/message.go:62.9,65.3 2 0
github.com/ChainSafe/chainbridge-core/relayer/message/message_processors.go:14.89,15.32 1 1
github.com/ChainSafe/chainbridge-core/relayer/message/message_processors.go:15.32,16.21 1 1
github.com/ChainSafe/chainbridge-core/relayer/message/message_processors.go:19.3,20.10 2 1
github.com/ChainSafe/chainbridge-core/relayer/message/message_processors.go:23.3,24.10 2 1
github.com/ChainSafe/chainbridge-core/relayer/message/message_processors.go:27.3,28.10 2 1
github.com/ChainSafe/chainbridge-core/relayer/message/message_processors.go:31.3,32.10 2 1
github.com/ChainSafe/chainbridge-core/relayer/message/message_processors.go:35.3,36.34 2 1
github.com/ChainSafe/chainbridge-core/relayer/message/message_processors.go:44.3,44.34 1 1
github.com/ChainSafe/chainbridge-core/relayer/message/message_processors.go:51.3,51.13 1 1
github.com/ChainSafe/chainbridge-core/relayer/message/message_processors.go:16.21,18.4 1 0
github.com/ChainSafe/chainbridge-core/relayer/message/message_processors.go:20.10,22.4 1 0
github.com/ChainSafe/chainbridge-core/relayer/message/message_processors.go:24.10,26.4 1 0
github.com/ChainSafe/chainbridge-core/relayer/message/message_processors.go:28.10,30.4 1 0
github.com/ChainSafe/chainbridge-core/relayer/message/message_processors.go:32.10,34.4 1 0
github.com/ChainSafe/chainbridge-core/relayer/message/message_processors.go:36.34,43.4 6 1
github.com/ChainSafe/chainbridge-core/relayer/message/message_processors.go:44.34,50.4 5 1
